homo_mat{1}=[1.006226, 0.002199, -12.910710; 0.000618, 1.006457, -4.190189; 0.000003, 0.000001, 1.000000]; 
homo_mat{2}=[1.002679, 0.009523, -10.136758; 0.000268, 1.001850, -1.316413; 0.000001, 0.000001, 1.000000]; 
homo_mat{3}=[0.987268, 0.007823, 20.503927; -0.002449, 0.995890, -0.492106; -0.000007, 0.000000, 1.000000]; 
homo_mat{4}=[0.995003, -0.010528, 18.137239; -0.000754, 0.998535, 5.896235; -0.000002, -0.000002, 1.000000]; 
homo_mat{5}=[0.998498, 0.000861, 1.572264; 0.000387, 1.000214, 3.259794; -0.000001, -0.000000, 1.000000]; 
homo_mat{6}=[0.998229, -0.003538, 5.787241; 0.001238, 0.995360, 4.627264; -0.000000, -0.000000, 1.000000]; 
homo_mat{7}=[1.009389, -0.015266, -10.010290; 0.002541, 1.004658, 1.884596; 0.000006, -0.000002, 1.000000]; 
homo_mat{8}=[1.007177, 0.002336, -16.969690; 0.000654, 1.001230, 3.110797; 0.000004, -0.000001, 1.000000]; 
homo_mat{9}=[1.002315, 0.010880, -12.579595; -0.000705, 0.999714, 2.691902; 0.000001, -0.000000, 1.000000]; 
homo_mat{10}=[0.995066, 0.011996, 2.151504; -0.002664, 0.996411, 2.402934; -0.000002, -0.000001, 1.000000]; 
homo_mat{11}=[0.989814, 0.001871, 18.068821; -0.004091, 0.996500, 4.197186; -0.000005, -0.000001, 1.000000]; 
homo_mat{12}=[0.998387, -0.025182, 14.183422; 0.000947, 0.995154, 5.104687; -0.000001, -0.000000, 1.000000]; 
homo_mat{13}=[1.010349, -0.005553, -14.979626; 0.004928, 1.008265, -6.041959; 0.000006, -0.000005, 1.000000]; 
homo_mat{14}=[1.001624, 0.012148, -11.769512; -0.000511, 0.995816, 10.001734; 0.000001, -0.000001, 1.000000]; 
homo_mat{15}=[0.995681, 0.001608, 5.955629; -0.001711, 0.996710, 1.442411; -0.000002, 0.000000, 1.000000]; 
homo_mat{16}=[0.998936, -0.003394, 5.215736; 0.000167, 1.001098, -1.168012; -0.000001, 0.000000, 1.000000]; 
homo_mat{17}=[0.999517, -0.004693, 2.120055; 0.000115, 1.003105, 0.159799; 0.000000, -0.000001, 1.000000]; 
homo_mat{18}=[1.001912, -0.003807, -3.639119; 0.000851, 0.999449, 5.487367; 0.000002, -0.000001, 1.000000]; 
homo_mat{19}=[1.003910, -0.002623, -10.644520; 0.002574, 0.997992, 9.595221; 0.000003, -0.000002, 1.000000]; 
homo_mat{20}=[1.003744, -0.005069, -8.180335; 0.002676, 0.993726, -1.563322; 0.000002, -0.000001, 1.000000]; 
homo_mat{21}=[1.007514, 0.006142, -14.091776; 0.003170, 1.007476, -12.037064; 0.000003, 0.000002, 1.000000]; 
homo_mat{22}=[0.996469, 0.013049, 3.845923; -0.000739, 1.009261, -8.390336; -0.000002, 0.000003, 1.000000]; 
homo_mat{23}=[0.996044, -0.004081, 10.370077; -0.000477, 0.998413, 6.827137; -0.000001, -0.000001, 1.000000]; 
homo_mat{24}=[0.998144, -0.004961, 5.482791; -0.000249, 0.990795, 8.027497; -0.000000, -0.000001, 1.000000]; 
homo_mat{25}=[1.002121, -0.003213, -1.371219; 0.000402, 0.996687, -2.592613; 0.000001, -0.000000, 1.000000]; 
homo_mat{26}=[1.003812, -0.000093, -5.657189; -0.000218, 1.009674, -6.635956; 0.000001, 0.000002, 1.000000]; 
homo_mat{27}=[1.012057, 0.004380, -22.819954; 0.004547, 1.002190, -8.433472; 0.000005, 0.000004, 1.000000]; 
homo_mat{28}=[0.999674, 0.009574, -3.112285; 0.000847, 1.004640, -8.130431; -0.000000, 0.000001, 1.000000]; 
homo_mat{29}=[0.994323, 0.003828, 11.149963; -0.001823, 0.998120, -0.712481; -0.000004, 0.000003, 1.000000]; 
homo_mat{30}=[0.997919, -0.009122, 10.954590; -0.001332, 0.997974, -3.130977; -0.000001, -0.000001, 1.000000]; 
homo_mat{31}=[1.002731, -0.005168, -1.618865; -0.000353, 1.006220, -4.942373; 0.000001, 0.000001, 1.000000]; 
homo_mat{32}=[1.008794, 0.005198, -21.468245; 0.001469, 1.002744, 1.864594; 0.000005, 0.000001, 1.000000]; 
homo_mat{33}=[1.002001, 0.009305, -5.044228; -0.000099, 0.994510, -3.519568; 0.000000, 0.000002, 1.000000]; 
homo_mat{34}=[0.997391, 0.006225, 5.898305; -0.002128, 1.008474, -11.337808; -0.000002, -0.000001, 1.000000]; 
homo_mat{35}=[0.991230, -0.001028, 17.483578; -0.004143, 1.000634, 6.452604; -0.000004, 0.000001, 1.000000]; 
homo_mat{36}=[1.000016, -0.008163, 6.744923; -0.001031, 0.996061, 4.438716; -0.000000, 0.000000, 1.000000]; 
homo_mat{37}=[1.012466, 0.002652, -24.511190; 0.000166, 1.009271, -5.980640; 0.000006, 0.000002, 1.000000]; 
homo_mat{38}=[1.001148, 0.003762, -7.141969; 0.001663, 0.998236, -1.796082; 0.000000, 0.000001, 1.000000]; 
homo_mat{39}=[1.000697, 0.003731, -1.653474; 0.002905, 0.996836, -6.700697; 0.000000, 0.000000, 1.000000]; 
homo_mat{40}=[0.997932, 0.004364, 6.844417; -0.001196, 1.001867, -7.183518; -0.000002, 0.000002, 1.000000]; 
homo_mat{41}=[1.000901, -0.010763, 4.861059; -0.004217, 1.008333, -1.930328; -0.000000, 0.000002, 1.000000]; 
homo_mat{42}=[1.007135, 0.000244, -14.591341; 0.001668, 1.003521, -1.550263; 0.000003, 0.000001, 1.000000]; 
homo_mat{43}=[1.003392, 0.009121, -13.145627; 0.002339, 1.006753, -2.387351; 0.000002, 0.000001, 1.000000]; 
homo_mat{44}=[0.995751, 0.007340, 1.693300; 0.001504, 0.996419, 4.201735; -0.000002, -0.000001, 1.000000]; 
homo_mat{45}=[0.991247, 0.001216, 15.862320; -0.001482, 0.992429, 5.499255; -0.000004, -0.000002, 1.000000]; 
homo_mat{46}=[0.993230, -0.014135, 25.166851; -0.005244, 0.997120, 10.943371; -0.000004, -0.000000, 1.000000]; 
homo_mat{47}=[1.006628, -0.008600, -8.421183; 0.000505, 1.000659, 1.727274; 0.000003, -0.000000, 1.000000]; 
homo_mat{48}=[1.010006, 0.001641, -21.554417; 0.002840, 1.002439, -4.338532; 0.000005, 0.000001, 1.000000]; 
homo_mat{49}=[1.007730, 0.013774, -19.543781; 0.003340, 1.009530, -9.517925; 0.000003, 0.000002, 1.000000]; 
homo_mat{50}=[0.998117, 0.008236, -0.202064; 0.000824, 0.999251, -1.656145; -0.000001, -0.000000, 1.000000]; 
homo_mat{51}=[0.987055, -0.001526, 29.771847; -0.005098, 0.990916, 0.780816; -0.000007, 0.000000, 1.000000]; 
homo_mat{52}=[1.000459, -0.004985, 4.574554; -0.002760, 1.003184, -1.105212; -0.000000, 0.000002, 1.000000]; 
homo_mat{53}=[1.004724, -0.002691, -8.113279; -0.001674, 1.001268, -1.168430; 0.000002, 0.000001, 1.000000]; 
homo_mat{54}=[1.008598, 0.010818, -23.548731; 0.002611, 1.013096, -8.625646; 0.000004, 0.000002, 1.000000]; 
homo_mat{55}=[0.997944, -0.000436, 1.565757; 0.002440, 1.001704, 1.804972; -0.000000, -0.000002, 1.000000]; 
homo_mat{56}=[0.996683, -0.003274, 6.612772; 0.001657, 0.995572, 7.874142; -0.000001, -0.000002, 1.000000]; 
homo_mat{57}=[0.998860, -0.006197, 5.290734; 0.000136, 0.992692, 7.028749; 0.000000, -0.000002, 1.000000]; 
homo_mat{58}=[1.009678, -0.002685, -16.130262; -0.001666, 1.002179, -4.220562; 0.000004, 0.000002, 1.000000]; 
homo_mat{59}=[1.005497, 0.008159, -13.788054; 0.000821, 1.004350, -5.779724; 0.000002, 0.000003, 1.000000]; 
homo_mat{60}=[1.001281, 0.006757, -4.297000; 0.001087, 1.002091, -6.957759; 0.000000, 0.000001, 1.000000]; 
homo_mat{61}=[0.990054, -0.002102, 20.331409; -0.001234, 1.003079, 1.540802; -0.000004, -0.000001, 1.000000]; 
homo_mat{62}=[0.999700, -0.009015, 4.351686; -0.000382, 0.993579, 6.904688; 0.000000, -0.000001, 1.000000]; 
homo_mat{63}=[1.006320, -0.003963, -9.239769; 0.000639, 0.999577, -1.414849; 0.000003, 0.000001, 1.000000]; 
homo_mat{64}=[1.009891, 0.016172, -25.976631; 0.004062, 1.011337, -17.318956; 0.000004, 0.000005, 1.000000]; 
homo_mat{65}=[0.995971, 0.006361, 5.209785; -0.000719, 0.998293, -0.926053; -0.000002, -0.000001, 1.000000]; 
homo_mat{66}=[0.992328, 0.003093, 14.354480; -0.003439, 0.997925, 2.470623; -0.000004, -0.000000, 1.000000]; 
homo_mat{67}=[0.998590, -0.013732, 14.374455; -0.005945, 0.996787, 13.402346; -0.000001, 0.000000, 1.000000]; 
homo_mat{68}=[1.006024, -0.005777, -12.888655; 0.001423, 1.000805, -2.929368; 0.000003, -0.000000, 1.000000]; 
homo_mat{69}=[1.009918, 0.009886, -20.007908; 0.004732, 1.011872, -8.415757; 0.000004, 0.000004, 1.000000]; 
homo_mat{70}=[0.993088, 0.014239, 8.949528; 0.001154, 0.995702, 3.371181; -0.000003, 0.000000, 1.000000]; 
homo_mat{71}=[0.996631, -0.007940, 14.068192; -0.002544, 0.996677, 2.927911; -0.000001, -0.000001, 1.000000]; 
homo_mat{72}=[1.000881, -0.005260, 1.210543; -0.001441, 1.000492, 0.595439; 0.000000, 0.000000, 1.000000]; 
homo_mat{73}=[1.003982, -0.001271, -7.746535; 0.000783, 1.002232, -2.392475; 0.000002, 0.000001, 1.000000]; 
homo_mat{74}=[1.002541, 0.009147, -8.312783; 0.004098, 1.004469, -6.495737; 0.000001, 0.000001, 1.000000]; 
homo_mat{75}=[0.995745, -0.000880, 9.187325; -0.001082, 0.997583, 2.652887; -0.000002, -0.000001, 1.000000]; 
homo_mat{76}=[0.999672, -0.004701, 5.172237; -0.002345, 0.999027, 4.026203; -0.000000, 0.000000, 1.000000]; 
homo_mat{77}=[1.003500, -0.007165, -5.155125; -0.001449, 0.999894, 1.716623; 0.000002, -0.000000, 1.000000]; 
homo_mat{78}=[1.008305, 0.017178, -26.878069; 0.003665, 1.009686, -7.601274; 0.000003, 0.000002, 1.000000]; 
homo_mat{79}=[0.992719, 0.005398, 10.174796; 0.000270, 0.997457, 2.169618; -0.000003, -0.000002, 1.000000]; 
homo_mat{80}=[0.990360, -0.003864, 20.862591; -0.002127, 0.992210, 8.214129; -0.000004, -0.000002, 1.000000]; 
homo_mat{81}=[1.002053, -0.020775, 5.526033; -0.002673, 0.993953, 5.767235; 0.000001, -0.000002, 1.000000]; 
homo_mat{82}=[1.010510, 0.002651, -20.633789; 0.002538, 1.007522, -8.388552; 0.000004, 0.000003, 1.000000]; 
homo_mat{83}=[1.007906, 0.013666, -18.040613; 0.003558, 1.011283, -8.705722; 0.000003, 0.000004, 1.000000]; 
homo_mat{84}=[0.997265, 0.007919, 0.003468; 0.000455, 1.000125, -0.355137; -0.000001, -0.000001, 1.000000]; 
homo_mat{85}=[0.989422, -0.009338, 25.751417; -0.005063, 0.991702, 13.427001; -0.000004, -0.000002, 1.000000]; 
homo_mat{86}=[1.002306, -0.009256, -3.032022; -0.000836, 0.999214, 1.800539; 0.000001, -0.000001, 1.000000]; 
homo_mat{87}=[1.007190, 0.001074, -16.772366; 0.002311, 1.002754, -4.169888; 0.000003, 0.000001, 1.000000]; 
homo_mat{88}=[1.004843, 0.011882, -13.659290; 0.003523, 1.007581, -7.620897; 0.000002, 0.000002, 1.000000]; 
homo_mat{89}=[0.986846, 0.006458, 23.133709; -0.001938, 0.994188, 2.934597; -0.000007, 0.000000, 1.000000]; 
homo_mat{90}=[1.000411, -0.006906, 8.625032; -0.001910, 0.999926, 1.468616; -0.000000, 0.000001, 1.000000]; 
homo_mat{91}=[1.003527, -0.002342, -3.814647; -0.001361, 1.002124, -0.313967; 0.000001, 0.000001, 1.000000]; 
homo_mat{92}=[1.007704, 0.007549, -17.816183; 0.002625, 1.006959, -11.802906; 0.000003, 0.000003, 1.000000]; 
homo_mat{93}=[0.997688, 0.005706, 1.619300; 0.000638, 1.000438, -1.294193; -0.000001, -0.000000, 1.000000]; 
homo_mat{94}=[0.994119, -0.000398, 11.822285; -0.001765, 0.995754, 3.564136; -0.000002, -0.000001, 1.000000]; 
homo_mat{95}=[0.999986, -0.007936, 7.164026; -0.001863, 0.997195, 1.655779; -0.000001, 0.000000, 1.000000]; 
homo_mat{96}=[1.005644, -0.006955, -7.195507; -0.001422, 1.005857, -3.702897; 0.000002, 0.000001, 1.000000]; 
homo_mat{97}=[1.007287, 0.001678, -17.521849; 0.001495, 1.006027, -3.428507; 0.000003, 0.000001, 1.000000]; 
