proj_mat{1}=[1.001483, -0.005606, -0.515069; 0.000428, 0.997488, -4.882597; 0.000001, 0.000001, 0.999851]; 
proj_mat{2}=[1.007849, -0.003241, -13.694100; 0.001079, 1.004183, -10.139517; 0.000004, 0.000002, 0.999831]; 
proj_mat{3}=[1.010659, 0.006583, -24.222698; 0.001379, 1.006292, -12.583275; 0.000004, 0.000004, 0.999793]; 
proj_mat{4}=[0.997996, 0.014816, -3.723867; -0.001077, 1.002417, -14.181822; -0.000002, 0.000004, 0.999930]; 
proj_mat{5}=[0.993035, 0.004705, 14.499230; -0.001835, 1.001283, -9.635733; -0.000005, 0.000003, 0.999943]; 
proj_mat{6}=[0.991544, 0.006093, 16.071501; -0.001485, 1.001902, -7.827715; -0.000006, 0.000003, 0.999918]; 
proj_mat{7}=[0.989686, 0.003106, 22.061720; -0.000328, 0.997650, -4.599833; -0.000006, 0.000004, 0.999892]; 
proj_mat{8}=[0.998953, -0.011620, 12.628965; 0.002109, 1.002645, -4.155227; -0.000001, 0.000002, 1.000004]; 
proj_mat{9}=[1.006038, -0.008824, -3.925277; 0.002678, 1.004226, -2.609016; 0.000003, 0.000002, 1.000039]; 
proj_mat{10}=[1.008226, 0.002702, -16.161676; 0.001867, 1.004357, -1.572390; 0.000004, 0.000002, 1.000012]; 
proj_mat{11}=[1.003088, 0.015447, -13.487636; -0.000957, 1.001181, -0.791813; 0.000001, 0.000002, 1.000025]; 
proj_mat{12}=[0.992620, 0.017950, 5.301909; -0.005224, 0.997995, 1.826087; -0.000004, 0.000001, 1.000066]; 
proj_mat{13}=[0.990694, -0.006438, 20.300566; -0.004518, 0.993522, 5.373896; -0.000005, 0.000001, 1.000033]; 
proj_mat{14}=[1.000573, -0.011334, 6.549588; 0.000065, 1.001975, -1.968315; 0.000001, -0.000003, 1.000119]; 
proj_mat{15}=[1.001663, 0.001523, -4.117338; -0.000771, 0.998001, 6.716051; 0.000002, -0.000004, 1.000113]; 
proj_mat{16}=[0.996758, 0.003776, 3.042976; -0.002853, 0.994905, 6.986176; -0.000001, -0.000003, 1.000103]; 
proj_mat{17}=[0.995020, 0.001060, 9.552362; -0.003112, 0.996107, 4.758924; -0.000002, -0.000002, 1.000076]; 
proj_mat{18}=[0.993767, -0.003011, 13.135619; -0.003479, 0.999232, 4.080804; -0.000003, -0.000002, 1.000046]; 
proj_mat{19}=[0.994819, -0.006296, 11.116574; -0.003156, 0.998638, 9.008926; -0.000002, -0.000004, 1.000036]; 
proj_mat{20}=[0.997732, -0.008507, 2.298743; -0.001150, 0.996389, 18.408287; 0.000001, -0.000005, 1.000035]; 
proj_mat{21}=[1.000435, -0.013342, -4.104092; 0.000994, 0.989813, 16.835985; 0.000002, -0.000006, 1.000008]; 
proj_mat{22}=[1.006855, -0.007162, -16.283783; 0.003632, 0.996845, 5.302909; 0.000004, -0.000004, 1.000019]; 
proj_mat{23}=[1.002181, 0.005809, -10.330238; 0.002398, 1.005541, -2.293734; 0.000001, -0.000001, 1.000055]; 
proj_mat{24}=[0.997045, 0.001408, 2.044155; 0.001467, 1.003293, 5.560130; -0.000001, -0.000002, 1.000047]; 
proj_mat{25}=[0.994007, -0.003973, 9.368775; 0.000770, 0.993322, 14.844190; -0.000001, -0.000004, 1.000013]; 
proj_mat{26}=[0.994927, -0.007653, 9.747430; 0.000789, 0.989226, 13.793406; -0.000001, -0.000005, 0.999988]; 
proj_mat{27}=[0.997488, -0.008245, 5.876576; 0.000274, 0.997863, 9.126691; -0.000000, -0.000004, 0.999997]; 
proj_mat{28}=[1.008191, -0.004493, -14.924156; 0.004542, 0.998958, 2.802460; 0.000004, -0.000000, 1.000054]; 
proj_mat{29}=[1.006542, 0.004190, -15.983822; 0.005180, 1.002367, -3.064532; 0.000003, 0.000000, 1.000053]; 
proj_mat{30}=[0.999618, 0.006983, -2.857899; 0.003217, 0.999237, -1.422422; -0.000000, 0.000002, 1.000085]; 
proj_mat{31}=[0.996300, -0.003155, 9.815583; 0.001831, 0.995921, -2.140283; -0.000002, 0.000001, 1.000066]; 
proj_mat{32}=[0.997855, -0.009314, 9.763059; 0.001533, 1.000793, -4.712648; -0.000001, 0.000001, 1.000049]; 
proj_mat{33}=[1.005511, -0.005201, -10.111670; 0.003090, 1.002178, -0.493949; 0.000003, 0.000000, 1.000072]; 
proj_mat{34}=[1.006368, 0.003090, -13.579659; 0.003086, 0.995324, -1.706893; 0.000003, 0.000002, 1.000051]; 
proj_mat{35}=[1.002612, 0.008188, -6.005556; 0.001089, 1.002311, -10.718150; 0.000001, 0.000000, 1.000049]; 
proj_mat{36}=[0.992726, 0.005949, 13.108931; -0.002878, 1.001479, -1.995339; -0.000004, -0.000000, 1.000035]; 
proj_mat{37}=[0.991744, -0.003347, 21.197437; -0.003680, 0.996133, 4.526493; -0.000004, -0.000001, 0.999997]; 
proj_mat{38}=[1.003265, -0.001751, -1.825543; -0.003264, 1.004027, 0.501321; 0.000001, 0.000000, 1.000097]; 
proj_mat{39}=[1.003463, 0.001118, -7.732389; -0.001329, 1.000983, 0.433538; 0.000002, 0.000001, 1.000070]; 
proj_mat{40}=[1.003199, 0.003895, -8.017117; 0.001823, 0.996503, -4.621017; 0.000001, 0.000000, 1.000042]; 
proj_mat{41}=[1.000228, 0.007282, 0.172736; 0.000840, 0.997027, -10.250621; -0.000000, 0.000001, 1.000017]; 
proj_mat{42}=[1.000270, -0.004342, 6.381331; -0.003160, 1.004023, -10.919643; -0.000001, 0.000002, 0.999970]; 
proj_mat{43}=[1.006636, -0.004989, -7.033788; -0.001311, 1.006408, -11.368661; 0.000002, 0.000002, 0.999956]; 
proj_mat{44}=[1.009260, 0.003395, -19.218359; 0.001233, 1.012093, -12.871247; 0.000004, 0.000003, 0.999908]; 
proj_mat{45}=[1.004215, 0.010102, -16.372393; 0.002943, 1.007439, -7.798336; 0.000002, 0.000002, 0.999925]; 
proj_mat{46}=[0.994645, 0.010541, 0.890788; 0.001584, 0.998783, -1.419249; -0.000003, -0.000001, 0.999966]; 
proj_mat{47}=[0.987057, -0.004406, 27.279743; -0.003537, 0.994832, 10.225568; -0.000006, -0.000001, 0.999919]; 
proj_mat{48}=[0.992930, -0.013667, 20.131140; -0.002940, 0.994564, 12.567596; -0.000003, -0.000002, 0.999970]; 
proj_mat{49}=[1.002175, -0.012732, -0.040910; -0.000014, 0.996082, 8.894222; 0.000001, -0.000001, 1.000049]; 
proj_mat{50}=[1.009068, 0.000281, -18.090012; 0.003378, 1.004590, 0.107281; 0.000004, 0.000001, 1.000041]; 
proj_mat{51}=[1.006333, 0.007908, -16.772076; 0.004225, 1.002943, -0.945177; 0.000003, -0.000000, 1.000026]; 
proj_mat{52}=[0.992505, 0.005578, 14.772920; -0.000932, 0.992924, 0.590676; -0.000004, -0.000000, 1.000097]; 
proj_mat{53}=[0.992048, -0.000033, 20.895685; -0.003642, 0.995208, 0.078228; -0.000005, 0.000001, 1.000050]; 
proj_mat{54}=[0.995889, -0.003315, 14.414650; -0.005282, 0.995658, -0.493533; -0.000003, 0.000001, 1.000051]; 
proj_mat{55}=[1.003491, 0.006775, -7.311778; -0.002729, 1.007782, -8.377855; 0.000000, 0.000003, 1.000077]; 
proj_mat{56}=[1.000458, 0.005637, -4.002341; -0.000297, 1.008627, -5.902614; -0.000000, 0.000001, 1.000060]; 
proj_mat{57}=[0.996156, 0.001677, 4.356588; 0.001335, 1.003318, 2.678584; -0.000001, -0.000001, 1.000039]; 
proj_mat{58}=[0.994016, -0.005231, 11.339355; 0.001407, 0.995165, 10.389218; -0.000002, -0.000003, 0.999995]; 
proj_mat{59}=[1.002680, -0.008571, -3.041432; -0.000272, 0.996551, 6.900205; 0.000002, -0.000002, 1.000028]; 
proj_mat{60}=[1.007183, -0.001148, -15.151454; 0.000499, 1.000087, 1.923658; 0.000004, 0.000000, 1.000014]; 
proj_mat{61}=[1.007490, 0.004925, -17.888636; 0.001543, 1.001361, -4.248124; 0.000003, 0.000001, 0.999984]; 
proj_mat{62}=[0.996555, 0.002106, 4.141248; 0.000292, 1.003600, -1.904202; -0.000001, -0.000001, 1.000032]; 
proj_mat{63}=[0.995260, -0.007662, 10.026584; -0.000128, 0.996321, 5.808156; -0.000001, -0.000002, 0.999999]; 
proj_mat{64}=[1.000608, -0.012475, 2.313642; 0.000484, 0.995039, 5.194175; 0.000001, -0.000002, 1.000000]; 
proj_mat{65}=[1.009645, 0.002679, -22.302998; 0.004533, 1.005476, -11.325099; 0.000004, 0.000002, 1.000009]; 
proj_mat{66}=[1.004915, 0.008275, -16.123001; 0.003826, 1.003023, -11.628122; 0.000002, 0.000001, 1.000034]; 
proj_mat{67}=[0.996557, 0.010663, -0.864973; 0.000422, 1.000230, -8.592888; -0.000002, -0.000000, 1.000068]; 
proj_mat{68}=[0.994351, -0.003752, 14.581033; -0.005508, 0.996213, 5.301172; -0.000003, -0.000000, 1.000031]; 
proj_mat{69}=[0.999648, -0.010266, 2.721153; -0.004093, 0.996249, 2.838523; -0.000000, -0.000001, 1.000045]; 
proj_mat{70}=[1.008830, -0.001284, -16.349018; 0.000575, 1.007282, -5.133182; 0.000004, 0.000002, 1.000042]; 
proj_mat{71}=[1.001328, 0.012420, -6.771372; 0.001771, 1.002325, -1.529030; 0.000000, 0.000002, 1.000062]; 
proj_mat{72}=[0.997380, 0.003859, 7.913538; -0.000743, 0.998357, 1.588048; -0.000001, 0.000001, 1.000045]; 
proj_mat{73}=[0.997660, -0.001951, 9.815390; -0.002154, 0.998210, 2.333046; -0.000001, 0.000001, 1.000017]; 
proj_mat{74}=[1.001027, -0.003837, 2.918365; -0.001375, 0.999743, 0.123588; 0.000000, 0.000001, 1.000008]; 
proj_mat{75}=[1.003067, 0.004673, -4.740292; 0.002707, 1.003555, -6.280899; 0.000001, 0.000002, 0.999983]; 
proj_mat{76}=[0.998350, 0.003290, 5.035671; 0.001612, 1.000543, -3.612144; -0.000001, 0.000001, 0.999968]; 
proj_mat{77}=[0.997546, -0.001831, 10.823026; -0.000732, 0.998993, 0.335808; -0.000001, 0.000001, 0.999937]; 
proj_mat{78}=[1.000494, -0.009448, 6.539637; -0.002202, 0.998303, 2.025069; 0.000000, 0.000000, 0.999927]; 
proj_mat{79}=[1.008220, 0.007095, -19.364588; 0.001409, 1.007303, -5.494068; 0.000003, 0.000002, 0.999925]; 
proj_mat{80}=[1.000459, 0.011973, -8.298728; 0.001663, 1.004140, -3.294754; 0.000000, 0.000000, 0.999962]; 
proj_mat{81}=[0.990406, 0.007570, 13.271983; -0.000467, 0.995760, 4.914739; -0.000004, -0.000002, 0.999969]; 
proj_mat{82}=[0.991968, -0.013459, 19.413389; -0.003121, 0.989123, 10.635296; -0.000003, -0.000004, 0.999941]; 
proj_mat{83}=[1.001912, -0.011246, -0.128380; -0.000604, 0.995920, 2.492584; 0.000001, -0.000002, 1.000023]; 
