proj_mat{1}=[1.019093, 0.033198, -42.620716; 0.009326, 1.025831, -0.485890; 0.000008, 0.000029, 0.999791]; 
proj_mat{2}=[1.015614, 0.033592, -35.346329; 0.009677, 1.019058, 6.679057; 0.000007, 0.000029, 0.999867]; 
proj_mat{3}=[1.013061, 0.033535, -24.645054; 0.005482, 1.013729, 8.515034; 0.000004, 0.000027, 0.999932]; 
proj_mat{4}=[1.012861, 0.041929, -22.610645; 0.001932, 1.017107, 8.403388; 0.000003, 0.000030, 0.999974]; 
proj_mat{5}=[1.011105, 0.040020, -17.833162; -0.003747, 0.999988, 12.251769; 0.000002, 0.000027, 0.999961]; 
proj_mat{6}=[1.000268, 0.022960, -0.413218; -0.006164, 1.011944, -13.613947; -0.000002, 0.000015, 0.999874]; 
proj_mat{7}=[1.003449, 0.013264, -1.130466; -0.007497, 1.014819, -6.934751; 0.000000, 0.000012, 0.999981]; 
proj_mat{8}=[1.011241, 0.009751, -16.946838; -0.008044, 1.015205, 1.046542; 0.000004, 0.000014, 0.999972]; 
proj_mat{9}=[1.021427, 0.004857, -41.157623; -0.001564, 1.008193, -8.101016; 0.000010, 0.000012, 0.999817]; 
proj_mat{10}=[1.029326, 0.008752, -61.080826; 0.004702, 1.021242, -30.792488; 0.000015, 0.000011, 0.999638]; 
proj_mat{11}=[1.022440, 0.012747, -53.001877; 0.000914, 1.021209, -22.849987; 0.000012, 0.000001, 1.000196]; 
proj_mat{12}=[1.017788, 0.017807, -46.541286; -0.004881, 1.019233, -9.963472; 0.000010, 0.000002, 1.000399]; 
proj_mat{13}=[1.007289, 0.003192, -30.093515; -0.009163, 1.007759, 13.985130; 0.000007, -0.000011, 1.000694]; 
proj_mat{14}=[1.001720, 0.010008, -25.595640; -0.008116, 1.002089, 26.158686; 0.000004, -0.000012, 1.000639]; 
proj_mat{15}=[0.989980, 0.011177, -5.847957; -0.006298, 0.994700, 35.380394; -0.000002, -0.000011, 1.000634]; 
proj_mat{16}=[0.982156, 0.004694, 14.955714; -0.004360, 0.992728, 44.907825; -0.000006, -0.000010, 1.000464]; 
proj_mat{17}=[0.977102, -0.003924, 29.737061; -0.000468, 0.956155, 53.893833; -0.000009, -0.000009, 1.000143]; 
proj_mat{18}=[0.987741, -0.020636, 35.329315; 0.009201, 0.989754, 5.001662; -0.000007, -0.000001, 1.000135]; 
proj_mat{19}=[0.996714, -0.003359, 18.930151; 0.011191, 0.984061, -6.808899; -0.000005, 0.000007, 1.000037]; 
proj_mat{20}=[0.989067, -0.000342, 28.300423; 0.010193, 0.998582, -30.040085; -0.000008, 0.000008, 0.999900]; 
proj_mat{21}=[0.985493, -0.004469, 37.710018; 0.007002, 0.999269, -27.170879; -0.000009, 0.000007, 0.999980]; 
proj_mat{22}=[0.986918, -0.002984, 34.719727; 0.002609, 0.997352, -22.553181; -0.000008, 0.000010, 0.999951]; 
proj_mat{23}=[0.993460, -0.005140, 23.245674; 0.003514, 0.997868, -33.442345; -0.000006, 0.000008, 1.000052]; 
proj_mat{24}=[0.995148, -0.006723, 19.872816; 0.005275, 1.002570, -42.649525; -0.000005, 0.000008, 1.000109]; 
proj_mat{25}=[0.999345, -0.007235, 13.161944; 0.006722, 1.011187, -47.519093; -0.000004, 0.000011, 1.000162]; 
proj_mat{26}=[1.001132, -0.014637, 6.490005; 0.008867, 1.011321, -44.840622; -0.000001, 0.000006, 1.000588]; 
proj_mat{27}=[1.004860, -0.018073, -2.664791; 0.011418, 1.012897, -17.503685; 0.000003, -0.000006, 1.001277]; 
proj_mat{28}=[0.998408, -0.017697, 0.972720; 0.010104, 0.994356, 2.497545; 0.000002, -0.000011, 1.001387]; 
proj_mat{29}=[0.994141, -0.004121, 7.112936; 0.007296, 0.989586, 9.091004; -0.000001, -0.000007, 1.001284]; 
proj_mat{30}=[0.989320, -0.005946, 18.907936; -0.001321, 0.986431, 10.305384; -0.000003, -0.000009, 1.001124]; 
proj_mat{31}=[0.988718, -0.000917, 17.205044; -0.009036, 1.016992, 17.358454; -0.000004, -0.000005, 1.001016]; 
proj_mat{32}=[0.989593, -0.015222, 12.081046; -0.010626, 0.985384, 54.856602; -0.000001, -0.000013, 1.000776]; 
proj_mat{33}=[1.013268, -0.008373, -32.914883; -0.001804, 0.982938, 20.093971; 0.000009, -0.000008, 1.000653]; 
proj_mat{34}=[1.020740, 0.000965, -44.798779; 0.002995, 1.005612, -9.088444; 0.000012, -0.000004, 1.000394]; 
proj_mat{35}=[1.023080, 0.007719, -46.522446; 0.002272, 1.022397, -12.781740; 0.000013, -0.000000, 1.000244]; 
proj_mat{36}=[1.012684, 0.014670, -32.130611; -0.007640, 1.006441, 8.818699; 0.000007, -0.000004, 1.000486]; 
proj_mat{37}=[1.009255, 0.018428, -27.505634; -0.010533, 1.009272, 10.989354; 0.000005, -0.000002, 1.000377]; 
proj_mat{38}=[1.006151, 0.023224, -23.629812; -0.013828, 1.014851, 18.754313; 0.000004, -0.000000, 1.000230]; 
proj_mat{39}=[0.999372, 0.026094, -17.527578; -0.016597, 1.017890, 37.607738; 0.000001, -0.000002, 0.999995]; 
proj_mat{40}=[0.979206, 0.018767, 18.713404; -0.017679, 0.978852, 66.790039; -0.000007, -0.000009, 0.999585]; 
proj_mat{41}=[0.973437, 0.017773, 30.974218; -0.016354, 0.958117, 68.235123; -0.000010, -0.000005, 0.999207]; 
proj_mat{42}=[0.974792, 0.008497, 38.954300; -0.014036, 0.959077, 37.317139; -0.000011, 0.000000, 0.998989]; 
proj_mat{43}=[0.989128, -0.001305, 21.015278; -0.009232, 0.989641, 7.188122; -0.000006, 0.000006, 0.998955]; 
proj_mat{44}=[0.998432, 0.016588, -3.324480; 0.001244, 0.987589, -12.111789; -0.000004, 0.000013, 0.998819]; 
proj_mat{45}=[0.992548, 0.033097, 6.936309; 0.007684, 0.997147, -48.127113; -0.000009, 0.000020, 0.998684]; 
proj_mat{46}=[0.974454, 0.010604, 59.439182; -0.002660, 1.016475, -27.285387; -0.000015, 0.000010, 0.999308]; 
proj_mat{47}=[0.968234, -0.001282, 64.091530; -0.006882, 0.993849, -1.502529; -0.000017, 0.000005, 0.999384]; 
proj_mat{48}=[0.977407, -0.014256, 54.404072; 0.008807, 0.992816, -22.049561; -0.000013, 0.000005, 0.999476]; 
proj_mat{49}=[0.985879, -0.023318, 47.576416; 0.014391, 0.996647, -27.939440; -0.000009, 0.000007, 0.999674]; 
proj_mat{50}=[0.998723, -0.024233, 26.591038; 0.018954, 1.000755, -34.169903; -0.000002, 0.000009, 0.999991]; 
proj_mat{51}=[1.008866, -0.013510, -0.810345; 0.020682, 1.006784, -37.036808; 0.000003, 0.000002, 1.000464]; 
proj_mat{52}=[1.005406, 0.001780, 2.702854; 0.016109, 1.016010, -30.134148; 0.000000, 0.000005, 1.000445]; 
proj_mat{53}=[0.992097, -0.000056, 23.446077; 0.005878, 0.989382, 2.774637; -0.000004, -0.000001, 1.000665]; 
proj_mat{54}=[0.988744, -0.000809, 28.025234; -0.005886, 0.991635, 10.377869; -0.000005, -0.000003, 1.000459]; 
proj_mat{55}=[0.992130, -0.015270, 16.831995; -0.012426, 0.979380, 25.536510; -0.000003, -0.000008, 1.000258]; 
proj_mat{56}=[1.006624, -0.023236, -9.070409; -0.005282, 0.993034, -0.517207; 0.000004, -0.000004, 1.000131]; 
proj_mat{57}=[1.026499, -0.024010, -44.394188; 0.008875, 1.009298, -33.760052; 0.000012, 0.000005, 0.999869]; 
proj_mat{58}=[1.053900, -0.010158, -92.362495; 0.024279, 1.074585, -61.658638; 0.000026, 0.000000, 0.999453]; 
proj_mat{59}=[1.043793, -0.003340, -84.117317; 0.016230, 1.039843, -3.716843; 0.000024, -0.000006, 1.000184]; 
proj_mat{60}=[1.036773, -0.003074, -77.756203; 0.007789, 0.999966, 21.925026; 0.000022, -0.000008, 1.000160]; 
proj_mat{61}=[1.036765, 0.013731, -83.614441; 0.001521, 1.008412, 6.291785; 0.000020, -0.000003, 1.000001]; 
proj_mat{62}=[1.032577, 0.037111, -79.809021; -0.005114, 1.015495, 3.571137; 0.000016, 0.000003, 1.000161]; 
proj_mat{63}=[1.014112, 0.056772, -53.378372; -0.015949, 1.009230, 8.598135; 0.000006, 0.000005, 1.000820]; 
proj_mat{64}=[0.974766, 0.020258, 25.949152; -0.032208, 0.972511, 57.186630; -0.000011, -0.000010, 1.001614]; 
proj_mat{65}=[0.975228, -0.007115, 32.109730; -0.020011, 0.967176, 33.639610; -0.000011, -0.000010, 1.001115]; 
proj_mat{66}=[0.992761, -0.007732, 12.165159; -0.004336, 0.987039, -1.376721; -0.000005, -0.000002, 1.001179]; 
proj_mat{67}=[1.001278, -0.000554, -0.623674; 0.000373, 1.006199, -21.664341; -0.000001, 0.000000, 1.001049]; 
proj_mat{68}=[0.999921, 0.008308, -2.876686; -0.003537, 1.026331, -16.997658; -0.000001, -0.000000, 1.001032]; 
proj_mat{69}=[0.983967, -0.017014, 24.075689; 0.000735, 0.980248, 30.215464; -0.000005, -0.000014, 1.001264]; 
proj_mat{70}=[0.984523, -0.030352, 28.622004; 0.012137, 0.974043, 10.216541; -0.000005, -0.000012, 1.000937]; 
proj_mat{71}=[0.993640, -0.033834, 22.684889; 0.023179, 0.988653, -17.065580; -0.000002, -0.000005, 1.000797]; 
proj_mat{72}=[1.001339, -0.036541, 15.816715; 0.030660, 0.996443, -32.689098; 0.000001, -0.000001, 1.000673]; 
proj_mat{73}=[1.007359, -0.021097, 10.845099; 0.032081, 1.007972, -37.064095; 0.000003, -0.000000, 1.000646]; 
proj_mat{74}=[0.999442, -0.010650, 25.181021; 0.023421, 1.003709, -20.878092; -0.000001, -0.000001, 1.000659]; 
proj_mat{75}=[0.982300, -0.003732, 44.898674; 0.011692, 0.993450, -0.807471; -0.000009, -0.000005, 1.000517]; 
proj_mat{76}=[0.960440, 0.021036, 74.481331; 0.002008, 0.985045, 21.310472; -0.000019, 0.000000, 0.999910]; 
proj_mat{77}=[0.939978, -0.004745, 123.028633; -0.019844, 0.964099, 40.307053; -0.000030, -0.000007, 0.998667]; 
proj_mat{78}=[0.946571, -0.006987, 113.989212; -0.022729, 0.951386, 37.238922; -0.000028, -0.000002, 0.998801]; 
proj_mat{79}=[0.963070, 0.007380, 88.253822; -0.023362, 0.973566, 5.646581; -0.000023, 0.000011, 0.999564]; 
proj_mat{80}=[0.974361, 0.010387, 65.839676; -0.025376, 1.003664, -15.187873; -0.000017, 0.000011, 0.999973]; 
proj_mat{81}=[0.979917, 0.007210, 47.511971; -0.030413, 1.019888, -1.773517; -0.000012, 0.000006, 1.000371]; 
proj_mat{82}=[0.988250, -0.001075, 22.499529; -0.032104, 1.024420, 27.132147; -0.000006, 0.000001, 1.000572]; 
proj_mat{83}=[1.020904, -0.004098, -53.992512; -0.017015, 1.001390, 55.590900; 0.000014, -0.000010, 1.000457]; 
proj_mat{84}=[1.024068, 0.014819, -72.457893; -0.014032, 0.995762, 47.525787; 0.000015, -0.000008, 0.999870]; 
proj_mat{85}=[1.013971, 0.029808, -59.905563; -0.013887, 1.000950, 35.258629; 0.000009, -0.000004, 0.999794]; 
proj_mat{86}=[1.005113, 0.010386, -26.581701; -0.017845, 1.009940, 37.384880; 0.000004, -0.000002, 0.999547]; 
proj_mat{87}=[1.008756, 0.008585, -39.503624; -0.017879, 1.000952, 56.011757; 0.000006, -0.000001, 0.998979]; 
proj_mat{88}=[1.011143, 0.034226, -48.880890; -0.011521, 0.977031, 38.237606; 0.000005, 0.000009, 0.998949]; 
proj_mat{89}=[1.007608, 0.032498, -33.106762; -0.006942, 1.003182, -2.292306; 0.000001, 0.000015, 0.998733]; 
proj_mat{90}=[0.986595, 0.036873, 15.340123; -0.007502, 0.993032, -21.508673; -0.000011, 0.000018, 0.998794]; 
proj_mat{91}=[0.972431, 0.022250, 45.960770; -0.009805, 1.001598, -42.675274; -0.000016, 0.000015, 0.998664]; 
proj_mat{92}=[0.963116, 0.002117, 62.506340; -0.010064, 1.004900, -43.252506; -0.000016, 0.000005, 0.999094]; 
proj_mat{93}=[0.976506, -0.031018, 37.550785; 0.003787, 1.005365, -23.843832; -0.000006, -0.000010, 1.000503]; 
proj_mat{94}=[0.980321, -0.032712, 24.990618; 0.011768, 0.998612, -18.241913; -0.000002, -0.000013, 1.000600]; 
proj_mat{95}=[0.983305, -0.036784, 17.012873; 0.017074, 0.997264, -17.236952; 0.000002, -0.000013, 1.000567]; 
proj_mat{96}=[0.986979, -0.039010, 6.251387; 0.021124, 0.996639, -18.298170; 0.000005, -0.000011, 1.000474]; 
proj_mat{97}=[0.995915, -0.043513, -11.099098; 0.024276, 0.997824, -25.650482; 0.000011, -0.000012, 1.000414]; 
proj_mat{98}=[1.029392, -0.040664, -77.208145; 0.032995, 1.024476, -55.064674; 0.000029, -0.000014, 1.000229]; 
proj_mat{99}=[1.033512, -0.031950, -81.581017; 0.026840, 1.028232, -70.389702; 0.000031, -0.000024, 1.000455]; 
proj_mat{100}=[1.065609, 0.027904, -115.709663; -0.009658, 1.009219, 26.468523; 0.000023, 0.000006, 0.999253]; 
proj_mat{101}=[1.056189, 0.027170, -86.590088; 0.006190, 1.006204, -4.537507; 0.000016, 0.000011, 0.999700]; 
proj_mat{102}=[1.040006, 0.023013, -55.857162; 0.008071, 1.022848, -17.885590; 0.000010, 0.000009, 0.999949]; 
proj_mat{103}=[1.020772, 0.016153, -22.825783; 0.010017, 1.021196, -0.035391; 0.000003, 0.000007, 1.000213]; 
proj_mat{104}=[0.983776, -0.017483, 49.663246; 0.012988, 0.975940, 25.307951; -0.000012, -0.000006, 1.000347]; 
proj_mat{105}=[0.979642, -0.031694, 63.538605; 0.019161, 0.973948, 18.108995; -0.000013, -0.000003, 1.000111]; 
proj_mat{106}=[0.986156, -0.040428, 58.095524; 0.024667, 0.978599, 9.246646; -0.000010, 0.000002, 1.000211]; 
proj_mat{107}=[1.012172, -0.026627, 14.606393; 0.028754, 0.994596, -10.199468; 0.000002, 0.000006, 1.000730]; 
proj_mat{108}=[1.015529, -0.007138, 3.816172; 0.024949, 0.990389, -17.036573; 0.000003, 0.000010, 1.000611]; 
proj_mat{109}=[1.008212, 0.001928, 10.676290; 0.018725, 1.002552, -33.331364; -0.000001, 0.000010, 1.000553]; 
proj_mat{110}=[1.000539, 0.010419, 24.268072; 0.013141, 1.018483, -28.280579; -0.000005, 0.000014, 1.000448]; 
proj_mat{111}=[0.991585, 0.003541, 37.073833; 0.002504, 1.023928, -5.270636; -0.000008, 0.000006, 1.000670]; 
proj_mat{112}=[0.985620, 0.006436, 39.434742; -0.012327, 1.023100, 51.400597; -0.000008, 0.000002, 1.000607]; 
proj_mat{113}=[0.989152, 0.013294, 13.040635; -0.018472, 0.954716, 52.967377; -0.000007, 0.000002, 1.000170]; 
proj_mat{114}=[0.993627, 0.010296, 8.322536; -0.013369, 0.984785, -3.965494; -0.000005, 0.000007, 0.999954]; 
proj_mat{115}=[1.009263, 0.008699, -8.134759; -0.011714, 1.024416, -26.782856; 0.000002, 0.000011, 0.999886]; 
proj_mat{116}=[1.019227, 0.005351, -30.908638; -0.015064, 1.026365, -7.566257; 0.000009, 0.000004, 1.000068]; 
proj_mat{117}=[1.027710, 0.021609, -61.496704; -0.018797, 1.021883, 14.335162; 0.000014, 0.000004, 0.999824]; 
proj_mat{118}=[1.025642, 0.037490, -72.592934; -0.019215, 1.001313, 21.543779; 0.000013, 0.000008, 0.999626]; 
proj_mat{119}=[1.023003, 0.058368, -62.995037; -0.019695, 1.019492, -10.441181; 0.000009, 0.000011, 0.999626]; 
proj_mat{120}=[1.004050, 0.059854, -28.494656; -0.021559, 0.997892, 0.491275; -0.000001, 0.000011, 1.000107]; 
proj_mat{121}=[0.990445, 0.021870, 16.665991; -0.022679, 0.998101, -1.409210; -0.000009, 0.000007, 1.000133]; 
proj_mat{122}=[0.988731, 0.007135, 16.408663; -0.016279, 0.997682, -8.326942; -0.000007, 0.000002, 1.000010]; 
proj_mat{123}=[0.995810, -0.001884, 5.133152; -0.006229, 1.007032, -5.933429; -0.000003, 0.000000, 1.000015]; 
proj_mat{124}=[0.998413, 0.008783, -0.597920; 0.002627, 0.980923, -2.357606; -0.000002, 0.000002, 0.999898]; 
proj_mat{125}=[0.979459, -0.004883, 41.239513; 0.002540, 1.007407, -46.377865; -0.000010, -0.000005, 0.999769]; 
proj_mat{126}=[0.969907, -0.014330, 57.393108; -0.001440, 1.012291, -18.359419; -0.000012, -0.000012, 1.000239]; 
proj_mat{127}=[0.966642, -0.039580, 61.133503; 0.000760, 0.969557, 44.827843; -0.000011, -0.000026, 1.000661]; 
proj_mat{128}=[0.969050, -0.038649, 54.228313; 0.004900, 0.965069, 42.361618; -0.000009, -0.000024, 1.000396]; 
proj_mat{129}=[0.976304, -0.039489, 45.125671; 0.008691, 0.966283, 35.748959; -0.000007, -0.000017, 1.000403]; 
proj_mat{130}=[0.989316, -0.029585, 24.294136; 0.012906, 0.971062, 19.256683; -0.000002, -0.000009, 1.000507]; 
proj_mat{131}=[0.998943, -0.014032, 10.346628; 0.014957, 0.979719, -0.997185; 0.000000, -0.000002, 1.000448]; 
proj_mat{132}=[1.000626, 0.009671, 8.826509; 0.008281, 1.015679, -24.539192; -0.000002, 0.000004, 1.000258]; 
proj_mat{133}=[0.984509, 0.007911, 32.409286; -0.000502, 0.995046, 4.000493; -0.000008, -0.000001, 1.000273]; 
proj_mat{134}=[0.978569, 0.002713, 42.879486; -0.007666, 1.009255, 19.163361; -0.000011, -0.000001, 0.999949]; 
proj_mat{135}=[0.984814, -0.019959, 38.050648; -0.007451, 0.986417, 54.793304; -0.000006, -0.000005, 0.999798]; 
proj_mat{136}=[1.002487, -0.020679, 2.477339; -0.001323, 0.963053, 45.231377; 0.000002, -0.000002, 0.999788]; 
proj_mat{137}=[1.029079, -0.012012, -49.635628; 0.011974, 1.025772, -44.946144; 0.000014, 0.000002, 0.999613]; 
proj_mat{138}=[1.033225, -0.010323, -58.775249; 0.010067, 1.040984, -31.498486; 0.000017, -0.000002, 0.999650]; 
proj_mat{139}=[1.034673, 0.003055, -68.786644; 0.001653, 1.029505, 8.697800; 0.000020, -0.000003, 0.999467]; 
proj_mat{140}=[1.028659, 0.022683, -71.648277; -0.008025, 0.999584, 35.703285; 0.000017, -0.000000, 0.999277]; 
proj_mat{141}=[1.022391, 0.040625, -65.462944; -0.013472, 0.986669, 22.110495; 0.000013, 0.000004, 0.999227]; 
proj_mat{142}=[1.011015, 0.062759, -44.125721; -0.018418, 0.999257, -3.127678; 0.000003, 0.000017, 0.999658]; 
proj_mat{143}=[0.999429, 0.044951, 1.369250; -0.022355, 1.004594, -24.975220; -0.000006, 0.000013, 0.999786]; 
proj_mat{144}=[0.983205, 0.045717, 23.606453; -0.027927, 1.021358, -17.546700; -0.000012, 0.000010, 0.999754]; 
proj_mat{145}=[0.965814, 0.031859, 54.231327; -0.026461, 0.981790, 19.813707; -0.000018, 0.000005, 0.999560]; 
proj_mat{146}=[0.961433, 0.000787, 73.718773; -0.021473, 0.973095, 17.265553; -0.000020, 0.000004, 0.999146]; 
proj_mat{147}=[0.996092, -0.013957, 20.500237; -0.001872, 0.984745, -17.927855; -0.000006, 0.000002, 1.000047]; 
proj_mat{148}=[0.996623, -0.014258, 12.199974; 0.001225, 1.005184, -41.374783; -0.000004, 0.000000, 1.000134]; 
proj_mat{149}=[0.996060, -0.013671, 8.786331; 0.004202, 1.021751, -37.610275; -0.000002, 0.000001, 1.000322]; 
proj_mat{150}=[0.992434, -0.019069, 10.041151; 0.007620, 1.013420, -14.743924; -0.000002, -0.000004, 1.000645]; 
proj_mat{151}=[0.990248, -0.026888, 11.518776; 0.012453, 0.995585, -0.438719; -0.000002, -0.000006, 1.000694]; 
proj_mat{152}=[1.003051, -0.037078, 0.762195; 0.027714, 0.990541, -21.726582; 0.000004, -0.000009, 1.000727]; 
proj_mat{153}=[1.006828, -0.037052, 0.831597; 0.029895, 0.994124, -31.722391; 0.000005, -0.000006, 1.000782]; 
proj_mat{154}=[1.010854, -0.028907, -3.473169; 0.026807, 1.005069, -35.688778; 0.000006, -0.000006, 1.000926]; 
proj_mat{155}=[1.006324, -0.016291, -1.395360; 0.017786, 1.003837, -21.109917; 0.000004, -0.000006, 1.001099]; 
proj_mat{156}=[0.995573, -0.008433, 9.482622; 0.010083, 1.002745, -7.518670; -0.000001, -0.000006, 1.001129]; 
proj_mat{157}=[0.981943, -0.006122, 29.133144; 0.005034, 0.986911, 16.190384; -0.000006, -0.000006, 1.000991]; 
proj_mat{158}=[0.983015, -0.009001, 34.690369; -0.002508, 0.989632, 23.542809; -0.000007, -0.000009, 1.000732]; 
proj_mat{159}=[0.984838, -0.011931, 33.358955; -0.008502, 0.973932, 32.916412; -0.000006, -0.000009, 1.000559]; 
proj_mat{160}=[0.993126, -0.009348, 18.789587; -0.013571, 0.979607, 19.060314; -0.000003, -0.000007, 1.000514]; 
proj_mat{161}=[1.004125, -0.000429, -2.958085; -0.016057, 1.005739, 1.511514; 0.000001, 0.000001, 1.000538]; 
proj_mat{162}=[1.020390, -0.014493, -44.652889; -0.007057, 1.018393, 17.489664; 0.000012, -0.000008, 1.000399]; 
proj_mat{163}=[1.029528, -0.021626, -63.317112; 0.005858, 1.009066, 16.523752; 0.000018, -0.000007, 0.999956]; 
proj_mat{164}=[1.042486, -0.014772, -85.775169; 0.015727, 0.999412, 0.329109; 0.000024, -0.000005, 0.999393]; 
proj_mat{165}=[1.045520, 0.008938, -95.067062; 0.013686, 1.011709, -25.133251; 0.000024, -0.000001, 0.999254]; 
proj_mat{166}=[1.038258, 0.022549, -82.316223; 0.004485, 1.026587, -28.826118; 0.000020, 0.000003, 0.999524]; 
proj_mat{167}=[1.015489, 0.024680, -40.748379; -0.008031, 1.020782, -1.718388; 0.000007, -0.000001, 1.000549]; 
proj_mat{168}=[1.004813, 0.018387, -21.744518; -0.006205, 1.004959, 18.624056; 0.000003, -0.000000, 1.000615]; 
proj_mat{169}=[0.998972, 0.003144, -6.442765; 0.000503, 0.986771, 6.290612; 0.000001, -0.000003, 1.000464]; 
proj_mat{170}=[1.004468, -0.008504, -7.089934; 0.003998, 1.008196, -5.248580; 0.000003, -0.000002, 1.000320]; 
proj_mat{171}=[1.007822, 0.001383, -16.305193; 0.006191, 0.990571, -1.798263; 0.000004, -0.000001, 1.000213]; 
proj_mat{172}=[1.004293, 0.018770, -9.587694; 0.005441, 0.994847, -24.335802; 0.000000, 0.000006, 1.000163]; 
proj_mat{173}=[0.980633, 0.010538, 38.923199; -0.002561, 1.020747, -10.102035; -0.000011, 0.000003, 1.000321]; 
proj_mat{174}=[0.971351, -0.006018, 53.019741; -0.004143, 1.004955, 23.073816; -0.000012, -0.000005, 1.000243]; 
proj_mat{175}=[0.970626, -0.022407, 53.144928; 0.000560, 0.983336, 44.093491; -0.000011, -0.000010, 1.000030]; 
proj_mat{176}=[0.974191, -0.016538, 44.160694; 0.008068, 0.974119, 39.013165; -0.000009, -0.000005, 1.000065]; 
proj_mat{177}=[0.977035, -0.023656, 44.224148; 0.012492, 0.973389, 24.476732; -0.000007, -0.000005, 0.999910]; 
proj_mat{178}=[0.984048, -0.000622, 32.087284; 0.003161, 0.992527, 27.069912; -0.000006, -0.000004, 0.999791]; 
proj_mat{179}=[0.972300, 0.010188, 43.114609; -0.004046, 0.971354, 38.377613; -0.000012, -0.000003, 0.999361]; 
proj_mat{180}=[0.956796, 0.012901, 66.161537; -0.005358, 0.976562, 25.731653; -0.000019, -0.000000, 0.998828]; 
proj_mat{181}=[0.957758, 0.001581, 86.933823; -0.006196, 0.980784, 11.126363; -0.000022, 0.000004, 0.998491]; 
proj_mat{182}=[0.964037, -0.007093, 82.833511; -0.011654, 0.979543, 17.555422; -0.000019, 0.000007, 0.998603]; 
proj_mat{183}=[0.984125, -0.001582, 49.813145; -0.014800, 0.981911, 4.949888; -0.000011, 0.000015, 0.999297]; 
proj_mat{184}=[1.003232, 0.004429, 8.226239; -0.013606, 1.002135, -26.575142; -0.000003, 0.000022, 0.999641]; 
proj_mat{185}=[1.021120, 0.007319, -29.429344; -0.007245, 1.030428, -60.289902; 0.000006, 0.000023, 0.999688]; 
proj_mat{186}=[1.033319, 0.010270, -54.831638; -0.001409, 1.066521, -70.265488; 0.000013, 0.000024, 0.999517]; 
proj_mat{187}=[1.043862, 0.008645, -92.244728; 0.000346, 1.036291, 0.916695; 0.000022, -0.000003, 1.000770]; 
proj_mat{188}=[1.042185, 0.010641, -95.821136; 0.003622, 1.006344, 14.032670; 0.000023, -0.000006, 1.000263]; 
proj_mat{189}=[1.037604, 0.018564, -91.033501; 0.003009, 1.005465, 1.886472; 0.000021, -0.000005, 1.000001]; 
proj_mat{190}=[1.028840, 0.031343, -76.777687; -0.000617, 1.013301, -2.315268; 0.000016, -0.000001, 1.000064]; 
proj_mat{191}=[0.998192, 0.024746, -15.236798; -0.010319, 1.007211, 16.567497; 0.000000, -0.000009, 1.000791]; 
proj_mat{192}=[0.982884, 0.011986, 15.232990; -0.010050, 0.974637, 41.463467; -0.000007, -0.000009, 1.000464]; 
proj_mat{193}=[0.976632, -0.019335, 37.366699; -0.002602, 0.972776, 27.003546; -0.000008, -0.000010, 0.999889]; 
proj_mat{194}=[0.993171, -0.029520, 19.054180; 0.007759, 0.971956, 12.835070; -0.000002, -0.000004, 0.999932]; 
proj_mat{195}=[1.011216, -0.018453, -9.190924; 0.013655, 0.977707, -21.239195; 0.000005, 0.000005, 0.999920]; 
proj_mat{196}=[1.024310, 0.006385, -38.477745; 0.009431, 1.039004, -61.520855; 0.000009, 0.000008, 0.999711]; 
proj_mat{197}=[1.013532, 0.015515, -30.238680; 0.004649, 1.027014, -33.067532; 0.000005, 0.000008, 0.999927]; 
proj_mat{198}=[0.996925, 0.010771, 1.061163; 0.004203, 1.017012, -19.452299; -0.000003, 0.000004, 1.000274]; 
proj_mat{199}=[0.991470, -0.002200, 15.396917; 0.004612, 1.003413, -3.122204; -0.000004, 0.000002, 1.000243]; 
proj_mat{200}=[0.994960, -0.006869, 10.353581; 0.002998, 0.997878, 4.238858; -0.000002, 0.000001, 1.000162]; 
proj_mat{201}=[1.000908, -0.000885, -5.718024; 0.001171, 1.001906, 7.330396; 0.000001, 0.000001, 1.000032]; 
proj_mat{202}=[0.997126, 0.007488, -6.744505; 0.000473, 1.000121, 12.138169; -0.000001, -0.000005, 0.999811]; 
proj_mat{203}=[0.988721, 0.019582, 10.504014; -0.000043, 0.999484, 29.592405; -0.000005, 0.000004, 0.999774]; 
proj_mat{204}=[0.989002, 0.008059, 15.825670; -0.001828, 0.982468, 31.181126; -0.000004, 0.000001, 0.999422]; 
proj_mat{205}=[0.990675, 0.012439, 13.256782; -0.005046, 0.985678, 21.976343; -0.000004, 0.000004, 0.999275]; 
proj_mat{206}=[0.997573, 0.026419, 1.999775; -0.008367, 0.988419, 8.330131; -0.000003, 0.000016, 0.999392]; 
proj_mat{207}=[0.995579, 0.017547, 1.638065; -0.012815, 0.995407, -13.000265; -0.000001, 0.000013, 0.999288]; 
proj_mat{208}=[1.002489, 0.018890, -17.047241; -0.015044, 1.025978, -25.557365; 0.000003, 0.000016, 0.999303]; 
proj_mat{209}=[1.020729, 0.003302, -58.765308; -0.005127, 1.038605, 7.539970; 0.000015, 0.000004, 0.999438]; 
proj_mat{210}=[1.027208, 0.002364, -79.777069; 0.002534, 1.027224, 28.181684; 0.000021, 0.000001, 0.998864]; 
proj_mat{211}=[0.996641, -0.009668, 4.122365; -0.001173, 0.979763, 27.224277; 0.000000, -0.000016, 0.999690]; 
proj_mat{212}=[1.001197, -0.034199, 4.064561; 0.006310, 0.981897, 18.359188; 0.000001, -0.000017, 0.999337]; 
proj_mat{213}=[1.010618, -0.044793, -11.308869; 0.017713, 0.997275, 6.017199; 0.000006, -0.000013, 0.999134]; 
proj_mat{214}=[1.021575, -0.036664, -34.498478; 0.029321, 0.982406, -2.554456; 0.000011, -0.000007, 0.998904]; 
proj_mat{215}=[1.028425, -0.013764, -44.280910; 0.034029, 0.978671, -41.990772; 0.000012, 0.000005, 0.998756]; 
proj_mat{216}=[1.013595, 0.014440, -8.297396; 0.010584, 1.031876, -78.736145; 0.000002, 0.000002, 0.999431]; 
proj_mat{217}=[0.988330, 0.023930, 23.487955; -0.007084, 1.013984, -33.537930; -0.000009, 0.000002, 0.999869]; 
proj_mat{218}=[0.966924, 0.012875, 55.772987; -0.012856, 0.990559, -9.749208; -0.000017, 0.000001, 0.999825]; 
proj_mat{219}=[0.959913, 0.000025, 71.344131; -0.009156, 0.979682, -6.390038; -0.000020, 0.000002, 0.999664]; 
proj_mat{220}=[0.966399, -0.008012, 67.960236; -0.004189, 0.977113, -13.378762; -0.000016, 0.000001, 0.999865]; 
proj_mat{221}=[0.973787, 0.005126, 58.233219; -0.005220, 0.983149, -21.925226; -0.000016, 0.000004, 0.999850]; 
proj_mat{222}=[0.972704, 0.003150, 62.796074; -0.008562, 0.980016, -25.078241; -0.000016, 0.000001, 0.999898]; 
proj_mat{223}=[0.964877, 0.004017, 70.507233; -0.010748, 0.991771, -29.914711; -0.000019, -0.000003, 0.999810]; 
proj_mat{224}=[0.951719, 0.017758, 89.427727; -0.016389, 1.011652, -2.350109; -0.000024, 0.000002, 0.999288]; 
proj_mat{225}=[0.965187, -0.031580, 71.015656; -0.022988, 0.974120, 67.067917; -0.000014, -0.000018, 1.000097]; 
proj_mat{226}=[0.982163, -0.033766, 33.713802; -0.014152, 0.964928, 57.682175; -0.000006, -0.000016, 1.000442]; 
proj_mat{227}=[1.002677, -0.023601, -4.613390; -0.004153, 0.979982, 24.200703; 0.000003, -0.000008, 1.000783]; 
proj_mat{228}=[1.016352, -0.012127, -31.388735; 0.001821, 1.013718, -6.343021; 0.000008, -0.000001, 1.000602]; 
proj_mat{229}=[1.031784, -0.019220, -59.676018; 0.004598, 1.040244, 33.365852; 0.000019, -0.000009, 1.000058]; 
proj_mat{230}=[1.039825, -0.023569, -82.482536; 0.006942, 1.010283, 64.795303; 0.000025, -0.000011, 0.999147]; 
proj_mat{231}=[1.050970, -0.015138, -111.787064; 0.009896, 0.988646, 55.836842; 0.000031, -0.000007, 0.998315]; 
proj_mat{232}=[1.062346, 0.012509, -140.740112; 0.009367, 1.006054, 17.733562; 0.000034, 0.000002, 0.997896]; 
proj_mat{233}=[1.046504, 0.044793, -112.590355; 0.001196, 1.017732, -9.215887; 0.000022, 0.000009, 0.999260]; 
proj_mat{234}=[1.029659, 0.047125, -76.898140; -0.005392, 1.016381, -12.896832; 0.000013, 0.000005, 0.999909]; 
proj_mat{235}=[1.005665, 0.052157, -35.244595; -0.014565, 1.017985, 6.380131; 0.000001, 0.000011, 1.000585]; 
proj_mat{236}=[0.985952, 0.022419, 4.588361; -0.008390, 0.988367, 9.116213; -0.000007, 0.000007, 1.000611]; 
proj_mat{237}=[0.994027, -0.014373, 24.983074; 0.020945, 0.987380, -39.759384; -0.000006, 0.000007, 1.000370]; 
proj_mat{238}=[0.997055, -0.017595, 25.868210; 0.018266, 0.999938, -56.865707; -0.000004, 0.000005, 1.000389]; 
proj_mat{239}=[0.998348, -0.011463, 18.163485; 0.011009, 1.025410, -54.077091; -0.000003, 0.000006, 1.000320]; 
proj_mat{240}=[0.990983, -0.005599, 17.406477; 0.008844, 1.023853, -24.130558; -0.000005, 0.000004, 1.000333]; 
proj_mat{241}=[0.981988, -0.008763, 27.191160; 0.013076, 1.001409, 3.154718; -0.000007, -0.000001, 1.000204]; 
proj_mat{242}=[0.971989, -0.017431, 57.203072; 0.009507, 0.977893, 25.141336; -0.000011, -0.000008, 0.999710]; 
proj_mat{243}=[0.969713, -0.015754, 58.983940; 0.003674, 0.974609, 32.041935; -0.000012, -0.000008, 0.999209]; 
proj_mat{244}=[0.967951, -0.008708, 57.286495; -0.001004, 0.978655, 38.654316; -0.000013, -0.000005, 0.998791]; 
proj_mat{245}=[0.966378, -0.004876, 55.623867; -0.003114, 0.975102, 48.347767; -0.000013, -0.000003, 0.998348]; 
proj_mat{246}=[0.966574, -0.006023, 52.606483; -0.002587, 0.979852, 51.092796; -0.000013, -0.000002, 0.997886]; 
proj_mat{247}=[0.986514, 0.006019, 27.504641; -0.003576, 0.961777, 39.789124; -0.000007, 0.000004, 0.997905]; 
proj_mat{248}=[0.988978, 0.034210, 24.161789; -0.005884, 0.973330, 6.967650; -0.000009, 0.000021, 0.998110]; 
proj_mat{249}=[0.992783, 0.040692, 24.070017; -0.010127, 0.989388, -30.842634; -0.000010, 0.000033, 0.997969]; 
proj_mat{250}=[1.006435, 0.029514, 9.222922; -0.014980, 1.012041, -60.524540; -0.000004, 0.000036, 0.998046]; 
proj_mat{251}=[1.036291, 0.005986, -59.155388; -0.008557, 1.045030, -94.315201; 0.000012, 0.000023, 0.999089]; 
proj_mat{252}=[1.050520, 0.002282, -93.619812; 0.000914, 1.068854, -94.654305; 0.000021, 0.000019, 0.999230]; 
proj_mat{253}=[1.055689, 0.012160, -119.382179; 0.005291, 1.062074, -62.468876; 0.000027, 0.000012, 0.999539]; 
proj_mat{254}=[1.048357, 0.021252, -121.581078; 0.003743, 1.036161, -32.234184; 0.000026, 0.000004, 1.000036]; 
proj_mat{255}=[1.031669, 0.011199, -81.406357; 0.004291, 1.026162, -13.325948; 0.000017, -0.000010, 1.001103]; 
proj_mat{256}=[1.016834, 0.005131, -54.049431; 0.005885, 1.022930, 6.796352; 0.000012, -0.000013, 1.001204]; 
proj_mat{257}=[1.003296, -0.005359, -27.825968; 0.005837, 1.024492, 43.079498; 0.000007, -0.000017, 1.000860]; 
proj_mat{258}=[0.988119, -0.013679, 8.652827; 0.010624, 0.957979, 99.840164; 0.000002, -0.000026, 0.999811]; 
proj_mat{259}=[0.982474, -0.009902, 27.593124; 0.011081, 0.943934, 83.719200; -0.000003, -0.000018, 0.999379]; 
proj_mat{260}=[0.979407, 0.004220, 42.343193; 0.006589, 0.946074, 48.542515; -0.000009, -0.000001, 0.999583]; 
proj_mat{261}=[0.984877, 0.024314, 51.392330; 0.000648, 0.994703, -32.258766; -0.000014, 0.000016, 0.999500]; 
proj_mat{262}=[0.976270, 0.029121, 65.138115; -0.008177, 1.005684, -37.009098; -0.000018, 0.000016, 0.999326]; 
proj_mat{263}=[0.960366, 0.019310, 84.521523; -0.019098, 0.998124, -18.380751; -0.000022, 0.000008, 0.999397]; 
proj_mat{264}=[0.962690, 0.004487, 79.774879; -0.017005, 0.984096, 3.757804; -0.000022, 0.000012, 0.999276]; 
proj_mat{265}=[0.981331, 0.000030, 54.304287; -0.006172, 0.989491, -15.657895; -0.000013, 0.000014, 0.999718]; 
proj_mat{266}=[0.995883, 0.011102, 27.676083; 0.000402, 1.009598, -33.876431; -0.000008, 0.000019, 0.999884]; 
proj_mat{267}=[1.001625, 0.020244, 15.870797; 0.003368, 1.010994, -33.365860; -0.000005, 0.000019, 1.000038]; 
proj_mat{268}=[0.992447, 0.019486, 37.674725; 0.005026, 1.042084, -21.798204; -0.000010, 0.000013, 1.000255]; 
proj_mat{269}=[0.985697, -0.015325, 51.319897; 0.000144, 1.005382, 34.470009; -0.000010, 0.000007, 1.000375]; 
proj_mat{270}=[1.014515, -0.009984, -2.008256; 0.005732, 1.006837, 41.001774; 0.000002, 0.000014, 1.000689]; 
proj_mat{271}=[1.038567, 0.014367, -51.972576; 0.012846, 1.008231, 14.934573; 0.000012, 0.000027, 1.000511]; 
proj_mat{272}=[1.027724, 0.008025, -58.563671; -0.000647, 1.014545, -9.385427; 0.000015, 0.000005, 0.999479]; 
proj_mat{273}=[1.019838, 0.008637, -59.539982; -0.012754, 1.013289, 4.363797; 0.000014, 0.000001, 0.999308]; 
proj_mat{274}=[1.014861, 0.011964, -65.987190; -0.018211, 1.002137, 17.013489; 0.000013, -0.000001, 0.998914]; 
proj_mat{275}=[1.028248, 0.016556, -80.738441; -0.010659, 1.025214, 5.835545; 0.000017, 0.000001, 0.998094]; 
proj_mat{276}=[1.027984, 0.036964, -83.766167; -0.012427, 1.024578, 24.397913; 0.000017, 0.000006, 0.997703]; 
proj_mat{277}=[0.991114, 0.035205, -17.131983; -0.012527, 0.986953, 50.181343; -0.000003, -0.000001, 0.998433]; 
proj_mat{278}=[0.986471, 0.019160, 13.998789; -0.009064, 0.982403, 49.837505; -0.000006, 0.000003, 0.997700]; 
proj_mat{279}=[0.997869, 0.006914, 2.873040; -0.012620, 0.958942, 41.157013; -0.000003, -0.000001, 0.996606]; 
proj_mat{280}=[0.991704, 0.014239, 1.745410; -0.009486, 0.973463, -0.981660; -0.000008, 0.000005, 0.996048]; 
proj_mat{281}=[0.971119, 0.020245, 29.608974; -0.005435, 0.972733, -29.131611; -0.000016, 0.000006, 0.995852]; 
proj_mat{282}=[0.952498, 0.005108, 73.698982; -0.007698, 0.969108, -43.385506; -0.000024, 0.000005, 0.995942]; 
proj_mat{283}=[0.951773, -0.032244, 92.355377; -0.000714, 0.984646, -56.600864; -0.000023, -0.000004, 0.997024]; 
proj_mat{284}=[0.954073, -0.037531, 88.464310; 0.004300, 0.979457, -50.513424; -0.000021, -0.000004, 0.998073]; 
proj_mat{285}=[0.957892, -0.034497, 76.699890; 0.005959, 0.965469, -50.752678; -0.000019, -0.000002, 0.998973]; 
proj_mat{286}=[0.973704, -0.028802, 55.303608; 0.011475, 1.012911, -72.684914; -0.000014, -0.000005, 1.000255]; 
proj_mat{287}=[0.967965, -0.038992, 62.450386; 0.013475, 0.985967, -40.536037; -0.000015, -0.000007, 1.001275]; 
proj_mat{288}=[0.963749, -0.041509, 60.618156; 0.016421, 0.972283, -39.247631; -0.000015, -0.000010, 1.001881]; 
proj_mat{289}=[0.959346, -0.033703, 61.590233; 0.018399, 0.982816, -44.488605; -0.000016, -0.000010, 1.002257]; 
proj_mat{290}=[0.970444, -0.078306, 54.197784; 0.007680, 1.015116, 25.164314; -0.000010, -0.000025, 1.003913]; 
proj_mat{291}=[0.995722, -0.067744, -3.477951; 0.013687, 0.980245, 68.188698; 0.000004, -0.000026, 1.004543]; 
proj_mat{292}=[1.010965, -0.044670, -43.215069; 0.017214, 0.986537, 62.472160; 0.000012, -0.000023, 1.003867]; 
proj_mat{293}=[1.013789, 0.002035, -52.157177; 0.004518, 0.976928, 68.398605; 0.000011, -0.000017, 1.003168]; 
proj_mat{294}=[0.998039, 0.011543, -24.541569; -0.004121, 0.974735, 49.143841; 0.000002, -0.000006, 1.003006]; 
proj_mat{295}=[0.988622, 0.002777, -1.429651; -0.006879, 0.985264, 24.666708; -0.000004, 0.000002, 1.002471]; 
proj_mat{296}=[1.016898, -0.018745, -34.633045; 0.003896, 1.004006, -8.742530; 0.000008, 0.000002, 1.001913]; 
proj_mat{297}=[1.027288, -0.002321, -58.343258; 0.011223, 1.013457, -32.917740; 0.000012, 0.000009, 1.001298]; 
proj_mat{298}=[1.019429, 0.032011, -39.294411; 0.011152, 1.015507, -43.961018; 0.000005, 0.000012, 1.001164]; 
proj_mat{299}=[1.002239, 0.033714, 0.441027; 0.002972, 0.993867, -43.282185; -0.000004, 0.000016, 1.001038]; 
proj_mat{300}=[0.993305, 0.020965, 23.228506; -0.012874, 1.007119, -53.771130; -0.000008, 0.000016, 1.001029]; 
proj_mat{301}=[0.992708, 0.012878, 9.303291; -0.029111, 1.036095, -32.297592; -0.000006, 0.000010, 1.001634]; 
proj_mat{302}=[1.003767, 0.019537, -34.722282; -0.026089, 1.008394, 44.863430; 0.000005, -0.000016, 1.002672]; 
proj_mat{303}=[0.990935, 0.010398, -14.378574; -0.020904, 0.975351, 55.519283; -0.000001, -0.000020, 1.001955]; 
proj_mat{304}=[0.977760, -0.005264, 10.720439; -0.016752, 0.974197, 42.677601; -0.000007, -0.000018, 1.001410]; 
proj_mat{305}=[0.974351, -0.021330, 21.391533; -0.007921, 0.977406, 30.125248; -0.000010, -0.000013, 1.001144]; 
proj_mat{306}=[0.988158, -0.016998, 13.127350; 0.005045, 0.989168, 5.785153; -0.000005, -0.000009, 1.001217]; 
proj_mat{307}=[0.978059, -0.017240, 25.146181; -0.000541, 0.992612, 7.648381; -0.000008, -0.000011, 1.001068]; 
proj_mat{308}=[0.972099, -0.012225, 32.653679; -0.006237, 0.969036, 39.225636; -0.000011, -0.000015, 1.000940]; 
proj_mat{309}=[0.961171, -0.006121, 51.285664; -0.003920, 0.959801, 21.750362; -0.000017, -0.000011, 1.000696]; 
proj_mat{310}=[0.951725, -0.000522, 75.910683; -0.006887, 0.975173, 8.431467; -0.000022, -0.000006, 1.000486]; 
proj_mat{311}=[0.939167, -0.006689, 99.949844; -0.013945, 0.973544, 22.399776; -0.000027, -0.000004, 1.000200]; 
proj_mat{312}=[0.934553, -0.023613, 108.756775; -0.014169, 0.955875, 36.430836; -0.000029, -0.000002, 1.000308]; 
proj_mat{313}=[0.988509, -0.028397, 41.806702; 0.015332, 0.980317, -27.205959; -0.000008, 0.000011, 1.003877]; 
proj_mat{314}=[1.002906, -0.019668, 18.351408; 0.028510, 1.005811, -76.430656; -0.000003, 0.000018, 1.004155]; 
proj_mat{315}=[1.007479, -0.012867, 8.954293; 0.031702, 1.010340, -93.417709; -0.000001, 0.000017, 1.004536]; 
proj_mat{316}=[1.019522, 0.002638, -4.639836; 0.005147, 1.060953, -53.239620; 0.000005, 0.000004, 1.006009]; 
proj_mat{317}=[1.008585, 0.004059, -1.628993; -0.006427, 1.014591, 14.142324; 0.000003, -0.000003, 1.006180]; 
proj_mat{318}=[0.991126, 0.012596, 8.439547; -0.012794, 0.979922, 31.875511; -0.000003, -0.000003, 1.005630]; 
proj_mat{319}=[0.977053, 0.006936, 26.838415; -0.018618, 0.970601, 22.379353; -0.000007, -0.000002, 1.004963]; 
