homo_mat{1}=[0.995063, -0.004939, 12.575979; -0.002269, 0.995047, -0.936104; -0.000002, -0.000000, 1.000000]; 
homo_mat{2}=[1.000871, 0.001525, 0.306323; -0.000195, 1.004154, -6.389204; -0.000000, 0.000002, 1.000000]; 
homo_mat{3}=[0.997261, 0.003424, 4.450452; -0.000563, 1.000079, -2.901284; -0.000002, 0.000001, 1.000000]; 
homo_mat{4}=[0.992580, -0.002141, 14.991575; -0.000751, 1.004334, 0.848238; -0.000004, -0.000001, 1.000000]; 
homo_mat{5}=[0.995587, -0.002706, 8.813338; 0.000587, 0.990317, 8.198769; -0.000002, -0.000000, 1.000000]; 
homo_mat{6}=[0.997215, -0.000828, 6.168526; 0.001425, 0.998581, -5.246281; -0.000001, -0.000001, 1.000000]; 
homo_mat{7}=[0.993970, 0.003041, 10.706923; -0.001554, 1.003749, 3.150068; -0.000003, -0.000001, 1.000000]; 
homo_mat{8}=[0.988027, -0.015454, 22.585018; -0.002711, 0.984866, 18.335155; -0.000005, -0.000006, 1.000000]; 
homo_mat{9}=[1.001777, -0.006131, -1.221647; 0.001948, 0.999423, 2.908912; 0.000001, -0.000001, 1.000000]; 
homo_mat{10}=[0.999545, 0.005738, -1.822093; 0.001250, 0.993694, 2.454191; 0.000000, -0.000001, 1.000000]; 
homo_mat{11}=[1.000087, -0.001402, 3.845784; -0.002371, 1.004197, 0.595291; -0.000000, 0.000001, 1.000000]; 
homo_mat{12}=[1.001914, -0.004324, -2.833571; -0.003071, 1.003270, 5.185864; 0.000002, -0.000003, 1.000000]; 
homo_mat{13}=[0.999996, 0.006222, -8.213134; -0.003240, 1.002813, 12.060450; 0.000001, -0.000003, 1.000000]; 
homo_mat{14}=[0.996991, 0.000913, 2.763770; -0.003229, 0.988451, 21.370686; -0.000001, -0.000002, 1.000000]; 
homo_mat{15}=[0.995754, -0.008876, 4.062681; 0.000093, 0.989182, 8.452908; -0.000001, -0.000005, 1.000000]; 
homo_mat{16}=[1.001086, -0.004414, -1.886776; 0.003066, 1.003078, -0.405484; 0.000001, -0.000001, 1.000000]; 
homo_mat{17}=[1.001566, 0.000148, -2.203755; 0.003916, 0.993250, 2.356030; 0.000001, 0.000001, 1.000000]; 
homo_mat{18}=[1.000333, -0.001665, 1.463767; 0.002921, 0.997093, -8.198528; -0.000000, 0.000001, 1.000000]; 
homo_mat{19}=[1.004709, -0.006681, -1.601540; 0.008946, 1.006595, -20.813019; 0.000001, 0.000003, 1.000000]; 
homo_mat{20}=[0.998956, -0.000171, 1.647658; 0.001871, 1.013006, -7.202884; -0.000000, -0.000001, 1.000000]; 
homo_mat{21}=[0.998227, -0.001987, 4.963973; -0.000206, 0.997886, 13.133535; -0.000000, -0.000002, 1.000000]; 
homo_mat{22}=[1.001171, -0.008641, -3.468129; -0.007294, 0.975586, 11.848834; 0.000001, -0.000001, 1.000000]; 
homo_mat{23}=[1.018176, -0.008501, -28.660259; 0.005281, 1.016261, -24.132273; 0.000008, 0.000002, 1.000000]; 
homo_mat{24}=[1.017156, 0.015577, -35.261330; 0.003574, 1.022749, -16.032005; 0.000008, 0.000004, 1.000000]; 
homo_mat{25}=[0.999253, 0.014565, -11.648737; -0.000094, 1.019323, 2.032150; 0.000001, -0.000005, 1.000000]; 
homo_mat{26}=[0.986172, 0.008795, 17.276342; -0.005605, 0.990224, 39.843788; -0.000005, -0.000007, 1.000000]; 
homo_mat{27}=[0.973338, -0.004141, 47.247551; -0.018789, 0.944952, 53.845764; -0.000011, -0.000007, 1.000000]; 
homo_mat{28}=[0.995942, -0.000789, 8.454360; -0.004569, 1.001454, -8.940557; -0.000003, 0.000003, 1.000000]; 
homo_mat{29}=[1.000981, -0.003311, 1.473133; 0.001646, 1.010799, -14.790091; -0.000000, 0.000002, 1.000000]; 
homo_mat{30}=[1.001678, -0.003504, -0.564184; 0.003975, 1.004831, -5.743571; 0.000001, 0.000001, 1.000000]; 
homo_mat{31}=[1.002463, -0.005312, -1.551541; 0.003174, 1.000209, -0.706616; 0.000002, -0.000002, 1.000000]; 
homo_mat{32}=[0.998845, 0.012809, -3.871148; -0.002460, 0.992219, 8.920154; -0.000001, -0.000001, 1.000000]; 
homo_mat{33}=[0.991959, 0.009703, 11.187573; -0.002244, 1.000077, -6.301480; -0.000005, 0.000001, 1.000000]; 
homo_mat{34}=[0.986212, 0.003612, 25.681101; -0.003891, 1.001552, 2.189864; -0.000007, 0.000000, 1.000000]; 
homo_mat{35}=[0.977003, -0.007787, 48.610855; -0.013684, 0.982136, 28.773588; -0.000011, -0.000004, 1.000000]; 
homo_mat{36}=[0.997288, -0.007764, 7.047623; -0.004627, 0.992451, 8.396464; -0.000001, -0.000000, 1.000000]; 
homo_mat{37}=[1.007972, -0.003183, -10.347869; 0.000073, 1.001127, -4.792671; 0.000003, 0.000003, 1.000000]; 
homo_mat{38}=[1.011712, 0.000005, -20.795185; 0.001021, 1.006937, -11.562191; 0.000005, 0.000001, 1.000000]; 
homo_mat{39}=[1.006048, 0.028999, -25.432528; -0.001498, 1.017943, -15.979488; 0.000001, 0.000006, 1.000000]; 
homo_mat{40}=[0.990693, 0.006950, 13.593400; -0.002786, 0.997448, 4.040924; -0.000005, 0.000001, 1.000000]; 
homo_mat{41}=[0.988386, -0.003267, 22.156187; -0.002942, 0.994008, 6.754438; -0.000005, -0.000001, 1.000000]; 
homo_mat{42}=[0.994533, -0.005868, 15.791639; -0.002787, 0.994131, 7.745272; -0.000003, -0.000000, 1.000000]; 
homo_mat{43}=[0.999897, -0.009714, 3.909306; -0.002321, 0.993606, 2.884739; 0.000000, -0.000001, 1.000000]; 
homo_mat{44}=[1.009151, -0.001606, -13.922083; 0.000996, 1.000236, -7.010928; 0.000004, 0.000004, 1.000000]; 
homo_mat{45}=[1.020210, 0.016816, -38.403866; 0.003920, 1.022475, -45.265560; 0.000007, 0.000010, 1.000000]; 
homo_mat{46}=[1.004507, 0.008510, -7.788952; 0.001259, 1.009875, -14.268844; 0.000001, 0.000005, 1.000000]; 
homo_mat{47}=[1.004098, -0.005066, -5.292002; -0.001281, 1.017495, -5.418526; 0.000003, -0.000003, 1.000000]; 
homo_mat{48}=[1.001868, -0.000031, -11.355462; -0.002636, 0.997828, 19.090343; 0.000003, -0.000006, 1.000000]; 
homo_mat{49}=[1.000187, 0.006446, -7.556729; -0.000616, 0.988036, 17.587311; 0.000001, -0.000002, 1.000000]; 
homo_mat{50}=[0.995856, 0.000606, 4.472049; 0.000929, 0.979554, 0.505418; -0.000002, -0.000001, 1.000000]; 
homo_mat{51}=[1.000738, 0.001919, 3.498121; 0.004050, 1.001914, -23.774324; -0.000002, 0.000006, 1.000000]; 
homo_mat{52}=[0.993347, 0.003343, 21.461792; 0.008249, 1.020800, -39.103931; -0.000006, 0.000006, 1.000000]; 
homo_mat{53}=[0.993556, -0.014389, 18.996746; 0.000068, 1.001745, 2.288136; -0.000003, -0.000002, 1.000000]; 
homo_mat{54}=[1.001661, -0.011371, 1.653731; 0.000908, 1.001268, 10.403489; 0.000001, -0.000002, 1.000000]; 
homo_mat{55}=[1.005785, -0.009544, -10.498759; 0.002864, 0.990960, 9.317689; 0.000004, -0.000002, 1.000000]; 
homo_mat{56}=[1.009603, 0.001333, -19.722420; 0.005156, 0.997248, -7.238922; 0.000005, 0.000000, 1.000000]; 
homo_mat{57}=[1.004076, 0.015857, -13.532595; 0.002837, 1.017891, -10.062959; 0.000002, -0.000000, 1.000000]; 
homo_mat{58}=[0.992536, 0.005141, 11.067627; -0.005188, 0.988938, 13.850409; -0.000004, -0.000000, 1.000000]; 
homo_mat{59}=[0.991916, -0.000428, 14.030579; -0.004343, 0.989628, 4.166097; -0.000004, -0.000000, 1.000000]; 
homo_mat{60}=[0.996755, -0.003976, 9.562210; -0.001326, 1.000953, -6.166959; -0.000002, 0.000001, 1.000000]; 
homo_mat{61}=[1.001342, -0.003023, 1.582070; 0.000285, 1.006598, -5.016322; 0.000000, 0.000002, 1.000000]; 
homo_mat{62}=[1.003923, 0.000095, -4.544493; -0.000678, 1.001639, 1.702829; 0.000002, 0.000001, 1.000000]; 
homo_mat{63}=[1.005463, -0.011551, -8.211356; -0.001765, 0.997266, 1.174513; 0.000003, -0.000001, 1.000000]; 
homo_mat{64}=[1.019966, -0.018132, -32.596401; 0.004836, 1.014404, -11.563787; 0.000010, -0.000001, 1.000000]; 
homo_mat{65}=[0.965310, -0.010469, -14.249763; -0.004075, 0.995219, 7.392537; -0.000011, 0.000001, 1.000000]; 
homo_mat{66}=[0.998949, 0.017796, -9.079698; 0.002855, 1.006156, 3.531833; 0.000000, -0.000001, 1.000000]; 
homo_mat{67}=[0.985200, 0.007272, 21.490074; -0.002558, 0.988618, 19.578310; -0.000006, -0.000004, 1.000000]; 
homo_mat{68}=[0.979882, -0.003053, 35.508579; -0.005430, 0.980910, 20.900488; -0.000009, -0.000005, 1.000000]; 
homo_mat{69}=[0.970472, -0.011061, 58.411240; -0.009477, 0.974204, 24.212105; -0.000014, -0.000003, 1.000000]; 
homo_mat{70}=[0.992910, -0.009274, 17.535173; -0.001763, 0.995127, 0.416740; -0.000003, -0.000001, 1.000000]; 
homo_mat{71}=[0.998607, -0.001490, 5.449041; -0.000739, 1.004113, -1.439122; -0.000001, -0.000000, 1.000000]; 
homo_mat{72}=[0.992583, 0.001890, 10.769871; -0.004657, 0.992568, 17.498753; -0.000003, -0.000002, 1.000000]; 
homo_mat{73}=[0.994539, -0.005185, 8.807344; -0.000468, 0.993705, 1.979634; -0.000002, -0.000002, 1.000000]; 
homo_mat{74}=[0.998760, -0.003112, 3.776386; 0.002091, 1.000564, -2.017738; -0.000001, -0.000000, 1.000000]; 
homo_mat{75}=[0.997840, 0.001604, 4.813371; 0.000720, 1.001468, 1.395258; -0.000001, -0.000000, 1.000000]; 
homo_mat{76}=[0.996676, 0.001421, 7.240618; -0.001666, 0.995505, 7.236875; -0.000002, -0.000000, 1.000000]; 
homo_mat{77}=[0.993621, -0.006736, 12.501792; -0.003620, 0.992043, 0.441069; -0.000004, 0.000000, 1.000000]; 
homo_mat{78}=[1.002205, -0.003491, -3.175083; 0.003805, 1.006160, -7.841907; 0.000001, 0.000001, 1.000000]; 
homo_mat{79}=[1.002091, -0.000144, -3.032164; 0.003841, 1.004155, -1.860370; 0.000001, -0.000001, 1.000000]; 
homo_mat{80}=[0.999509, 0.001782, 1.744890; -0.000278, 1.000522, 7.091270; 0.000000, -0.000001, 1.000000]; 
homo_mat{81}=[0.999900, -0.004191, 2.588033; -0.002199, 0.989910, 10.819546; 0.000000, 0.000000, 1.000000]; 
homo_mat{82}=[1.015865, -0.006246, -25.132992; 0.006315, 1.008582, -27.160627; 0.000007, 0.000005, 1.000000]; 
homo_mat{83}=[1.009715, 0.007630, -17.015265; 0.004332, 1.016690, -13.064985; 0.000004, 0.000003, 1.000000]; 
homo_mat{84}=[0.997258, 0.006109, -0.678270; -0.002526, 1.003139, 15.207907; -0.000000, -0.000005, 1.000000]; 
homo_mat{85}=[0.996413, -0.001160, 5.144150; -0.003495, 0.985425, 16.214197; -0.000001, -0.000001, 1.000000]; 
homo_mat{86}=[0.999796, -0.003082, 1.284764; 0.001053, 0.995560, -4.678253; -0.000000, 0.000002, 1.000000]; 
homo_mat{87}=[1.002151, -0.001558, -2.384490; 0.003598, 1.005553, -13.563093; 0.000001, 0.000001, 1.000000]; 
homo_mat{88}=[1.002824, 0.002569, -2.875386; 0.002623, 1.009709, -6.743775; 0.000001, 0.000002, 1.000000]; 
homo_mat{89}=[0.997230, 0.002131, 7.931560; -0.003339, 0.997259, 6.786238; -0.000001, -0.000000, 1.000000]; 
homo_mat{90}=[1.003217, -0.007776, -2.692357; -0.002669, 0.997778, 3.803697; 0.000002, 0.000000, 1.000000]; 
homo_mat{91}=[1.010901, -0.004967, -18.937763; 0.002401, 1.004591, -7.104799; 0.000005, 0.000001, 1.000000]; 
homo_mat{92}=[1.011895, 0.005714, -25.338251; 0.005055, 1.011647, -12.003496; 0.000005, 0.000001, 1.000000]; 
homo_mat{93}=[1.004462, 0.007526, -12.333845; 0.003927, 1.007427, -4.890256; 0.000003, -0.000002, 1.000000]; 
homo_mat{94}=[0.992802, 0.006462, 6.836748; 0.000068, 0.999001, 7.738538; -0.000003, -0.000003, 1.000000]; 
homo_mat{95}=[0.987298, -0.001611, 22.408606; -0.002786, 0.993735, 17.047318; -0.000005, -0.000004, 1.000000]; 
homo_mat{96}=[0.991406, -0.011929, 21.211981; -0.004062, 0.983557, 23.703104; -0.000003, -0.000003, 1.000000]; 
homo_mat{97}=[1.001699, -0.013009, 2.176853; 0.000257, 0.991731, 4.443246; 0.000001, -0.000001, 1.000000]; 
homo_mat{98}=[1.015464, 0.007912, -28.238953; 0.007025, 1.012228, -16.238598; 0.000006, 0.000004, 1.000000]; 
homo_mat{99}=[1.000191, 0.008393, -2.353922; -0.000974, 1.001426, -3.516257; -0.000000, -0.000000, 1.000000]; 
homo_mat{100}=[0.994067, 0.006192, 8.416752; -0.002893, 1.006024, 1.246223; -0.000003, 0.000001, 1.000000]; 
homo_mat{101}=[0.984013, -0.005239, 29.147470; -0.006102, 0.986449, 21.904434; -0.000006, -0.000004, 1.000000]; 
homo_mat{102}=[0.998005, -0.001555, 5.854880; -0.002118, 0.990124, 7.770832; -0.000001, 0.000001, 1.000000]; 
homo_mat{103}=[1.000481, -0.004240, 0.779292; -0.000313, 0.994526, -6.574443; -0.000000, 0.000001, 1.000000]; 
homo_mat{104}=[1.005088, -0.000835, -7.547802; 0.002687, 1.011826, -17.639433; 0.000002, 0.000002, 1.000000]; 
homo_mat{105}=[1.003951, 0.002839, -6.575006; 0.002070, 1.017192, -5.812306; 0.000002, 0.000000, 1.000000]; 
homo_mat{106}=[0.997429, -0.002220, 1.460332; -0.001729, 1.001503, 16.829174; 0.000000, -0.000005, 1.000000]; 
homo_mat{107}=[0.998702, -0.004127, 0.726589; -0.002843, 0.985659, 26.806866; 0.000001, -0.000004, 1.000000]; 
homo_mat{108}=[1.005607, -0.008097, -14.322188; 0.005724, 0.993531, -6.572395; 0.000003, -0.000002, 1.000000]; 
homo_mat{109}=[1.003341, 0.000962, -6.124672; 0.004635, 1.010195, -4.342935; 0.000002, -0.000001, 1.000000]; 
homo_mat{110}=[0.998181, -0.000856, 2.005143; 0.000546, 1.004645, 12.061125; 0.000000, -0.000004, 1.000000]; 
homo_mat{111}=[0.994614, -0.003484, 7.094571; -0.003108, 0.990247, 27.259192; -0.000001, -0.000006, 1.000000]; 
homo_mat{112}=[0.991595, -0.005041, 7.160009; -0.004584, 0.967586, 28.320080; -0.000002, -0.000006, 1.000000]; 
homo_mat{113}=[1.000754, -0.002671, 1.024914; 0.003967, 1.006248, -12.165990; -0.000000, 0.000001, 1.000000]; 
homo_mat{114}=[1.000703, -0.000406, 1.722949; 0.002270, 1.008156, -4.004691; 0.000000, -0.000000, 1.000000]; 
homo_mat{115}=[0.999410, -0.002486, 3.149804; -0.002118, 1.001253, 10.333299; 0.000001, -0.000003, 1.000000]; 
homo_mat{116}=[0.999621, -0.002160, -1.614718; -0.004239, 0.996267, 17.082760; 0.000001, -0.000003, 1.000000]; 
homo_mat{117}=[1.000894, -0.005400, -6.384316; 0.005672, 0.986671, 1.070473; 0.000001, 0.000000, 1.000000]; 
homo_mat{118}=[1.002315, 0.001654, -2.160256; 0.005949, 1.007316, -13.224513; 0.000001, 0.000000, 1.000000]; 
homo_mat{119}=[0.998966, 0.000493, 5.971247; 0.000473, 1.004222, 1.580815; -0.000000, 0.000000, 1.000000]; 
homo_mat{120}=[1.001464, 0.000051, 1.164211; -0.003937, 0.988833, 9.308554; 0.000000, 0.000002, 1.000000]; 
homo_mat{121}=[1.003644, -0.001699, -7.251640; -0.001546, 0.993794, -11.960662; 0.000001, 0.000003, 1.000000]; 
homo_mat{122}=[1.012069, 0.014714, -20.979437; 0.007037, 1.028144, -48.694145; 0.000003, 0.000010, 1.000000]; 
homo_mat{123}=[0.998973, 0.005685, 2.949086; 0.000169, 1.009521, -7.244426; -0.000001, 0.000002, 1.000000]; 
homo_mat{124}=[0.995019, 0.001146, 9.794136; -0.003304, 0.999696, 7.034808; -0.000002, -0.000001, 1.000000]; 
homo_mat{125}=[0.997628, -0.001304, 6.824170; -0.005477, 0.990931, 13.090106; -0.000001, 0.000000, 1.000000]; 
homo_mat{126}=[1.010122, 0.000995, -15.285341; 0.001775, 1.005973, -24.973341; 0.000003, 0.000007, 1.000000]; 
homo_mat{127}=[1.004083, 0.006845, -6.821136; 0.003079, 1.010439, -14.674317; 0.000001, 0.000004, 1.000000]; 
homo_mat{128}=[0.999836, 0.003401, 1.634954; -0.000432, 1.009489, -3.322166; 0.000000, -0.000000, 1.000000]; 
homo_mat{129}=[0.996875, -0.000155, 4.810958; -0.004080, 0.999395, 12.383233; -0.000001, -0.000003, 1.000000]; 
homo_mat{130}=[0.994105, -0.008708, 5.944674; -0.002200, 0.988011, 16.862991; -0.000002, -0.000004, 1.000000]; 
homo_mat{131}=[1.000673, -0.003265, -1.764659; 0.003660, 0.999564, 0.939393; 0.000001, -0.000002, 1.000000]; 
homo_mat{132}=[0.999071, -0.002312, 0.895709; 0.002968, 0.998750, 2.696980; 0.000000, -0.000002, 1.000000]; 
homo_mat{133}=[0.997337, -0.002280, 4.321657; 0.002693, 0.998471, 4.198087; -0.000001, -0.000002, 1.000000]; 
homo_mat{134}=[0.997967, -0.001038, 9.449524; -0.002333, 0.981597, 11.416656; -0.000001, 0.000001, 1.000000]; 
homo_mat{135}=[1.005147, 0.001446, -5.826465; -0.000076, 1.000512, -15.138132; 0.000001, 0.000005, 1.000000]; 
homo_mat{136}=[1.006930, 0.004860, -10.648019; 0.002111, 1.013843, -25.963661; 0.000002, 0.000006, 1.000000]; 
homo_mat{137}=[1.004377, 0.004005, -7.065434; 0.002380, 1.015978, -17.867525; 0.000001, 0.000003, 1.000000]; 
homo_mat{138}=[0.999376, 0.001595, -0.582447; 0.000654, 1.011159, -1.541146; 0.000000, -0.000002, 1.000000]; 
homo_mat{139}=[0.995069, -0.001256, 5.981275; -0.000903, 0.999288, 16.848883; -0.000001, -0.000004, 1.000000]; 
homo_mat{140}=[0.994410, -0.003720, 10.490305; -0.003694, 0.967305, 15.310630; -0.000003, -0.000001, 1.000000]; 
homo_mat{141}=[1.005137, 0.002423, -5.629476; 0.000241, 1.006816, -19.085705; 0.000001, 0.000004, 1.000000]; 
homo_mat{142}=[1.004687, 0.004536, -7.592934; -0.000686, 1.015962, -15.981980; 0.000001, 0.000004, 1.000000]; 
homo_mat{143}=[1.000144, 0.002793, -4.363382; 0.000589, 1.011482, -3.308410; 0.000000, -0.000001, 1.000000]; 
homo_mat{144}=[0.992471, -0.007935, 11.024934; 0.001860, 0.982651, 30.562403; -0.000001, -0.000007, 1.000000]; 
homo_mat{145}=[1.000230, -0.001743, 1.156378; -0.000177, 0.987182, 0.167693; -0.000000, 0.000001, 1.000000]; 
homo_mat{146}=[1.002945, 0.004203, -3.827964; 0.000775, 1.006634, -17.419685; 0.000000, 0.000004, 1.000000]; 
homo_mat{147}=[1.000807, 0.006560, -1.158751; 0.000002, 1.006698, -12.717737; -0.000001, 0.000004, 1.000000]; 
homo_mat{148}=[0.998329, 0.003186, 4.030748; -0.001073, 1.006530, -8.006926; -0.000001, 0.000001, 1.000000]; 
homo_mat{149}=[0.992571, -0.002986, 12.714553; -0.004190, 0.993653, 16.220123; -0.000003, -0.000003, 1.000000]; 
homo_mat{150}=[0.998649, -0.005623, 2.180834; -0.000384, 0.990712, -0.669211; -0.000001, -0.000001, 1.000000]; 
homo_mat{151}=[1.004343, -0.001437, -6.656339; 0.002071, 1.008717, -11.330183; 0.000002, 0.000000, 1.000000]; 
homo_mat{152}=[1.000863, 0.007227, -4.690109; -0.000302, 1.007613, 0.330778; 0.000000, -0.000000, 1.000000]; 
homo_mat{153}=[0.995325, 0.002165, 5.961493; -0.002247, 0.996018, 11.579350; -0.000002, -0.000002, 1.000000]; 
homo_mat{154}=[0.995345, -0.001938, 8.571337; -0.002320, 0.986971, 9.967415; -0.000002, -0.000001, 1.000000]; 
homo_mat{155}=[1.000104, -0.005074, 2.863061; 0.000126, 1.000572, -5.928030; -0.000000, 0.000001, 1.000000]; 
homo_mat{156}=[1.005632, 0.003738, -9.427401; 0.001275, 1.006417, -8.007852; 0.000002, 0.000002, 1.000000]; 
homo_mat{157}=[1.002056, 0.003208, -2.755978; -0.000237, 0.994692, -3.718732; 0.000000, 0.000003, 1.000000]; 
homo_mat{158}=[1.004233, -0.001753, -4.967534; -0.000102, 1.006121, -15.252106; 0.000001, 0.000002, 1.000000]; 
homo_mat{159}=[1.004818, 0.007704, -9.497403; 0.000686, 1.014381, -11.983588; 0.000001, 0.000004, 1.000000]; 
homo_mat{160}=[0.997988, 0.006087, 0.528415; -0.000152, 0.999823, 0.827880; -0.000001, 0.000001, 1.000000]; 
homo_mat{161}=[0.994809, 0.001443, 8.766599; -0.001738, 0.996918, 2.211345; -0.000002, -0.000001, 1.000000]; 
homo_mat{162}=[0.995286, -0.009045, 11.296470; -0.004120, 0.995604, 14.957804; -0.000001, -0.000003, 1.000000]; 
homo_mat{163}=[1.004136, -0.008731, -5.746689; 0.001208, 1.004208, -0.556270; 0.000002, -0.000001, 1.000000]; 
homo_mat{164}=[1.007117, -0.003713, -14.366930; 0.004437, 1.003347, 1.272490; 0.000004, -0.000001, 1.000000]; 
homo_mat{165}=[1.005732, 0.006134, -14.329695; 0.003351, 0.995836, 3.063981; 0.000003, -0.000000, 1.000000]; 
homo_mat{166}=[1.000839, 0.012610, -4.344637; -0.000705, 0.994457, -2.373902; -0.000000, 0.000002, 1.000000]; 
homo_mat{167}=[0.994895, 0.009677, 8.600189; -0.004157, 0.996012, -7.865194; -0.000004, 0.000003, 1.000000]; 
homo_mat{168}=[0.994361, -0.002718, 14.167418; -0.002293, 1.008691, -13.195065; -0.000004, 0.000003, 1.000000]; 
homo_mat{169}=[0.999054, -0.005560, 6.596451; 0.000345, 1.003599, -4.133275; -0.000001, 0.000001, 1.000000]; 
homo_mat{170}=[1.001982, -0.007557, -1.949167; -0.000217, 1.005933, -0.493007; 0.000002, -0.000005, 1.000000]; 
homo_mat{171}=[1.001633, 0.001787, -7.772262; -0.002199, 1.010878, 13.625898; 0.000002, -0.000004, 1.000000]; 
homo_mat{172}=[1.000282, -0.011776, -5.826542; 0.004233, 0.969774, 39.862434; 0.000002, -0.000007, 1.000000]; 
homo_mat{173}=[1.001367, 0.001093, -4.583602; 0.004033, 1.004183, -10.279018; 0.000001, -0.000002, 1.000000]; 
homo_mat{174}=[0.997074, 0.005622, 3.834829; 0.000154, 1.008738, 3.092873; -0.000001, -0.000001, 1.000000]; 
homo_mat{175}=[0.992835, -0.001851, 13.428172; -0.003293, 0.988209, 18.635735; -0.000003, -0.000002, 1.000000]; 
homo_mat{176}=[0.995015, -0.010185, 9.218489; -0.002402, 0.982806, 8.482733; -0.000002, -0.000003, 1.000000]; 
homo_mat{177}=[1.008532, -0.002061, -13.998944; 0.006813, 1.017480, -18.999943; 0.000003, 0.000002, 1.000000]; 
homo_mat{178}=[1.000669, 0.003924, -1.464669; 0.000504, 0.997301, 5.409480; 0.000001, -0.000001, 1.000000]; 
homo_mat{179}=[1.000994, 0.001869, -0.081479; -0.005802, 0.987137, 3.250836; -0.000000, 0.000003, 1.000000]; 
homo_mat{180}=[1.005775, 0.002463, -9.719840; 0.001636, 1.015625, -22.160460; 0.000002, 0.000003, 1.000000]; 
homo_mat{181}=[1.000240, 0.008025, -5.873642; 0.001172, 1.008966, -5.920975; -0.000000, 0.000000, 1.000000]; 
homo_mat{182}=[0.994619, 0.004818, 8.032489; -0.000567, 1.002201, 5.127810; -0.000002, -0.000003, 1.000000]; 
homo_mat{183}=[0.988442, -0.009529, 21.179117; -0.002951, 0.992671, 19.992489; -0.000004, -0.000006, 1.000000]; 
homo_mat{184}=[0.994082, -0.008160, 11.992540; -0.001559, 0.984206, 21.688595; -0.000002, -0.000004, 1.000000]; 
homo_mat{185}=[0.996619, -0.001854, 9.213214; 0.000321, 0.985063, -3.475863; -0.000002, 0.000002, 1.000000]; 
homo_mat{186}=[1.003364, -0.004143, -1.320705; -0.000327, 1.009409, -8.948553; 0.000001, 0.000001, 1.000000]; 
homo_mat{187}=[1.007453, -0.003639, -10.825365; -0.000315, 1.004622, -0.265470; 0.000003, 0.000000, 1.000000]; 
homo_mat{188}=[1.010172, 0.001271, -19.720623; 0.000904, 1.004378, -2.447543; 0.000005, 0.000000, 1.000000]; 
homo_mat{189}=[1.007374, 0.007194, -17.666233; 0.001606, 1.004267, -4.291477; 0.000003, 0.000001, 1.000000]; 
homo_mat{190}=[1.001395, 0.013014, -6.827014; 0.001055, 1.000147, -4.964220; 0.000001, -0.000000, 1.000000]; 
homo_mat{191}=[0.968665, 0.019334, 49.988575; -0.011434, 0.987292, 10.065340; -0.000015, -0.000002, 1.000000]; 
homo_mat{192}=[0.981935, -0.011375, 38.599422; -0.007620, 0.993456, 11.208226; -0.000008, -0.000003, 1.000000]; 
homo_mat{193}=[0.998574, -0.016506, 15.999654; -0.002599, 0.997638, 12.840246; -0.000001, -0.000000, 1.000000]; 
homo_mat{194}=[1.007601, -0.012855, -8.247830; 0.001076, 0.995443, 5.942170; 0.000004, -0.000001, 1.000000]; 
homo_mat{195}=[1.021731, 0.006334, -47.155968; 0.009616, 1.012444, -14.894142; 0.000011, 0.000001, 1.000000]; 
homo_mat{196}=[1.002811, 0.008448, -8.347685; 0.002567, 0.998901, -4.950863; 0.000001, 0.000000, 1.000000]; 
homo_mat{197}=[0.997161, 0.007563, 4.589576; -0.000361, 0.999964, -5.895284; -0.000002, -0.000000, 1.000000]; 
homo_mat{198}=[0.990572, 0.004565, 17.707237; -0.002836, 1.000211, -0.322887; -0.000005, 0.000001, 1.000000]; 
homo_mat{199}=[0.989610, -0.004782, 21.881130; -0.003222, 0.993791, 4.547696; -0.000005, -0.000001, 1.000000]; 
homo_mat{200}=[0.995181, -0.010546, 13.681955; -0.001704, 0.999393, 3.068044; -0.000002, 0.000000, 1.000000]; 
homo_mat{201}=[1.005334, -0.014346, -4.521511; 0.001284, 1.003210, 2.131224; 0.000003, 0.000000, 1.000000]; 
homo_mat{202}=[1.015083, -0.011300, -26.582941; 0.005043, 1.006876, -0.924219; 0.000008, -0.000001, 1.000000]; 
homo_mat{203}=[1.017763, 0.006899, -39.049362; 0.006940, 1.006101, -3.759025; 0.000009, 0.000000, 1.000000]; 
homo_mat{204}=[0.996198, 0.034951, -11.824390; 0.001437, 0.996444, -9.043300; -0.000003, 0.000003, 1.000000]; 
homo_mat{205}=[0.987196, 0.003766, 26.224661; -0.004480, 0.996802, -1.278257; -0.000007, 0.000003, 1.000000]; 
homo_mat{206}=[0.991520, -0.015772, 25.336329; -0.003300, 1.000023, -1.124056; -0.000004, -0.000001, 1.000000]; 
homo_mat{207}=[1.001993, -0.014896, 2.462552; 0.000163, 1.008795, 2.674771; 0.000001, -0.000001, 1.000000]; 
homo_mat{208}=[1.008226, -0.007547, -15.032100; 0.003540, 0.998663, 10.115323; 0.000005, -0.000003, 1.000000]; 
homo_mat{209}=[1.008602, 0.006238, -20.753794; 0.003075, 0.993360, 5.549359; 0.000005, -0.000000, 1.000000]; 
homo_mat{210}=[1.002707, 0.009198, -10.203939; 0.001048, 0.998099, -6.935319; 0.000001, 0.000001, 1.000000]; 
homo_mat{211}=[0.995535, 0.007559, 8.474609; -0.002407, 1.012461, -8.861818; -0.000003, 0.000002, 1.000000]; 
homo_mat{212}=[0.996105, -0.003965, 6.996695; -0.002023, 1.000939, 9.522544; -0.000001, -0.000002, 1.000000]; 
homo_mat{213}=[0.999235, -0.003547, 0.999955; 0.000502, 0.977786, 13.511379; 0.000000, -0.000001, 1.000000]; 
homo_mat{214}=[1.004028, -0.000129, -3.925864; 0.001157, 1.007587, -16.528271; 0.000001, 0.000003, 1.000000]; 
homo_mat{215}=[1.005613, 0.000480, -7.159682; 0.001083, 1.013446, -12.161649; 0.000002, 0.000002, 1.000000]; 
homo_mat{216}=[1.003809, -0.002475, -7.238435; 0.001061, 1.008246, -1.102869; 0.000002, -0.000001, 1.000000]; 
homo_mat{217}=[1.003169, 0.001390, -8.314427; 0.001906, 1.001603, 6.218247; 0.000002, -0.000002, 1.000000]; 
homo_mat{218}=[0.995193, 0.002962, 5.040808; 0.001641, 0.981753, 10.969058; -0.000002, 0.000000, 1.000000]; 
homo_mat{219}=[1.000272, -0.000931, 4.177971; 0.001003, 1.003678, -12.186894; -0.000001, 0.000003, 1.000000]; 
homo_mat{220}=[1.002544, -0.004127, 0.060145; 0.000600, 1.007834, -9.758688; 0.000001, 0.000001, 1.000000]; 
homo_mat{221}=[1.005058, -0.002072, -6.996509; 0.000815, 1.008610, -3.420659; 0.000002, 0.000000, 1.000000]; 
homo_mat{222}=[1.004958, 0.005761, -16.031954; -0.000656, 1.001683, 13.701079; 0.000003, -0.000003, 1.000000]; 
homo_mat{223}=[0.996545, 0.001428, 2.052506; 0.000535, 0.988105, 5.208918; -0.000001, 0.000000, 1.000000]; 
homo_mat{224}=[0.998117, 0.000039, 8.495181; 0.001060, 1.009375, -14.422086; -0.000002, 0.000002, 1.000000]; 
homo_mat{225}=[1.000280, -0.006255, 1.270795; -0.001385, 1.002939, 5.190178; 0.000000, 0.000000, 1.000000]; 
homo_mat{226}=[1.008100, -0.011079, -11.852731; 0.001811, 0.998067, 5.219790; 0.000005, -0.000001, 1.000000]; 
homo_mat{227}=[1.021125, 0.007848, -49.136414; 0.010883, 1.011472, -9.796868; 0.000011, -0.000001, 1.000000]; 
homo_mat{228}=[0.996570, 0.018648, -1.783280; 0.000751, 1.007240, 0.774272; -0.000002, -0.000001, 1.000000]; 
homo_mat{229}=[0.982609, 0.007362, 28.937151; -0.004954, 0.985462, 19.645582; -0.000008, -0.000001, 1.000000]; 
homo_mat{230}=[0.983315, -0.008854, 36.414520; -0.006005, 0.978917, 12.659208; -0.000008, -0.000002, 1.000000]; 
homo_mat{231}=[0.992097, -0.011811, 20.623169; -0.003770, 0.996517, -2.781357; -0.000004, -0.000000, 1.000000]; 
homo_mat{232}=[1.008450, -0.008038, -7.912404; 0.000777, 1.007265, -9.219992; 0.000003, 0.000003, 1.000000]; 
homo_mat{233}=[1.006447, 0.003785, -13.069282; 0.001680, 1.002960, -6.975712; 0.000003, 0.000002, 1.000000]; 
homo_mat{234}=[1.004169, 0.003645, -9.065690; 0.001521, 1.005504, -8.778456; 0.000001, 0.000001, 1.000000]; 
homo_mat{235}=[1.002161, 0.001218, -3.298409; 0.001481, 1.004846, -5.633752; 0.000001, 0.000002, 1.000000]; 
homo_mat{236}=[1.002764, -0.004624, -3.309035; 0.002048, 1.003413, -3.259514; 0.000001, -0.000000, 1.000000]; 
homo_mat{237}=[1.003517, 0.010837, -9.503630; 0.002873, 1.003610, 2.954946; 0.000002, 0.000001, 1.000000]; 
homo_mat{238}=[0.991240, 0.007937, 12.648302; -0.002935, 0.991912, 4.980512; -0.000004, -0.000000, 1.000000]; 
homo_mat{239}=[0.989000, 0.000895, 21.463701; -0.004204, 0.995811, 2.417993; -0.000006, 0.000001, 1.000000]; 
homo_mat{240}=[0.993449, -0.009858, 18.086246; -0.002984, 0.996175, 2.433977; -0.000003, -0.000001, 1.000000]; 
homo_mat{241}=[1.001879, -0.010930, 1.634006; -0.000853, 1.001125, 0.657844; 0.000001, -0.000000, 1.000000]; 
homo_mat{242}=[1.021369, -0.007680, -39.955978; 0.006898, 1.011465, -4.876820; 0.000011, -0.000000, 1.000000]; 
homo_mat{243}=[1.008754, 0.009085, -20.697371; 0.003971, 1.004816, -4.008461; 0.000004, -0.000000, 1.000000]; 
homo_mat{244}=[0.998403, 0.015829, -2.899883; 0.000342, 1.002870, -0.076672; -0.000001, 0.000002, 1.000000]; 
homo_mat{245}=[0.988572, 0.007156, 18.898132; -0.003551, 0.992050, 7.266671; -0.000005, -0.000001, 1.000000]; 
homo_mat{246}=[0.981222, -0.013252, 45.349926; -0.008290, 0.989794, 6.990033; -0.000009, -0.000001, 1.000000]; 
homo_mat{247}=[1.002802, -0.011445, 0.630665; -0.000470, 1.002521, 1.437027; 0.000001, 0.000000, 1.000000]; 
homo_mat{248}=[1.010497, -0.008662, -17.086214; 0.002912, 1.004562, -0.931535; 0.000006, -0.000001, 1.000000]; 
homo_mat{249}=[1.012850, 0.002784, -26.702358; 0.004516, 1.006123, -2.779783; 0.000006, 0.000000, 1.000000]; 
homo_mat{250}=[1.008787, 0.007319, -19.664164; 0.003756, 1.000417, -3.044363; 0.000005, -0.000001, 1.000000]; 
homo_mat{251}=[0.999321, 0.009803, -4.172684; 0.000804, 1.000478, -4.799989; -0.000000, -0.000000, 1.000000]; 
homo_mat{252}=[0.986120, 0.005422, 27.684053; -0.004908, 0.996053, 0.487935; -0.000008, 0.000002, 1.000000]; 
homo_mat{253}=[0.995522, -0.007126, 11.759301; -0.002424, 0.999358, 2.525024; -0.000002, 0.000000, 1.000000]; 
homo_mat{254}=[1.001868, -0.006873, -0.857320; 0.000330, 0.998570, 1.844179; 0.000001, -0.000001, 1.000000]; 
homo_mat{255}=[1.004525, -0.002357, -8.737907; 0.001718, 1.001211, -1.143626; 0.000002, -0.000000, 1.000000]; 
homo_mat{256}=[1.005902, 0.012069, -13.872686; 0.002141, 1.002791, -4.962762; 0.000003, 0.000001, 1.000000]; 
homo_mat{257}=[0.996395, 0.002483, 6.810360; -0.001352, 1.000081, -1.460026; -0.000002, 0.000001, 1.000000]; 
homo_mat{258}=[0.996713, -0.002707, 8.864376; -0.001587, 0.999934, 1.059531; -0.000002, 0.000001, 1.000000]; 
homo_mat{259}=[1.000036, -0.006190, 2.625620; -0.000065, 0.999363, 0.750851; 0.000000, -0.000001, 1.000000]; 
homo_mat{260}=[1.003851, -0.000915, -6.400061; 0.001285, 1.000810, -0.374902; 0.000002, 0.000001, 1.000000]; 
homo_mat{261}=[1.005653, 0.006272, -10.910572; 0.001334, 1.001098, -8.966409; 0.000002, 0.000001, 1.000000]; 
homo_mat{262}=[1.000016, -0.000458, 1.156263; -0.000501, 1.003791, -4.823377; -0.000000, 0.000001, 1.000000]; 
homo_mat{263}=[1.001274, -0.001793, -1.380090; -0.000062, 1.004333, -0.641065; 0.000000, 0.000001, 1.000000]; 
homo_mat{264}=[1.002623, 0.000125, -5.841293; 0.001502, 0.997144, 0.119646; 0.000001, 0.000000, 1.000000]; 
homo_mat{265}=[1.000004, 0.002936, -2.663806; 0.001635, 1.003026, -5.767611; 0.000000, -0.000000, 1.000000]; 
homo_mat{266}=[0.998346, 0.003253, 3.374821; 0.000580, 1.003308, 0.905852; -0.000001, -0.000000, 1.000000]; 
homo_mat{267}=[0.993481, 0.000858, 9.853971; -0.002768, 0.999894, 7.444834; -0.000003, -0.000005, 1.000000]; 
homo_mat{268}=[0.984898, -0.014755, 28.660273; -0.005073, 0.978392, 52.167507; -0.000005, -0.000008, 1.000000]; 
homo_mat{269}=[1.001108, -0.005367, -0.727598; 0.000924, 0.983307, 1.917216; 0.000001, -0.000000, 1.000000]; 
homo_mat{270}=[1.006364, 0.001039, -10.193474; 0.002237, 1.013756, -19.786074; 0.000002, 0.000002, 1.000000]; 
homo_mat{271}=[1.006115, 0.005663, -10.220026; 0.001543, 1.011520, -6.941782; 0.000002, 0.000003, 1.000000]; 
homo_mat{272}=[1.001598, 0.004679, -4.192663; -0.000899, 0.996056, -0.276061; 0.000001, 0.000001, 1.000000]; 
homo_mat{273}=[1.001092, 0.004979, -1.928672; -0.000622, 1.006222, -11.444485; -0.000001, 0.000004, 1.000000]; 
homo_mat{274}=[0.999719, 0.001208, 1.193574; 0.001209, 0.999534, -5.646760; -0.000001, 0.000001, 1.000000]; 
homo_mat{275}=[0.997931, 0.002909, 4.385485; 0.000047, 1.005428, -5.660298; -0.000001, 0.000000, 1.000000]; 
homo_mat{276}=[0.996365, -0.000909, 8.273397; -0.003039, 1.002173, 6.704016; -0.000001, -0.000001, 1.000000]; 
homo_mat{277}=[1.002677, -0.011891, -4.415573; -0.002864, 0.987391, 17.941490; 0.000002, -0.000002, 1.000000]; 
homo_mat{278}=[1.007641, 0.002043, -14.586239; 0.005287, 1.003019, -13.878735; 0.000003, 0.000002, 1.000000]; 
homo_mat{279}=[1.006327, 0.007350, -9.753622; 0.003750, 1.011681, -15.304321; 0.000002, 0.000003, 1.000000]; 
homo_mat{280}=[0.997702, 0.006383, 2.174781; -0.005065, 1.002967, 3.796840; -0.000001, -0.000000, 1.000000]; 
homo_mat{281}=[0.998563, -0.003148, 2.783322; -0.001310, 0.998433, 3.498619; -0.000001, 0.000001, 1.000000]; 
homo_mat{282}=[1.005937, 0.002571, -10.483303; 0.006205, 1.002110, -14.257756; 0.000002, 0.000003, 1.000000]; 
homo_mat{283}=[0.997933, 0.004718, 4.198034; 0.000278, 1.004518, -3.433681; -0.000001, 0.000000, 1.000000]; 
homo_mat{284}=[0.996072, 0.000395, 9.342896; -0.004019, 0.998899, 6.710517; -0.000002, -0.000002, 1.000000]; 
homo_mat{285}=[0.996672, -0.009607, 3.908679; -0.007441, 0.991649, 18.342688; -0.000001, -0.000001, 1.000000]; 
homo_mat{286}=[1.006683, 0.001177, -13.322922; 0.004649, 1.003481, -8.203773; 0.000003, 0.000002, 1.000000]; 
homo_mat{287}=[1.004319, 0.006959, -8.846502; 0.004092, 1.001801, -8.140574; 0.000002, 0.000002, 1.000000]; 
homo_mat{288}=[0.997105, 0.009767, 3.683382; 0.000485, 1.000535, -7.849150; -0.000002, 0.000000, 1.000000]; 
homo_mat{289}=[0.975758, 0.010465, 45.796444; -0.010550, 0.987503, 10.681273; -0.000013, 0.000001, 1.000000]; 
homo_mat{290}=[0.988527, -0.005351, 24.091366; -0.006107, 0.989974, -0.286065; -0.000006, 0.000000, 1.000000]; 
homo_mat{291}=[0.997376, -0.012924, 10.153596; -0.002707, 1.008496, -6.975734; -0.000002, -0.000000, 1.000000]; 
homo_mat{292}=[1.008658, -0.009628, -10.700761; 0.002641, 1.005987, 1.595879; 0.000004, 0.000000, 1.000000]; 
homo_mat{293}=[1.010750, -0.011129, -21.062042; 0.004998, 1.001024, 0.803664; 0.000006, -0.000003, 1.000000]; 
homo_mat{294}=[1.015464, -0.002515, -30.380486; 0.007692, 1.007445, -3.967359; 0.000008, -0.000001, 1.000000]; 
homo_mat{295}=[1.014646, 0.025248, -32.887299; 0.009514, 1.000821, -9.314157; 0.000007, 0.000002, 1.000000]; 
homo_mat{296}=[0.990547, 0.008292, 17.310078; -0.002228, 0.998434, -4.661332; -0.000005, 0.000001, 1.000000]; 
homo_mat{297}=[0.988240, -0.001289, 24.927578; -0.004808, 1.002836, 1.337885; -0.000006, 0.000002, 1.000000]; 
homo_mat{298}=[0.993922, -0.020210, 16.531923; -0.003621, 0.995527, 21.134521; -0.000002, -0.000001, 1.000000]; 
homo_mat{299}=[1.007702, -0.006929, -14.342627; 0.004091, 0.999230, 1.052386; 0.000005, -0.000003, 1.000000]; 
homo_mat{300}=[1.009780, 0.010348, -25.647713; 0.006218, 1.006717, -9.444301; 0.000005, -0.000004, 1.000000]; 
homo_mat{301}=[0.992827, 0.005956, 9.523035; -0.001026, 1.010097, 9.371378; -0.000003, -0.000002, 1.000000]; 
homo_mat{302}=[0.985931, -0.019577, 29.037146; -0.002635, 0.965386, 47.302998; -0.000004, -0.000008, 1.000000]; 
homo_mat{303}=[1.001644, -0.001721, -1.910392; 0.001014, 0.997632, -1.743023; 0.000001, 0.000000, 1.000000]; 
homo_mat{304}=[1.003729, 0.003164, -5.282645; 0.000790, 1.000045, -5.389064; 0.000001, 0.000002, 1.000000]; 
homo_mat{305}=[1.003083, 0.002587, -4.407218; -0.000470, 1.000433, -9.582176; 0.000001, 0.000003, 1.000000]; 
homo_mat{306}=[1.005915, 0.000312, -7.365174; 0.000425, 1.008597, -14.479608; 0.000002, 0.000004, 1.000000]; 
homo_mat{307}=[1.007341, 0.001615, -11.848115; 0.001600, 1.008734, -12.886251; 0.000003, 0.000003, 1.000000]; 
homo_mat{308}=[1.006718, 0.006513, -12.576728; 0.001642, 1.008706, -9.341866; 0.000003, 0.000004, 1.000000]; 
homo_mat{309}=[0.995483, 0.004711, 1.223609; -0.000178, 1.008706, -9.971310; -0.000001, -0.000002, 1.000000]; 
homo_mat{310}=[0.995050, -0.001223, 7.868097; -0.001154, 0.995964, 13.032744; -0.000002, -0.000003, 1.000000]; 
homo_mat{311}=[0.994712, -0.003743, 9.272575; -0.002603, 0.992628, 14.945243; -0.000002, -0.000004, 1.000000]; 
homo_mat{312}=[0.996389, -0.001627, 5.469513; -0.002985, 0.991058, 13.841809; -0.000001, -0.000001, 1.000000]; 
homo_mat{313}=[1.003498, -0.005475, -5.146400; 0.002928, 0.999445, -11.393909; 0.000001, 0.000001, 1.000000]; 
homo_mat{314}=[1.004894, 0.000201, -6.312322; 0.002864, 1.004186, -5.323714; 0.000002, 0.000002, 1.000000]; 
homo_mat{315}=[1.003827, 0.001349, -6.005727; 0.000510, 1.001593, -4.002813; 0.000002, 0.000001, 1.000000]; 
homo_mat{316}=[1.003746, 0.004321, -10.290522; -0.002259, 1.004060, 4.918897; 0.000002, -0.000000, 1.000000]; 
homo_mat{317}=[1.001538, 0.000657, -4.189987; -0.000277, 0.994576, -1.647120; 0.000001, 0.000000, 1.000000]; 
homo_mat{318}=[1.003967, -0.001443, -5.719183; 0.001437, 1.005837, -10.113031; 0.000001, 0.000002, 1.000000]; 
homo_mat{319}=[1.005859, -0.000044, -9.202141; 0.001896, 1.006097, -7.616681; 0.000003, 0.000001, 1.000000]; 
homo_mat{320}=[1.004683, 0.002913, -10.016590; 0.001387, 1.006797, -4.918416; 0.000002, 0.000000, 1.000000]; 
homo_mat{321}=[1.000023, 0.009285, -3.594084; 0.000580, 1.003405, 1.225535; 0.000000, 0.000000, 1.000000]; 
homo_mat{322}=[0.970676, 0.020660, 45.971985; -0.008100, 0.978546, 14.293313; -0.000015, -0.000000, 1.000000]; 
homo_mat{323}=[0.981795, -0.005902, 39.947357; -0.007232, 0.993262, 3.869762; -0.000009, -0.000000, 1.000000]; 
homo_mat{324}=[0.989957, -0.016730, 26.498127; -0.005911, 0.998774, 7.418209; -0.000005, 0.000001, 1.000000]; 
homo_mat{325}=[1.010339, -0.023546, -6.725960; 0.001488, 1.001237, 3.655337; 0.000006, -0.000000, 1.000000]; 
homo_mat{326}=[1.023389, -0.017713, -40.368065; 0.007416, 1.012763, -7.673460; 0.000012, -0.000002, 1.000000]; 
homo_mat{327}=[1.027811, 0.006336, -59.212784; 0.011364, 1.014452, -8.680190; 0.000014, 0.000001, 1.000000]; 
homo_mat{328}=[1.015276, 0.034266, -50.909649; 0.010434, 0.999351, -18.202848; 0.000008, -0.000000, 1.000000]; 
homo_mat{329}=[0.989848, 0.013965, 15.230100; -0.002810, 1.000957, -6.481105; -0.000006, 0.000003, 1.000000]; 
homo_mat{330}=[0.985789, -0.000519, 29.775236; -0.005326, 0.996744, 0.838480; -0.000008, 0.000002, 1.000000]; 
homo_mat{331}=[0.999687, -0.021018, 16.862415; -0.002834, 1.005467, 8.052500; -0.000001, 0.000002, 1.000000]; 
homo_mat{332}=[1.008543, -0.002550, -15.952362; 0.002528, 0.996294, 1.217982; 0.000005, -0.000000, 1.000000]; 
homo_mat{333}=[1.007465, 0.004370, -16.373299; 0.002761, 1.000163, -9.881473; 0.000004, -0.000000, 1.000000]; 
homo_mat{334}=[1.003153, 0.010812, -8.617654; 0.000775, 1.009309, -10.702477; 0.000000, 0.000002, 1.000000]; 
homo_mat{335}=[0.995778, 0.002963, 11.135292; -0.001543, 0.997214, -6.837073; -0.000004, 0.000005, 1.000000]; 
homo_mat{336}=[0.999808, -0.001710, 1.523014; 0.000024, 1.012153, -8.514956; -0.000000, -0.000000, 1.000000]; 
homo_mat{337}=[0.999124, 0.000756, 0.613024; 0.000062, 0.999009, 7.275651; 0.000000, -0.000001, 1.000000]; 
homo_mat{338}=[0.996026, -0.001203, 4.211812; -0.000807, 0.996546, 6.369478; -0.000001, -0.000004, 1.000000]; 
homo_mat{339}=[0.996875, -0.001975, 5.762207; -0.000727, 1.000023, 9.957335; -0.000001, -0.000001, 1.000000]; 
homo_mat{340}=[0.997024, -0.008235, 5.060318; 0.000312, 0.992199, 13.030999; -0.000000, -0.000004, 1.000000]; 
homo_mat{341}=[1.000939, -0.001722, -1.006716; 0.000808, 0.991095, 8.539834; 0.000001, -0.000001, 1.000000]; 
homo_mat{342}=[1.001108, 0.001828, -2.940321; 0.000089, 1.000399, -4.045211; 0.000000, 0.000001, 1.000000]; 
homo_mat{343}=[1.000444, 0.001969, -0.877614; 0.000529, 1.003826, -3.885831; -0.000000, 0.000001, 1.000000]; 
homo_mat{344}=[0.996325, -0.000502, 5.031522; -0.001305, 1.005282, 3.765818; -0.000001, -0.000003, 1.000000]; 
homo_mat{345}=[0.995326, 0.001274, 5.951652; -0.001000, 0.993899, 13.288254; -0.000002, -0.000002, 1.000000]; 
homo_mat{346}=[0.994589, -0.003244, 9.949435; -0.001981, 0.990772, 11.080665; -0.000002, -0.000003, 1.000000]; 
homo_mat{347}=[0.996754, -0.002792, 6.190618; -0.002025, 0.994090, 5.687888; -0.000001, -0.000001, 1.000000]; 
homo_mat{348}=[0.999628, -0.006045, 1.320674; -0.000288, 1.001197, 0.055069; 0.000000, -0.000001, 1.000000]; 
homo_mat{349}=[1.005649, 0.002689, -10.451242; 0.002422, 0.996496, -3.031205; 0.000002, 0.000001, 1.000000]; 
homo_mat{350}=[1.002244, 0.003096, -2.550976; 0.000258, 1.003117, -6.553285; 0.000000, 0.000003, 1.000000]; 
homo_mat{351}=[1.001748, -0.000502, -1.931285; 0.000111, 1.002108, -7.952044; 0.000000, 0.000001, 1.000000]; 
homo_mat{352}=[1.002110, -0.001282, -3.257712; 0.000498, 1.013965, -6.567382; 0.000001, 0.000000, 1.000000]; 
homo_mat{353}=[1.000532, -0.003435, -2.654341; 0.001296, 1.005852, 9.306551; 0.000001, -0.000003, 1.000000]; 
homo_mat{354}=[0.997806, -0.001225, -0.184794; 0.000122, 0.990421, 20.238102; 0.000001, -0.000005, 1.000000]; 
homo_mat{355}=[0.995534, -0.000214, 3.927341; -0.000844, 0.988057, 14.567521; -0.000001, -0.000005, 1.000000]; 
homo_mat{356}=[0.994501, -0.007808, 15.059533; 0.000598, 0.984118, 4.853824; -0.000003, 0.000000, 1.000000]; 
homo_mat{357}=[1.004362, -0.002639, -4.374853; 0.000573, 1.007117, -10.938005; 0.000001, 0.000001, 1.000000]; 
homo_mat{358}=[1.005566, 0.002642, -9.509421; 0.001014, 1.007955, -5.915690; 0.000002, 0.000003, 1.000000]; 
homo_mat{359}=[1.003102, 0.015183, -10.500135; 0.001124, 0.997776, -9.587347; 0.000000, 0.000005, 1.000000]; 
homo_mat{360}=[0.997100, 0.007811, 7.393598; -0.002072, 0.995755, -10.621118; -0.000003, 0.000005, 1.000000]; 
homo_mat{361}=[1.000072, -0.001341, 6.997944; -0.003298, 1.003248, -16.651009; -0.000001, 0.000005, 1.000000]; 
homo_mat{362}=[1.007013, -0.002941, -7.434870; -0.001778, 1.015101, -21.267662; 0.000002, 0.000005, 1.000000]; 
homo_mat{363}=[1.009993, -0.000820, -19.361883; 0.001731, 1.029969, -10.624722; 0.000004, 0.000000, 1.000000]; 
homo_mat{364}=[1.001979, -0.000103, -11.494308; 0.003449, 0.996237, 17.718346; 0.000003, -0.000006, 1.000000]; 
homo_mat{365}=[0.990482, -0.001604, 7.133898; 0.002078, 0.978740, 34.010956; -0.000001, -0.000012, 1.000000]; 
homo_mat{366}=[0.990590, -0.000463, 15.514020; -0.001655, 0.987891, 13.723266; -0.000004, -0.000003, 1.000000]; 
homo_mat{367}=[0.991777, -0.007085, 16.864885; -0.001766, 0.990729, 8.227491; -0.000004, -0.000002, 1.000000]; 
homo_mat{368}=[0.998311, -0.010974, 7.851039; 0.000057, 0.993795, 1.506727; -0.000001, -0.000000, 1.000000]; 
homo_mat{369}=[1.016596, 0.001765, -25.912647; 0.005123, 1.006745, -15.016267; 0.000007, 0.000005, 1.000000]; 
homo_mat{370}=[1.004996, 0.009202, -9.315996; 0.000582, 0.999528, -12.934364; 0.000002, 0.000003, 1.000000]; 
homo_mat{371}=[1.002000, 0.008848, -1.809105; -0.001804, 1.004813, -16.593630; -0.000000, 0.000005, 1.000000]; 
homo_mat{372}=[1.000883, 0.005499, 0.115106; -0.002766, 1.008106, -17.450216; -0.000001, 0.000004, 1.000000]; 
homo_mat{373}=[0.989455, 0.009020, 18.372841; -0.008367, 1.014514, -2.145095; -0.000006, 0.000003, 1.000000]; 
homo_mat{374}=[1.012406, -0.036516, -17.802540; 0.004662, 1.004007, 10.182676; 0.000008, -0.000003, 1.000000]; 
homo_mat{375}=[1.023497, -0.006104, -46.014088; 0.010847, 1.009739, -3.944440; 0.000012, -0.000002, 1.000000]; 
homo_mat{376}=[1.018745, 0.007809, -42.466309; 0.010115, 1.007601, -5.122750; 0.000010, -0.000002, 1.000000]; 
homo_mat{377}=[1.008246, 0.014387, -22.696367; 0.004969, 0.999541, -0.175827; 0.000004, 0.000001, 1.000000]; 
homo_mat{378}=[0.997975, 0.006663, -0.502445; 0.000088, 0.999385, -3.487962; -0.000001, -0.000001, 1.000000]; 
homo_mat{379}=[0.981776, 0.003478, 28.278021; -0.005429, 1.000789, 22.411713; -0.000008, -0.000006, 1.000000]; 
homo_mat{380}=[0.986195, -0.003708, 23.339169; -0.004362, 0.987315, 23.467228; -0.000005, -0.000005, 1.000000]; 
homo_mat{381}=[0.988059, -0.002803, 21.498753; -0.004659, 0.980006, 21.561388; -0.000005, -0.000003, 1.000000]; 
homo_mat{382}=[0.990918, -0.005336, 17.089664; -0.004398, 0.984360, 6.244120; -0.000004, -0.000002, 1.000000]; 
homo_mat{383}=[1.002314, -0.012922, 1.926857; -0.000856, 1.012557, -8.140088; 0.000000, -0.000001, 1.000000]; 
homo_mat{384}=[1.005435, -0.000638, -11.212485; 0.002111, 1.001797, 3.860561; 0.000003, -0.000001, 1.000000]; 
homo_mat{385}=[1.002678, 0.006053, -8.497577; 0.001763, 0.995929, 2.732564; 0.000002, -0.000000, 1.000000]; 
homo_mat{386}=[0.987621, 0.018730, 18.233521; -0.002004, 0.988070, -4.053514; -0.000006, 0.000000, 1.000000]; 
homo_mat{387}=[0.985552, 0.002718, 29.880005; -0.006116, 1.001304, -0.934964; -0.000008, 0.000001, 1.000000]; 
homo_mat{388}=[0.989902, -0.015191, 26.280691; -0.006194, 0.995971, 8.272428; -0.000005, 0.000000, 1.000000]; 
homo_mat{389}=[1.004595, -0.019109, -2.028138; 0.000109, 0.998975, 2.618298; 0.000003, -0.000003, 1.000000]; 
homo_mat{390}=[1.013928, 0.004859, -29.909027; 0.004817, 1.009692, -3.624664; 0.000006, 0.000001, 1.000000]; 
homo_mat{391}=[0.991416, 0.025920, -2.991532; -0.000781, 0.988778, 9.568125; -0.000003, -0.000001, 1.000000]; 
homo_mat{392}=[0.989071, -0.006995, 22.359079; -0.004268, 0.999528, 1.685278; -0.000005, -0.000001, 1.000000]; 
homo_mat{393}=[0.998737, -0.032429, 8.304978; -0.001634, 1.012846, 10.332933; 0.000001, -0.000005, 1.000000]; 
homo_mat{394}=[0.955859, 0.004020, -17.252134; -0.001617, 0.967522, 16.195610; -0.000028, -0.000017, 1.000000]; 
homo_mat{395}=[1.015088, 0.033701, -42.961887; 0.008917, 0.997844, -2.221620; 0.000009, -0.000003, 1.000000]; 
homo_mat{396}=[0.989188, 0.026667, 13.364754; -0.003223, 0.989793, 0.939108; -0.000005, 0.000000, 1.000000]; 
homo_mat{397}=[0.978422, 0.004819, 43.075268; -0.010108, 0.989431, 1.199441; -0.000012, 0.000003, 1.000000]; 
homo_mat{398}=[0.980492, -0.018057, 52.801720; -0.009808, 1.004367, -9.665296; -0.000012, 0.000005, 1.000000]; 
homo_mat{399}=[1.000055, -0.001630, 2.075400; -0.000866, 1.000337, 1.883231; -0.000000, 0.000000, 1.000000]; 
homo_mat{400}=[0.999645, 0.007092, 1.191247; -0.002564, 0.991008, -6.025003; -0.000002, 0.000005, 1.000000]; 
homo_mat{401}=[1.000671, 0.006052, -1.646794; -0.000072, 1.008980, -16.811144; -0.000001, 0.000003, 1.000000]; 
homo_mat{402}=[0.990822, 0.018624, 17.904856; -0.005135, 1.002465, -10.035265; -0.000006, 0.000006, 1.000000]; 
homo_mat{403}=[0.989912, 0.002609, 20.096956; -0.004873, 0.998962, -2.713006; -0.000006, 0.000002, 1.000000]; 
homo_mat{404}=[0.993015, -0.007314, 16.216208; -0.003452, 1.003844, 0.516525; -0.000004, 0.000002, 1.000000]; 
homo_mat{405}=[1.001260, -0.008739, 0.727286; 0.000082, 0.998974, 3.941779; 0.000001, -0.000001, 1.000000]; 
homo_mat{406}=[1.003316, -0.001067, -8.489703; 0.000761, 1.000646, 1.298629; 0.000002, -0.000002, 1.000000]; 
homo_mat{407}=[0.996113, 0.015271, -1.736079; -0.002623, 0.993863, 6.161068; -0.000002, 0.000000, 1.000000]; 
homo_mat{408}=[0.992164, 0.004349, 13.564138; -0.002384, 1.003549, -0.051629; -0.000004, -0.000001, 1.000000]; 
homo_mat{409}=[0.987823, -0.002583, 22.336111; -0.003659, 0.994184, 12.521765; -0.000005, -0.000003, 1.000000]; 
homo_mat{410}=[0.990304, -0.029128, 24.023687; -0.003784, 0.984768, 26.420334; -0.000003, -0.000004, 1.000000]; 
homo_mat{411}=[1.012232, -0.006378, -21.652153; 0.006560, 1.001295, -5.857033; 0.000006, -0.000000, 1.000000]; 
homo_mat{412}=[1.012030, 0.002626, -22.806107; 0.007266, 1.001817, -10.299513; 0.000006, 0.000003, 1.000000]; 
homo_mat{413}=[1.011018, 0.006531, -19.670639; 0.006342, 1.003542, -21.115128; 0.000005, 0.000002, 1.000000]; 
homo_mat{414}=[0.986187, 0.014831, 13.456162; -0.005000, 1.026803, -1.912313; -0.000005, -0.000006, 1.000000]; 
homo_mat{415}=[0.987931, -0.011667, 23.522957; -0.005212, 0.981898, 38.253136; -0.000004, -0.000007, 1.000000]; 
homo_mat{416}=[0.993687, -0.018316, 11.567600; -0.002153, 0.978430, 27.179277; -0.000001, -0.000007, 1.000000]; 
homo_mat{417}=[1.004346, -0.008825, -7.691387; 0.003005, 0.987576, 6.181171; 0.000003, -0.000002, 1.000000]; 
homo_mat{418}=[1.005317, 0.018177, -16.425997; 0.003075, 1.006585, -15.254685; 0.000002, 0.000003, 1.000000]; 
homo_mat{419}=[0.993441, 0.010325, 10.521600; -0.003117, 0.997633, -2.270384; -0.000004, 0.000001, 1.000000]; 
homo_mat{420}=[0.980983, -0.003074, 38.119202; -0.011025, 0.996864, 1.861137; -0.000009, 0.000000, 1.000000]; 
homo_mat{421}=[0.997867, -0.004561, 6.210612; -0.002286, 0.997981, 6.016384; -0.000001, -0.000001, 1.000000]; 
homo_mat{422}=[1.000008, 0.004066, -0.436026; -0.001937, 0.996204, 3.114014; -0.000000, -0.000000, 1.000000]; 
homo_mat{423}=[0.990113, 0.011869, 14.557083; -0.009618, 0.997204, 5.772542; -0.000006, 0.000002, 1.000000]; 
homo_mat{424}=[0.995421, -0.002351, 9.527478; -0.003225, 0.996854, 2.005204; -0.000003, 0.000000, 1.000000]; 
homo_mat{425}=[0.997830, -0.000304, 5.013436; 0.000724, 0.998716, -6.142846; -0.000002, 0.000002, 1.000000]; 
homo_mat{426}=[0.998428, 0.000504, 4.053271; 0.000212, 0.999522, -4.869338; -0.000001, 0.000001, 1.000000]; 
homo_mat{427}=[0.998719, -0.005277, 5.057948; 0.000710, 1.006794, -5.858635; -0.000001, -0.000000, 1.000000]; 
homo_mat{428}=[1.006327, -0.005788, -7.965961; 0.007257, 0.987920, 3.529633; 0.000003, 0.000001, 1.000000]; 
homo_mat{429}=[1.002028, 0.005351, -2.345042; 0.002516, 1.000713, -20.918665; 0.000000, 0.000003, 1.000000]; 
homo_mat{430}=[0.999279, 0.007958, 3.867213; 0.000054, 1.015508, -19.312284; -0.000002, 0.000004, 1.000000]; 
homo_mat{431}=[0.984854, -0.002082, 29.318800; -0.007758, 0.997686, 6.327200; -0.000007, -0.000001, 1.000000]; 
homo_mat{432}=[0.998536, -0.010648, 6.336156; 0.000857, 1.000017, 5.774162; -0.000000, -0.000002, 1.000000]; 
homo_mat{433}=[1.004274, 0.001962, -6.002494; 0.003074, 0.991203, 4.515152; 0.000001, 0.000002, 1.000000]; 
homo_mat{434}=[1.001907, 0.008313, 0.149658; 0.003513, 1.000317, -31.877819; -0.000001, 0.000009, 1.000000]; 
homo_mat{435}=[0.999304, 0.002058, 4.207066; 0.000696, 1.012548, -18.781094; -0.000001, 0.000004, 1.000000]; 
homo_mat{436}=[0.999477, -0.006373, 4.550500; 0.001153, 1.005293, 8.173578; -0.000000, -0.000002, 1.000000]; 
homo_mat{437}=[1.000171, -0.001315, -0.548723; 0.000956, 0.994149, 1.366919; 0.000000, -0.000001, 1.000000]; 
homo_mat{438}=[1.000219, 0.000598, -0.248853; 0.000769, 1.001978, -4.522460; 0.000000, 0.000001, 1.000000]; 
homo_mat{439}=[1.001667, -0.003830, -1.363260; 0.000887, 1.004511, -1.741087; 0.000001, -0.000000, 1.000000]; 
homo_mat{440}=[1.004631, -0.002242, -7.194907; 0.005011, 1.004781, -3.579813; 0.000003, -0.000001, 1.000000]; 
homo_mat{441}=[1.000566, 0.007133, -5.051831; 0.001509, 0.989836, 6.559890; -0.000000, 0.000001, 1.000000]; 
homo_mat{442}=[0.995625, -0.000377, 8.563169; -0.000140, 0.999128, -7.444198; -0.000002, 0.000001, 1.000000]; 
homo_mat{443}=[1.000236, -0.006081, 6.378998; -0.001049, 1.010857, -3.762874; 0.000000, -0.000000, 1.000000]; 
homo_mat{444}=[1.000617, -0.001500, -3.253022; -0.001832, 0.999818, 9.012620; 0.000001, -0.000003, 1.000000]; 
homo_mat{445}=[0.999695, 0.001206, -3.838447; -0.001222, 0.997437, 10.787517; 0.000000, -0.000003, 1.000000]; 
homo_mat{446}=[0.996909, 0.006796, 0.863471; -0.001196, 0.989490, 9.076239; -0.000002, 0.000000, 1.000000]; 
homo_mat{447}=[0.989052, 0.004788, 22.151234; -0.003547, 0.992445, -6.762319; -0.000007, 0.000004, 1.000000]; 
homo_mat{448}=[0.997006, -0.004292, 9.625955; -0.001510, 1.006340, -7.521453; -0.000002, 0.000001, 1.000000]; 
homo_mat{449}=[1.000734, -0.004312, 1.179691; -0.000921, 1.004553, 2.084916; 0.000001, -0.000001, 1.000000]; 
homo_mat{450}=[1.001809, -0.005124, -4.355494; -0.000799, 1.001735, 8.208679; 0.000002, -0.000002, 1.000000]; 
homo_mat{451}=[1.007547, -0.005150, -13.539481; 0.001700, 1.000265, 7.587126; 0.000004, -0.000002, 1.000000]; 
homo_mat{452}=[1.009058, -0.000973, -18.553785; 0.002742, 0.998706, 3.889192; 0.000005, -0.000002, 1.000000]; 
homo_mat{453}=[1.008247, 0.015657, -22.040201; 0.002506, 1.000047, -6.783128; 0.000004, 0.000000, 1.000000]; 
homo_mat{454}=[0.995282, 0.007328, 7.242362; -0.002356, 1.003546, -2.012854; -0.000003, 0.000002, 1.000000]; 
homo_mat{455}=[0.993496, -0.004651, 12.956642; -0.003157, 0.999514, 4.336401; -0.000003, -0.000001, 1.000000]; 
homo_mat{456}=[0.998492, -0.007480, 4.573249; -0.001314, 0.999577, 8.542350; -0.000000, -0.000003, 1.000000]; 
homo_mat{457}=[1.001452, -0.004717, -3.400589; 0.000356, 0.994663, 9.001156; 0.000002, -0.000003, 1.000000]; 
homo_mat{458}=[0.997501, 0.011402, -2.849164; -0.001102, 0.994990, 10.925214; -0.000001, -0.000003, 1.000000]; 
homo_mat{459}=[0.990885, -0.000866, 14.266290; -0.003131, 0.996155, 5.526309; -0.000004, -0.000003, 1.000000]; 
homo_mat{460}=[0.992848, -0.003102, 13.592985; -0.002254, 0.997208, 9.290895; -0.000003, -0.000002, 1.000000]; 
homo_mat{461}=[0.996277, -0.022464, 12.607245; -0.000370, 0.988891, 18.810341; -0.000000, -0.000005, 1.000000]; 
homo_mat{462}=[1.009989, -0.007677, -16.015087; 0.004935, 1.000325, -0.968680; 0.000005, -0.000001, 1.000000]; 
homo_mat{463}=[1.011269, 0.003083, -21.130138; 0.005187, 1.001703, -6.563536; 0.000005, 0.000001, 1.000000]; 
homo_mat{464}=[1.006488, 0.008274, -14.704711; 0.003076, 1.004208, -11.681468; 0.000003, 0.000002, 1.000000]; 
homo_mat{465}=[1.000232, 0.005448, -2.689972; 0.000813, 1.005241, -9.536735; -0.000000, 0.000001, 1.000000]; 
homo_mat{466}=[0.994644, 0.003295, 11.722061; -0.002627, 0.999177, -1.557593; -0.000003, 0.000002, 1.000000]; 
homo_mat{467}=[0.999405, -0.001336, 3.056311; -0.000392, 0.996052, -3.368990; -0.000001, 0.000002, 1.000000]; 
homo_mat{468}=[1.002653, -0.003797, -1.871255; 0.001360, 1.005898, -11.741367; 0.000001, 0.000002, 1.000000]; 
homo_mat{469}=[1.005741, -0.001317, -8.311464; 0.001859, 1.011374, -7.060680; 0.000003, 0.000001, 1.000000]; 
homo_mat{470}=[1.008860, 0.003722, -17.672699; 0.004123, 0.996375, -2.192402; 0.000004, 0.000001, 1.000000]; 
homo_mat{471}=[1.001202, 0.003321, -1.635185; 0.001576, 1.004220, -11.740657; 0.000000, 0.000003, 1.000000]; 
homo_mat{472}=[1.001533, -0.001218, 0.381035; 0.000846, 1.005525, -8.048973; 0.000000, 0.000002, 1.000000]; 
homo_mat{473}=[1.003496, -0.003067, -4.112367; 0.000752, 1.005841, -4.998745; 0.000002, 0.000000, 1.000000]; 
homo_mat{474}=[1.009699, -0.012923, -21.510967; 0.002607, 1.013927, 13.614901; 0.000007, -0.000006, 1.000000]; 
homo_mat{475}=[1.010302, -0.004611, -21.310062; 0.004761, 0.992101, 13.552814; 0.000006, -0.000004, 1.000000]; 
homo_mat{476}=[0.986502, 0.018567, 12.732452; -0.011311, 0.986642, 23.640017; -0.000006, -0.000003, 1.000000]; 
homo_mat{477}=[1.001245, 0.008397, -0.183313; 0.002796, 0.997758, -28.246515; -0.000001, 0.000008, 1.000000]; 
homo_mat{478}=[1.000619, 0.000587, 3.659982; 0.000799, 1.011763, -15.861695; -0.000001, 0.000003, 1.000000]; 
homo_mat{479}=[1.000085, 0.002134, 2.383286; -0.000466, 1.004390, -4.360073; -0.000001, 0.000002, 1.000000]; 
homo_mat{480}=[0.998815, -0.001349, 3.336947; -0.002564, 1.002656, 1.361919; -0.000000, -0.000001, 1.000000]; 
homo_mat{481}=[1.000162, 0.001731, -1.284220; -0.001706, 0.999555, 5.618865; 0.000000, -0.000000, 1.000000]; 
homo_mat{482}=[0.998101, 0.003485, 0.518876; -0.001658, 0.995301, 3.607435; -0.000001, -0.000001, 1.000000]; 
homo_mat{483}=[0.997099, 0.001837, 4.089754; -0.001574, 1.000516, 0.782618; -0.000002, 0.000001, 1.000000]; 
homo_mat{484}=[0.997958, -0.000923, 4.182148; -0.000166, 0.995742, -0.162865; -0.000001, 0.000001, 1.000000]; 
homo_mat{485}=[0.998926, 0.000844, 2.043601; 0.000020, 1.001992, -5.529084; -0.000001, 0.000000, 1.000000]; 
