proj_mat{1}=[1.018356, 0.007010, -38.175270; 0.003846, 1.008867, -3.834389; 0.000009, 0.000002, 0.999838]; 
proj_mat{2}=[1.013173, 0.002747, -27.784788; 0.001371, 1.001967, -5.103200; 0.000007, 0.000001, 0.999934]; 
proj_mat{3}=[1.016623, 0.006058, -30.800219; 0.001486, 1.009026, -13.793612; 0.000007, 0.000005, 0.999890]; 
proj_mat{4}=[1.015225, 0.010689, -28.939211; 0.001051, 1.010435, -18.594610; 0.000006, 0.000007, 0.999893]; 
proj_mat{5}=[1.009192, 0.009554, -16.236618; 0.000454, 1.016061, -19.786860; 0.000003, 0.000007, 0.999995]; 
proj_mat{6}=[1.006086, 0.007575, -9.768034; 0.001227, 1.007133, -13.420212; 0.000001, 0.000007, 1.000009]; 
proj_mat{7}=[1.004084, 0.006278, -5.556641; 0.002833, 1.004969, -20.544004; 0.000000, 0.000006, 1.000027]; 
proj_mat{8}=[0.998402, 0.009724, 3.425928; 0.001060, 1.008156, -18.741318; -0.000002, 0.000005, 1.000061]; 
proj_mat{9}=[0.987976, -0.004677, 24.095051; -0.001488, 0.994516, -2.685876; -0.000006, 0.000000, 1.000153]; 
proj_mat{10}=[0.992216, -0.007101, 19.521996; 0.000625, 0.997259, -2.768149; -0.000005, 0.000001, 1.000171]; 
proj_mat{11}=[0.992992, 0.000244, 16.026367; 0.001911, 0.992444, -2.881173; -0.000004, 0.000002, 1.000164]; 
proj_mat{12}=[0.992568, -0.000695, 19.664837; -0.000564, 0.996742, -4.838619; -0.000005, 0.000003, 1.000128]; 
proj_mat{13}=[0.995013, -0.003657, 15.844775; -0.003672, 1.000945, -2.536153; -0.000003, 0.000000, 1.000158]; 
proj_mat{14}=[0.995794, 0.004031, 6.645073; -0.006891, 1.004754, 6.740330; -0.000002, -0.000002, 1.000154]; 
proj_mat{15}=[0.992865, 0.007771, 8.103490; -0.010231, 0.996503, 23.831308; -0.000002, -0.000004, 1.000103]; 
proj_mat{16}=[0.990835, 0.000054, 11.682631; -0.009089, 0.990560, 26.972397; -0.000002, -0.000006, 0.999989]; 
proj_mat{17}=[0.992279, -0.003124, 9.533838; -0.006240, 0.994585, 24.085672; -0.000002, -0.000007, 0.999928]; 
proj_mat{18}=[0.993974, -0.001635, 7.314825; -0.002510, 0.988480, 23.969309; -0.000001, -0.000004, 0.999913]; 
proj_mat{19}=[0.994159, -0.002314, 9.148043; 0.000095, 0.986308, 13.401127; -0.000002, -0.000003, 0.999872]; 
proj_mat{20}=[0.999032, -0.008011, 7.818750; 0.009032, 0.993812, -9.715018; -0.000001, 0.000001, 0.999856]; 
proj_mat{21}=[0.999391, -0.006781, 8.807517; 0.011500, 1.008902, -20.199228; -0.000001, 0.000002, 0.999786]; 
proj_mat{22}=[0.997396, -0.008958, 14.328666; 0.011838, 1.008397, -10.237935; -0.000001, 0.000001, 0.999750]; 
proj_mat{23}=[0.998801, -0.017416, 10.677025; 0.004744, 0.984214, -0.888518; 0.000000, 0.000000, 0.999711]; 
proj_mat{24}=[1.017492, -0.025993, -18.175074; 0.010689, 1.001654, -27.828424; 0.000008, 0.000004, 0.999690]; 
proj_mat{25}=[1.036152, -0.011111, -55.095779; 0.015473, 1.026085, -47.706379; 0.000016, 0.000009, 0.999307]; 
proj_mat{26}=[1.036643, 0.005384, -70.278847; 0.016613, 1.048628, -50.275246; 0.000017, 0.000005, 0.999359]; 
proj_mat{27}=[1.022196, 0.011689, -52.671543; 0.012084, 1.035873, -10.580482; 0.000012, -0.000002, 1.000028]; 
proj_mat{28}=[0.997192, 0.006112, -6.621566; -0.005721, 0.979838, 41.703419; 0.000001, -0.000009, 1.000599]; 
proj_mat{29}=[0.995459, 0.004372, -1.518186; -0.008586, 0.983163, 29.524403; -0.000001, -0.000005, 1.000668]; 
proj_mat{30}=[0.998596, 0.000241, -4.052543; -0.005304, 0.994487, 12.708159; -0.000000, -0.000003, 1.000636]; 
proj_mat{31}=[1.002707, -0.004569, -8.564846; 0.000715, 1.000818, 4.115806; 0.000002, -0.000002, 1.000521]; 
proj_mat{32}=[1.007768, -0.011141, -14.416899; 0.006083, 1.003189, 0.434427; 0.000005, -0.000003, 1.000369]; 
proj_mat{33}=[1.009827, 0.001073, -23.002245; 0.006008, 0.998280, 6.396457; 0.000006, -0.000002, 1.000235]; 
proj_mat{34}=[1.004557, 0.007106, -15.518909; 0.006212, 0.997520, -1.344855; 0.000003, -0.000003, 1.000199]; 
proj_mat{35}=[0.992194, 0.007388, 7.368516; 0.004348, 0.998517, -0.303143; -0.000003, -0.000004, 1.000202]; 
proj_mat{36}=[0.972420, -0.002258, 51.425953; -0.007070, 0.982177, 26.686165; -0.000012, -0.000008, 1.000060]; 
proj_mat{37}=[0.970729, -0.010628, 54.941311; -0.009834, 0.976036, 33.775784; -0.000013, -0.000008, 0.999903]; 
proj_mat{38}=[0.980622, -0.015234, 41.634720; -0.007601, 0.978236, 28.520433; -0.000008, -0.000006, 1.000094]; 
proj_mat{39}=[0.994060, -0.016216, 18.325256; -0.004728, 0.986134, 17.441483; -0.000002, -0.000004, 1.000266]; 
proj_mat{40}=[1.002710, 0.010303, -9.086732; -0.003891, 1.004027, 2.210251; 0.000001, 0.000000, 1.000276]; 
proj_mat{41}=[0.994235, 0.015813, 2.732987; -0.004995, 1.000916, 7.497328; -0.000003, -0.000000, 1.000205]; 
proj_mat{42}=[0.982513, 0.009266, 24.591402; -0.006689, 0.993236, 16.311750; -0.000008, -0.000004, 1.000064]; 
proj_mat{43}=[0.976558, 0.001824, 39.934406; -0.008507, 0.986195, 26.484066; -0.000010, -0.000005, 0.999882]; 
proj_mat{44}=[0.977796, -0.008283, 42.958698; -0.009544, 0.980483, 31.298220; -0.000009, -0.000006, 0.999804]; 
proj_mat{45}=[0.986130, -0.010902, 29.953350; -0.008157, 0.979432, 27.704168; -0.000006, -0.000003, 0.999963]; 
proj_mat{46}=[1.005705, 0.004585, -6.769672; -0.003877, 1.000261, -13.283856; 0.000000, 0.000006, 1.000383]; 
proj_mat{47}=[1.009346, 0.012161, -13.705253; -0.002644, 1.008427, -23.784449; 0.000002, 0.000010, 1.000242]; 
proj_mat{48}=[1.013236, 0.006664, -18.184660; -0.004089, 1.025246, -25.660904; 0.000004, 0.000008, 1.000169]; 
proj_mat{49}=[1.014562, 0.006461, -28.666645; -0.006942, 1.023492, -3.411518; 0.000007, 0.000002, 1.000158]; 
proj_mat{50}=[1.013474, 0.013430, -35.072575; -0.007881, 1.009655, 18.332359; 0.000007, -0.000001, 1.000045]; 
proj_mat{51}=[1.007918, 0.013962, -28.472635; -0.007196, 0.989471, 21.597136; 0.000005, -0.000001, 1.000005]; 
proj_mat{52}=[1.006549, 0.015270, -22.210619; -0.004051, 0.989298, 1.572555; 0.000003, 0.000003, 1.000071]; 
proj_mat{53}=[0.998783, 0.019410, 0.964555; 0.003013, 1.009180, -34.168797; -0.000004, 0.000009, 1.000131]; 
proj_mat{54}=[0.991588, 0.004455, 21.906128; 0.002215, 1.009384, -28.745626; -0.000006, 0.000005, 1.000159]; 
proj_mat{55}=[0.992899, -0.005533, 24.229462; 0.002220, 1.010419, -15.916604; -0.000005, 0.000004, 1.000142]; 
proj_mat{56}=[0.999939, -0.013383, 13.342283; 0.004685, 1.001583, -4.758992; -0.000001, 0.000002, 1.000184]; 
proj_mat{57}=[1.010388, -0.010158, -6.748689; 0.009118, 0.999158, -10.384032; 0.000004, 0.000003, 1.000164]; 
proj_mat{58}=[1.017299, 0.008265, -21.901901; 0.012340, 1.019278, -20.893938; 0.000007, 0.000004, 1.000058]; 
proj_mat{59}=[1.010849, 0.016516, -11.857711; 0.006688, 1.008761, -6.376804; 0.000003, 0.000004, 1.000076]; 
proj_mat{60}=[1.004899, 0.019340, 0.708099; 0.002087, 1.000718, -2.659625; -0.000001, 0.000006, 1.000048]; 
proj_mat{61}=[1.002941, 0.018614, 8.434502; 0.000223, 1.002239, -8.987402; -0.000003, 0.000008, 0.999982]; 
proj_mat{62}=[1.006678, 0.019060, 7.512183; 0.000433, 1.010800, -15.617146; -0.000002, 0.000011, 0.999907]; 
proj_mat{63}=[1.013799, 0.023160, -0.415720; -0.000029, 1.015182, -16.325060; 0.000001, 0.000014, 0.999818]; 
proj_mat{64}=[1.024491, 0.017812, -13.534169; -0.001385, 1.018247, -18.477026; 0.000005, 0.000017, 0.999675]; 
proj_mat{65}=[1.047485, 0.003239, -50.682140; 0.002859, 1.034419, -32.356182; 0.000016, 0.000018, 0.999391]; 
proj_mat{66}=[1.026149, -0.033396, -64.472168; 0.008466, 1.016974, -31.395504; 0.000017, -0.000003, 1.000014]; 
proj_mat{67}=[1.026987, -0.013985, -77.561897; 0.011657, 1.022583, -30.494591; 0.000018, -0.000005, 1.000021]; 
proj_mat{68}=[1.016602, -0.002562, -61.333317; 0.009717, 1.014289, -14.261770; 0.000013, -0.000007, 1.000488]; 
proj_mat{69}=[1.001788, -0.001759, -31.460722; 0.005134, 0.998947, 2.635302; 0.000006, -0.000010, 1.000976]; 
proj_mat{70}=[0.978794, -0.009533, 20.477081; -0.003261, 0.977837, 22.214151; -0.000006, -0.000011, 1.001364]; 
proj_mat{71}=[0.978079, -0.014392, 30.005285; -0.003784, 0.978800, 17.218948; -0.000007, -0.000009, 1.001251]; 
proj_mat{72}=[0.981212, -0.011616, 28.069792; -0.003924, 0.987214, 11.321539; -0.000007, -0.000007, 1.001143]; 
proj_mat{73}=[0.978804, -0.006662, 31.490784; -0.007716, 0.983617, 24.307314; -0.000008, -0.000008, 1.000959]; 
proj_mat{74}=[0.978591, -0.008798, 33.330273; -0.007014, 0.982730, 21.288830; -0.000008, -0.000007, 1.000789]; 
proj_mat{75}=[0.981277, -0.008954, 30.611376; -0.004386, 0.986374, 15.789006; -0.000007, -0.000006, 1.000663]; 
proj_mat{76}=[0.982182, -0.004853, 29.777657; -0.003464, 0.990104, 14.260768; -0.000007, -0.000006, 1.000520]; 
proj_mat{77}=[0.981489, -0.000256, 31.433611; -0.005284, 0.987156, 19.466841; -0.000008, -0.000005, 1.000357]; 
proj_mat{78}=[0.977531, -0.005252, 39.690285; -0.008591, 0.980686, 17.468067; -0.000010, -0.000004, 1.000147]; 
proj_mat{79}=[0.981520, -0.006734, 33.490345; -0.004891, 0.988329, 8.228956; -0.000009, -0.000003, 1.000097]; 
proj_mat{80}=[0.984761, -0.005704, 28.503199; -0.001123, 0.993514, 4.998921; -0.000007, -0.000003, 1.000038]; 
proj_mat{81}=[0.984566, -0.002958, 28.872889; -0.001939, 0.993946, 11.527128; -0.000007, -0.000004, 0.999943]; 
proj_mat{82}=[0.984620, -0.006742, 30.892685; -0.004350, 0.983923, 21.492252; -0.000006, -0.000004, 0.999873]; 
proj_mat{83}=[1.001200, -0.011390, 5.400261; 0.002010, 0.994179, -6.748053; 0.000000, 0.000001, 1.000127]; 
proj_mat{84}=[1.010276, -0.002964, -10.822188; 0.005951, 1.010955, -20.210243; 0.000004, 0.000005, 1.000072]; 
proj_mat{85}=[1.005304, 0.003097, -9.381432; 0.002419, 1.011658, -3.564303; 0.000003, -0.000001, 1.000144]; 
proj_mat{86}=[1.000283, 0.002160, -2.023623; -0.001647, 0.995950, 12.911966; 0.000001, -0.000002, 1.000126]; 
proj_mat{87}=[0.998266, -0.000807, 1.532539; -0.001457, 0.989593, 9.089956; -0.000001, -0.000001, 1.000103]; 
proj_mat{88}=[0.999334, -0.002033, 1.216430; 0.001608, 0.994607, -4.575263; -0.000000, 0.000001, 1.000074]; 
proj_mat{89}=[1.000483, 0.000338, 0.677428; 0.003624, 1.002588, -11.272522; -0.000000, 0.000002, 1.000025]; 
proj_mat{90}=[0.996512, 0.002216, 10.848329; -0.000463, 0.999479, -4.716309; -0.000002, 0.000002, 0.999982]; 
proj_mat{91}=[0.997963, -0.004302, 10.168712; -0.003905, 0.997238, -1.295813; -0.000001, 0.000003, 0.999938]; 
proj_mat{92}=[1.007645, -0.009401, -6.742551; -0.002148, 1.000782, -8.640843; 0.000003, 0.000004, 0.999939]; 
proj_mat{93}=[1.018583, -0.002127, -31.691711; 0.002581, 1.012559, -22.125479; 0.000008, 0.000006, 0.999842]; 
proj_mat{94}=[1.022461, 0.006645, -43.284096; 0.006301, 1.020609, -28.747591; 0.000010, 0.000006, 0.999741]; 
proj_mat{95}=[1.014915, 0.013449, -35.452663; 0.006232, 1.019814, -22.602098; 0.000006, 0.000003, 0.999905]; 
proj_mat{96}=[1.001508, 0.012235, -11.866307; 0.003312, 1.013370, -7.112562; 0.000001, -0.000000, 1.000136]; 
proj_mat{97}=[0.994370, 0.001408, 8.433741; -0.000529, 0.998097, 14.057002; -0.000002, -0.000002, 1.000145]; 
proj_mat{98}=[0.995075, -0.011935, 11.044049; -0.000761, 0.988197, 17.077427; -0.000001, -0.000003, 1.000087]; 
proj_mat{99}=[1.010476, -0.006355, -16.268456; 0.006391, 0.998779, -1.403811; 0.000005, -0.000001, 1.000149]; 
proj_mat{100}=[1.010046, 0.003832, -19.209087; 0.004733, 1.001848, -8.020877; 0.000005, 0.000001, 1.000117]; 
proj_mat{101}=[1.004430, 0.010176, -11.314549; 0.001904, 1.008194, -10.030622; 0.000001, 0.000002, 1.000134]; 
proj_mat{102}=[0.989562, 0.005522, 17.066139; -0.004042, 0.995479, 8.460453; -0.000005, -0.000001, 1.000218]; 
proj_mat{103}=[0.987642, 0.004553, 22.579750; -0.006220, 0.986039, 12.504543; -0.000006, 0.000000, 1.000167]; 
proj_mat{104}=[0.988755, 0.001578, 22.536394; -0.006472, 0.981546, 1.829031; -0.000007, 0.000003, 1.000135]; 
proj_mat{105}=[0.994606, 0.002327, 14.230817; -0.003700, 0.994664, -20.464325; -0.000005, 0.000006, 1.000127]; 
proj_mat{106}=[0.999520, 0.006842, 6.819803; -0.001634, 1.013554, -31.503105; -0.000003, 0.000008, 1.000074]; 
proj_mat{107}=[0.997507, 0.006128, 7.764770; -0.003556, 1.016454, -19.466629; -0.000003, 0.000004, 1.000195]; 
proj_mat{108}=[0.996477, 0.003135, 8.335272; -0.006640, 1.002679, 3.202814; -0.000002, 0.000002, 1.000235]; 
proj_mat{109}=[1.004042, -0.002725, -7.041522; -0.000613, 0.999404, -9.187241; 0.000001, 0.000002, 1.000216]; 
proj_mat{110}=[1.008586, 0.000311, -13.844469; 0.003993, 1.012330, -18.772284; 0.000003, 0.000003, 1.000150]; 
proj_mat{111}=[1.007356, 0.001245, -12.044881; 0.004451, 1.019240, -11.623168; 0.000003, 0.000001, 1.000176]; 
proj_mat{112}=[1.001899, -0.000811, -4.701682; 0.000879, 1.010187, 12.096209; 0.000002, -0.000005, 1.000239]; 
proj_mat{113}=[0.994706, -0.003751, 2.368682; -0.003464, 0.981224, 35.666752; -0.000000, -0.000008, 1.000185]; 
proj_mat{114}=[0.995473, -0.005247, 3.713044; 0.000110, 0.988522, 20.653048; -0.000001, -0.000005, 1.000198]; 
proj_mat{115}=[0.996589, -0.004545, 5.696180; 0.002322, 0.998315, 13.894225; -0.000001, -0.000004, 1.000169]; 
proj_mat{116}=[0.995831, -0.006095, 9.114605; -0.000346, 0.999746, 22.544073; -0.000000, -0.000006, 1.000100]; 
proj_mat{117}=[0.995142, -0.007781, 8.189489; -0.004909, 0.996545, 38.017128; 0.000000, -0.000010, 0.999993]; 
proj_mat{118}=[0.994056, -0.012324, 2.864257; -0.000490, 0.982899, 38.737095; 0.000000, -0.000009, 0.999951]; 
proj_mat{119}=[0.995666, -0.011103, 1.748201; 0.005088, 0.989659, 25.672276; 0.000001, -0.000010, 0.999893]; 
proj_mat{120}=[0.993684, -0.010740, 8.580720; 0.004610, 0.991989, 29.051748; 0.000000, -0.000010, 0.999845]; 
proj_mat{121}=[0.993114, -0.012286, 11.738477; 0.000438, 0.979768, 38.709690; -0.000000, -0.000009, 0.999817]; 
proj_mat{122}=[0.996411, -0.014137, 5.152220; -0.001233, 0.973472, 27.878321; 0.000000, -0.000007, 0.999885]; 
proj_mat{123}=[1.007191, 0.000180, -14.349512; 0.005312, 1.000687, -17.841810; 0.000003, 0.000003, 1.000163]; 
proj_mat{124}=[1.004969, 0.005152, -10.416749; 0.005035, 1.008664, -22.442142; 0.000001, 0.000004, 1.000130]; 
proj_mat{125}=[0.999269, 0.005482, 0.323888; 0.001641, 1.007438, -12.896734; -0.000001, 0.000002, 1.000143]; 
proj_mat{126}=[0.997366, 0.004931, 6.503675; -0.003966, 0.998450, 2.793053; -0.000002, 0.000002, 1.000091]; 
proj_mat{127}=[1.006139, 0.004685, -7.568015; -0.002316, 1.001366, -18.194733; 0.000001, 0.000007, 1.000102]; 
proj_mat{128}=[1.009666, 0.010405, -13.836881; 0.000682, 1.010394, -30.192537; 0.000002, 0.000010, 1.000021]; 
proj_mat{129}=[1.008742, 0.013222, -11.623089; -0.000071, 1.018575, -30.694475; 0.000002, 0.000009, 1.000014]; 
proj_mat{130}=[1.004762, 0.012204, -6.054712; -0.004279, 1.016875, -15.726131; 0.000001, 0.000005, 1.000079]; 
proj_mat{131}=[0.998082, 0.002648, 0.505813; -0.006663, 1.003071, 3.989328; -0.000001, -0.000000, 1.000119]; 
proj_mat{132}=[0.998321, -0.000926, -0.957017; -0.003198, 1.002081, 7.225025; -0.000000, -0.000003, 1.000058]; 
proj_mat{133}=[0.996981, -0.003628, 0.213306; -0.000457, 1.000247, 12.242494; -0.000000, -0.000005, 0.999987]; 
proj_mat{134}=[0.993895, -0.006235, 4.706218; 0.001984, 0.998154, 18.728029; -0.000001, -0.000008, 0.999897]; 
proj_mat{135}=[0.991754, -0.008470, 14.889127; 0.000113, 0.980494, 30.675121; -0.000002, -0.000007, 0.999856]; 
proj_mat{136}=[0.995998, -0.007656, 9.540921; -0.000360, 0.979870, 18.071554; -0.000001, -0.000003, 0.999971]; 
proj_mat{137}=[1.003000, -0.002757, -1.202524; 0.001647, 0.993994, -5.972046; 0.000001, 0.000003, 1.000057]; 
proj_mat{138}=[1.007238, 0.001020, -8.390267; 0.003858, 1.009538, -21.869555; 0.000002, 0.000005, 1.000005]; 
proj_mat{139}=[1.007117, 0.002577, -9.414440; 0.004616, 1.021306, -22.063419; 0.000003, 0.000004, 0.999994]; 
proj_mat{140}=[1.001662, 0.000796, -3.518801; 0.003233, 1.017611, -1.637268; 0.000001, -0.000001, 1.000068]; 
proj_mat{141}=[0.995439, -0.003771, 7.019020; -0.000647, 0.983181, 15.750492; -0.000001, -0.000003, 1.000034]; 
proj_mat{142}=[1.000593, -0.001916, 1.196908; -0.000432, 0.989623, -1.256018; 0.000000, 0.000001, 1.000073]; 
proj_mat{143}=[1.005163, 0.001901, -6.666828; -0.001131, 1.005121, -15.467284; 0.000001, 0.000004, 1.000038]; 
proj_mat{144}=[1.005571, 0.004224, -11.575319; -0.000486, 1.016550, -17.128979; 0.000002, 0.000003, 1.000010]; 
proj_mat{145}=[0.998255, -0.005244, -0.426308; 0.001564, 0.996549, 16.831337; 0.000001, -0.000006, 1.000109]; 
proj_mat{146}=[0.999114, -0.007331, -0.028206; 0.001788, 0.984445, 18.012091; 0.000001, -0.000005, 1.000090]; 
proj_mat{147}=[1.002180, -0.002897, -4.903117; 0.002599, 0.991840, 2.013193; 0.000001, -0.000001, 1.000131]; 
proj_mat{148}=[1.003900, 0.003301, -7.016121; 0.003072, 0.999234, -9.424722; 0.000001, 0.000002, 1.000114]; 
proj_mat{149}=[1.001934, 0.005462, -3.276288; 0.002095, 1.005234, -15.649198; -0.000000, 0.000003, 1.000087]; 
proj_mat{150}=[0.995081, 0.002552, 8.530423; -0.001777, 0.999696, 1.772947; -0.000003, 0.000000, 1.000098]; 
proj_mat{151}=[0.995297, -0.003186, 10.081843; -0.001357, 0.992719, 1.757499; -0.000002, 0.000000, 1.000072]; 
proj_mat{152}=[0.999481, -0.004692, 3.215226; 0.000880, 1.001245, -7.940066; -0.000000, 0.000000, 1.000066]; 
proj_mat{153}=[1.001585, 0.002476, -2.224433; 0.001310, 1.010378, -6.985343; 0.000001, 0.000001, 1.000039]; 
proj_mat{154}=[0.996581, 0.003637, 3.819553; -0.000628, 1.005212, 6.364735; -0.000001, -0.000002, 1.000032]; 
proj_mat{155}=[0.991670, 0.000935, 12.343451; -0.002648, 0.991352, 17.869658; -0.000003, -0.000003, 0.999993]; 
proj_mat{156}=[0.991925, -0.004592, 15.067505; -0.002055, 0.991966, 13.224138; -0.000003, -0.000003, 0.999983]; 
proj_mat{157}=[0.997452, -0.001482, 6.176287; -0.000374, 0.998756, 6.622271; -0.000001, 0.000000, 1.000038]; 
proj_mat{158}=[0.998786, 0.001005, 4.022421; -0.000344, 0.992258, 4.251779; -0.000001, 0.000002, 1.000031]; 
proj_mat{159}=[1.002452, -0.001526, -0.278863; -0.000197, 0.997372, -9.747315; 0.000000, 0.000003, 1.000021]; 
proj_mat{160}=[1.006420, 0.005291, -8.912208; 0.000654, 1.010467, -20.622833; 0.000001, 0.000006, 0.999969]; 
proj_mat{161}=[1.003587, 0.010777, -7.588186; 0.000572, 1.008799, -18.254301; -0.000000, 0.000007, 0.999945]; 
proj_mat{162}=[0.998018, 0.012061, 1.757519; -0.001117, 1.005447, -15.328248; -0.000002, 0.000006, 0.999953]; 
proj_mat{163}=[0.992865, 0.001590, 14.388498; -0.004989, 0.999722, 0.294900; -0.000004, 0.000002, 0.999977]; 
proj_mat{164}=[0.996805, -0.007185, 9.285685; -0.003719, 1.003671, -0.191630; -0.000002, 0.000001, 0.999984]; 
proj_mat{165}=[1.003655, -0.010997, -4.397972; 0.000800, 1.006762, 0.872089; 0.000002, -0.000001, 0.999996]; 
proj_mat{166}=[1.009247, -0.005494, -17.636837; 0.004418, 1.002627, 3.181754; 0.000005, -0.000001, 0.999957]; 
proj_mat{167}=[1.011091, 0.006751, -21.793539; 0.004211, 0.997564, -0.519965; 0.000005, 0.000001, 0.999926]; 
proj_mat{168}=[1.005083, 0.015955, -12.009041; -0.000256, 0.993378, -9.122263; 0.000001, 0.000005, 0.999975]; 
proj_mat{169}=[0.999176, 0.013755, 2.569850; -0.002647, 1.002094, -23.661152; -0.000003, 0.000009, 0.999951]; 
proj_mat{170}=[0.998563, 0.008595, 9.349654; -0.002268, 1.006214, -29.618567; -0.000004, 0.000011, 0.999871]; 
proj_mat{171}=[1.000189, 0.001660, 7.804459; -0.002732, 1.012677, -32.154213; -0.000001, 0.000006, 1.000012]; 
proj_mat{172}=[1.002266, 0.004254, -0.282259; -0.004938, 1.024745, -21.177639; 0.000000, 0.000003, 1.000116]; 
proj_mat{173}=[1.003506, -0.007198, -6.213893; -0.000357, 0.994910, 16.978054; 0.000003, -0.000003, 1.000232]; 
proj_mat{174}=[1.005168, -0.005069, -11.018200; 0.003496, 0.999653, 4.862895; 0.000004, -0.000003, 1.000167]; 
proj_mat{175}=[1.003588, 0.001670, -7.944054; 0.004008, 1.010408, 4.870983; 0.000003, -0.000003, 1.000142]; 
proj_mat{176}=[0.996321, 0.000287, 5.371080; 0.000658, 0.999170, 20.965227; -0.000000, -0.000005, 1.000118]; 
proj_mat{177}=[0.991216, -0.009750, 13.841501; -0.001899, 0.981325, 27.055475; -0.000002, -0.000008, 0.999992]; 
proj_mat{178}=[1.000552, -0.010960, -1.217024; 0.005131, 0.999977, 5.959214; 0.000001, -0.000005, 1.000059]; 
proj_mat{179}=[1.001920, -0.006566, -3.808092; 0.005726, 0.998062, 9.290474; 0.000002, -0.000005, 1.000017]; 
proj_mat{180}=[1.003838, -0.004185, -5.273387; 0.000148, 0.986564, 10.098760; 0.000002, -0.000001, 1.000000]; 
proj_mat{181}=[1.010398, -0.002052, -16.037539; 0.001784, 1.001170, -12.446594; 0.000004, 0.000003, 0.999953]; 
proj_mat{182}=[1.011655, 0.006117, -23.556948; 0.003472, 1.011029, -20.476650; 0.000005, 0.000004, 0.999879]; 
proj_mat{183}=[1.005409, 0.011866, -16.148245; 0.002853, 1.014401, -16.969389; 0.000002, 0.000002, 0.999931]; 
proj_mat{184}=[0.994946, 0.002093, 3.539014; 0.000538, 1.008087, 1.199937; -0.000001, -0.000004, 1.000044]; 
proj_mat{185}=[0.991026, -0.004958, 12.439969; -0.000314, 0.994602, 20.437189; -0.000003, -0.000007, 0.999983]; 
proj_mat{186}=[0.989316, -0.007254, 19.294704; 0.000922, 0.981109, 14.665391; -0.000004, -0.000004, 0.999947]; 
proj_mat{187}=[0.993867, -0.011273, 15.578768; 0.001492, 0.991728, 3.957163; -0.000002, -0.000002, 0.999921]; 
proj_mat{188}=[1.001895, -0.013785, 2.544925; 0.001762, 0.998422, 1.851481; 0.000002, -0.000000, 0.999886]; 
proj_mat{189}=[1.013926, -0.011082, -20.615065; 0.003628, 1.005188, -2.550889; 0.000007, 0.000001, 0.999793]; 
proj_mat{190}=[1.021880, -0.003758, -40.762756; 0.005983, 1.010217, -8.133608; 0.000010, 0.000003, 0.999611]; 
proj_mat{191}=[1.023998, 0.009754, -50.019070; 0.007697, 1.011381, -14.321145; 0.000011, 0.000004, 0.999470]; 
proj_mat{192}=[0.994033, 0.028792, -1.162234; -0.003125, 0.999211, -4.589942; -0.000003, 0.000002, 1.000143]; 
proj_mat{193}=[0.976284, 0.016825, 35.528614; -0.010216, 0.992472, 5.998562; -0.000011, -0.000002, 1.000086]; 
proj_mat{194}=[0.971488, -0.001721, 52.393684; -0.013214, 0.987328, 19.358883; -0.000013, -0.000004, 0.999897]; 
proj_mat{195}=[0.981360, -0.013209, 41.419491; -0.011333, 0.985142, 23.584427; -0.000009, -0.000004, 1.000022]; 
proj_mat{196}=[1.005538, -0.007007, -6.913645; -0.001260, 0.998875, 8.395680; 0.000003, -0.000002, 1.000404]; 
proj_mat{197}=[1.009725, 0.001142, -16.791960; 0.001873, 0.998301, 2.566927; 0.000005, -0.000002, 1.000268]; 
proj_mat{198}=[1.005344, 0.010711, -12.407929; 0.001010, 0.998939, -3.467995; 0.000002, -0.000001, 1.000198]; 
proj_mat{199}=[0.996261, 0.016586, 4.434471; -0.001814, 1.000112, -4.296164; -0.000003, 0.000001, 1.000143]; 
proj_mat{200}=[0.985748, 0.012775, 25.911470; -0.005038, 0.994233, 0.018711; -0.000008, 0.000001, 1.000010]; 
proj_mat{201}=[0.980651, 0.003626, 39.535683; -0.006878, 0.994070, 2.996360; -0.000010, 0.000002, 0.999839]; 
proj_mat{202}=[0.986713, -0.012231, 35.723598; -0.005535, 0.996265, 5.210155; -0.000007, 0.000001, 0.999872]; 
proj_mat{203}=[1.001257, -0.023498, 10.587606; -0.000802, 1.002577, 4.524662; 0.000001, -0.000000, 1.000052]; 
proj_mat{204}=[1.019170, -0.018390, -26.411861; 0.006106, 1.008177, 0.706814; 0.000010, -0.000001, 1.000059]; 
proj_mat{205}=[1.012117, 0.017653, -35.487087; 0.005685, 1.004086, -7.279886; 0.000005, 0.000003, 1.000089]; 
proj_mat{206}=[0.998212, 0.019846, -6.793417; 0.000781, 0.998932, -7.917938; -0.000002, 0.000004, 1.000238]; 
proj_mat{207}=[0.986247, 0.005341, 20.085337; -0.003770, 0.995640, -7.476476; -0.000007, 0.000001, 1.000201]; 
proj_mat{208}=[0.989308, -0.008343, 23.344738; -0.003308, 1.004710, -5.389897; -0.000006, 0.000000, 1.000171]; 
proj_mat{209}=[0.995974, -0.016408, 11.222107; -0.000297, 1.001582, 5.438143; -0.000001, -0.000003, 1.000241]; 
proj_mat{210}=[1.004307, -0.010407, -6.972549; 0.002536, 0.995104, 10.935433; 0.000003, -0.000004, 1.000238]; 
proj_mat{211}=[1.005943, -0.000795, -14.934740; 0.002955, 0.993122, 4.228584; 0.000004, -0.000002, 1.000198]; 
proj_mat{212}=[1.001486, 0.005706, -4.590487; 0.000227, 1.004851, -4.318533; 0.000001, -0.000001, 1.000190]; 
proj_mat{213}=[0.995818, 0.003460, 4.815991; -0.002664, 1.005942, 5.653354; -0.000002, -0.000002, 1.000154]; 
proj_mat{214}=[0.993424, -0.000055, 8.567105; -0.002829, 0.982583, 19.559805; -0.000002, -0.000003, 1.000106]; 
proj_mat{215}=[0.995702, -0.000035, 7.377804; -0.002488, 0.988595, 4.048104; -0.000002, -0.000001, 1.000118]; 
proj_mat{216}=[0.999970, 0.000639, 2.835708; -0.002107, 1.001114, -7.654231; -0.000001, 0.000002, 1.000099]; 
proj_mat{217}=[1.002166, -0.002135, -1.608931; -0.001671, 1.007850, -8.239475; 0.000001, 0.000000, 1.000075]; 
proj_mat{218}=[1.003201, 0.000259, -7.775648; -0.000706, 1.008071, -1.321088; 0.000002, -0.000001, 1.000052]; 
proj_mat{219}=[0.997356, 0.003505, -0.518797; 0.000204, 0.989406, 9.967000; -0.000001, -0.000000, 1.000028]; 
proj_mat{220}=[0.996310, 0.002600, 5.838870; 0.000523, 0.991959, -1.642333; -0.000002, 0.000002, 1.000013]; 
proj_mat{221}=[0.997492, -0.001301, 8.072720; 0.000465, 0.998848, -11.149758; -0.000002, 0.000003, 0.999973]; 
proj_mat{222}=[1.001026, -0.003269, 3.515308; 0.000509, 1.006561, -14.366703; -0.000001, 0.000003, 0.999943]; 
proj_mat{223}=[1.006099, 0.003177, -10.788406; -0.000698, 1.009698, -1.011962; 0.000002, 0.000002, 0.999932]; 
proj_mat{224}=[1.001892, 0.003964, -6.789530; -0.000531, 0.996550, 4.236444; 0.000001, 0.000002, 0.999896]; 
proj_mat{225}=[0.999164, 0.003948, 3.260391; -0.000068, 1.005260, -10.015257; -0.000001, 0.000004, 0.999861]; 
proj_mat{226}=[0.998643, -0.002401, 5.695373; -0.002038, 1.007656, -4.756827; -0.000001, 0.000004, 0.999805]; 
proj_mat{227}=[1.005796, -0.013547, -5.125220; -0.000872, 1.005111, 0.633252; 0.000003, 0.000003, 0.999783]; 
proj_mat{228}=[1.025565, -0.006589, -53.161003; 0.009496, 1.015053, -9.023026; 0.000013, 0.000001, 0.999673]; 
proj_mat{229}=[1.023460, 0.008849, -54.538376; 0.010794, 1.020032, -8.518826; 0.000013, -0.000003, 0.999673]; 
proj_mat{230}=[1.004838, 0.015079, -23.655313; 0.005557, 1.003385, 11.729554; 0.000004, -0.000006, 1.000062]; 
proj_mat{231}=[0.987031, 0.005709, 13.305320; -0.001233, 0.981095, 24.793634; -0.000004, -0.000008, 1.000156]; 
proj_mat{232}=[0.982310, -0.004135, 31.571310; -0.004290, 0.982074, 20.094505; -0.000007, -0.000006, 1.000099]; 
proj_mat{233}=[0.992187, -0.010620, 21.819099; -0.003258, 0.990395, 10.593143; -0.000004, -0.000002, 1.000225]; 
proj_mat{234}=[0.998776, -0.006577, 8.114727; -0.001743, 0.993491, 3.843773; -0.000001, -0.000001, 1.000235]; 
proj_mat{235}=[1.002918, -0.002648, -1.603534; -0.000388, 0.998916, -4.655196; 0.000001, 0.000000, 1.000179]; 
proj_mat{236}=[1.004602, -0.001757, -5.053242; 0.000915, 1.003186, -9.980338; 0.000001, 0.000002, 1.000100]; 
proj_mat{237}=[1.007498, -0.006362, -8.927714; 0.002884, 1.006683, -13.163301; 0.000003, 0.000002, 1.000020]; 
proj_mat{238}=[1.011052, 0.004910, -19.385101; 0.005675, 1.010410, -10.113580; 0.000005, 0.000003, 0.999917]; 
proj_mat{239}=[1.002565, 0.013131, -7.460648; 0.002829, 1.002160, -4.887153; 0.000001, 0.000002, 0.999929]; 
proj_mat{240}=[0.991446, 0.013997, 13.576669; -0.001465, 0.997843, -2.286996; -0.000005, 0.000003, 0.999900]; 
proj_mat{241}=[0.984254, 0.005067, 31.105251; -0.004700, 0.994204, 0.167003; -0.000009, 0.000003, 0.999783]; 
proj_mat{242}=[0.986973, -0.005598, 32.074833; -0.005194, 0.995581, 0.496636; -0.000007, 0.000002, 0.999756]; 
proj_mat{243}=[1.008387, -0.013242, -7.594512; 0.001704, 1.006921, -4.306725; 0.000004, 0.000002, 1.000026]; 
proj_mat{244}=[1.016960, -0.003679, -28.883280; 0.005748, 1.011885, -8.561439; 0.000008, 0.000002, 0.999914]; 
proj_mat{245}=[1.012715, 0.010543, -30.347464; 0.005801, 1.010573, -7.202524; 0.000006, 0.000002, 0.999892]; 
proj_mat{246}=[1.000173, 0.017274, -10.530086; 0.001880, 1.001599, 0.684573; 0.000000, 0.000001, 1.000001]; 
proj_mat{247}=[0.979393, 0.002896, 36.039406; -0.006779, 0.989036, 8.385754; -0.000010, -0.000001, 1.000030]; 
proj_mat{248}=[0.982905, -0.008873, 36.891949; -0.006553, 0.990993, 9.654110; -0.000008, -0.000002, 1.000032]; 
proj_mat{249}=[0.992312, -0.018056, 21.081461; -0.003904, 0.994670, 9.275115; -0.000003, -0.000003, 1.000145]; 
proj_mat{250}=[1.005085, -0.015059, -5.048310; 0.000601, 1.001174, 6.609905; 0.000003, -0.000002, 1.000222]; 
proj_mat{251}=[1.012522, -0.007108, -24.078388; 0.004155, 1.001168, 3.889562; 0.000007, -0.000003, 1.000138]; 
proj_mat{252}=[1.012338, 0.003647, -28.531010; 0.005053, 1.002670, -1.003166; 0.000007, -0.000002, 1.000085]; 
proj_mat{253}=[0.997683, 0.008284, 0.267260; 0.000067, 0.997732, 0.101638; -0.000001, -0.000001, 1.000242]; 
proj_mat{254}=[0.993327, 0.001162, 12.116381; -0.002328, 0.997365, 2.758850; -0.000003, -0.000001, 1.000188]; 
proj_mat{255}=[0.995192, -0.005289, 11.319855; -0.002017, 0.996466, 4.694055; -0.000002, -0.000002, 1.000154]; 
proj_mat{256}=[0.999400, -0.007659, 3.051769; -0.000338, 0.997603, 3.900665; 0.000000, -0.000002, 1.000135]; 
proj_mat{257}=[1.003448, 0.004163, -9.707842; 0.001393, 0.999042, -0.258696; 0.000002, -0.000001, 1.000100]; 
proj_mat{258}=[0.999591, 0.006287, -2.351966; 0.000090, 0.998800, -1.415065; -0.000000, -0.000001, 1.000080]; 
proj_mat{259}=[0.995916, 0.004101, 6.523980; -0.001615, 0.998969, -0.136680; -0.000002, 0.000001, 1.000046]; 
proj_mat{260}=[0.996329, -0.001794, 8.833385; -0.001611, 0.999194, 0.359405; -0.000002, 0.000000, 1.000014]; 
proj_mat{261}=[1.000555, -0.002142, 1.890486; -0.000246, 1.000432, -0.087432; 0.000000, 0.000002, 0.999997]; 
proj_mat{262}=[1.005769, 0.004838, -8.954802; 0.000985, 1.001826, -9.109718; 0.000002, 0.000003, 0.999967]; 
proj_mat{263}=[1.005777, 0.004599, -7.823957; 0.000460, 1.005851, -14.289572; 0.000002, 0.000004, 0.999928]; 
proj_mat{264}=[1.007399, 0.001522, -9.074656; 0.000547, 1.009657, -15.326388; 0.000002, 0.000005, 0.999878]; 
proj_mat{265}=[1.009400, 0.001807, -14.754272; 0.001866, 1.006798, -15.441877; 0.000003, 0.000005, 0.999824]; 
proj_mat{266}=[1.008077, 0.003649, -16.360762; 0.003327, 1.008932, -21.440308; 0.000003, 0.000004, 0.999804]; 
proj_mat{267}=[1.005594, 0.006699, -13.099922; 0.003541, 1.010816, -20.366989; 0.000002, 0.000004, 0.999801]; 
proj_mat{268}=[0.999385, 0.006581, -3.328283; 0.001142, 1.010207, -13.483261; -0.000000, -0.000002, 0.999903]; 
proj_mat{269}=[0.984466, -0.008531, 25.344397; -0.003798, 0.988393, 38.360180; -0.000005, -0.000010, 0.999993]; 
proj_mat{270}=[0.986579, -0.012886, 23.739466; -0.002595, 0.974485, 38.124348; -0.000004, -0.000009, 1.000024]; 
proj_mat{271}=[0.992684, -0.012652, 14.169862; -0.000224, 0.986882, 19.284662; -0.000002, -0.000007, 1.000114]; 
proj_mat{272}=[0.998566, -0.007012, 4.063830; 0.001155, 0.997040, 13.078039; 0.000000, -0.000004, 1.000155]; 
proj_mat{273}=[0.999961, -0.002576, 0.265340; 0.000420, 0.992952, 12.757211; 0.000001, -0.000003, 1.000132]; 
proj_mat{274}=[1.000490, 0.002127, -1.125170; -0.000218, 0.998815, 1.700903; -0.000000, 0.000000, 1.000144]; 
proj_mat{275}=[1.000004, 0.002519, 0.500234; 0.001159, 0.997968, -3.552556; -0.000001, 0.000001, 1.000109]; 
proj_mat{276}=[0.997410, 0.005030, 5.254625; 0.001245, 1.003237, -8.609830; -0.000002, 0.000001, 1.000073]; 
proj_mat{277}=[0.993160, 0.003625, 13.819632; -0.001762, 1.004588, -0.768178; -0.000003, -0.000000, 1.000040]; 
proj_mat{278}=[0.995998, -0.008714, 9.297471; -0.004286, 0.991861, 17.788754; -0.000001, -0.000002, 1.000034]; 
proj_mat{279}=[1.003498, -0.007911, -4.920203; 0.001246, 0.993770, 5.248009; 0.000002, -0.000001, 1.000065]; 
proj_mat{280}=[1.009217, -0.001569, -14.372993; 0.005079, 1.004191, -8.730847; 0.000004, 0.000001, 1.000034]; 
proj_mat{281}=[1.006788, 0.004174, -12.098682; 0.000249, 1.006887, -3.835807; 0.000003, 0.000001, 1.000020]; 
proj_mat{282}=[1.004739, 0.000595, -9.249904; -0.001038, 1.005026, 0.936102; 0.000002, 0.000001, 0.999990]; 
proj_mat{283}=[1.009609, -0.000193, -18.946108; 0.005358, 1.004340, -11.474483; 0.000004, 0.000002, 0.999932]; 
proj_mat{284}=[1.007461, 0.003971, -15.226087; 0.005889, 1.008585, -13.731556; 0.000003, 0.000002, 0.999910]; 
proj_mat{285}=[1.003974, 0.003638, -6.538453; 0.002360, 1.006839, -5.644019; 0.000002, -0.000000, 0.999907]; 
proj_mat{286}=[1.000801, -0.006465, -3.183368; -0.004899, 0.998471, 13.952205; 0.000001, -0.000002, 0.999866]; 
proj_mat{287}=[1.007382, -0.005737, -17.214575; -0.000118, 1.001311, 6.980825; 0.000004, -0.000000, 0.999819]; 
proj_mat{288}=[1.012469, 0.001423, -27.269756; 0.004340, 1.004026, -0.959241; 0.000006, 0.000002, 0.999735]; 
proj_mat{289}=[1.008672, 0.013065, -24.673075; 0.004057, 1.005839, -8.326756; 0.000004, 0.000003, 0.999735]; 
proj_mat{290}=[0.984845, 0.023639, 20.563755; -0.006546, 0.993377, 2.978946; -0.000009, 0.000004, 0.999973]; 
proj_mat{291}=[0.973244, 0.019021, 43.275902; -0.012601, 0.982666, 2.816243; -0.000015, 0.000004, 0.999781]; 
proj_mat{292}=[0.973239, 0.007001, 51.875145; -0.014505, 0.993778, -5.815623; -0.000015, 0.000005, 0.999694]; 
proj_mat{293}=[0.981556, -0.002415, 41.547256; -0.012288, 0.999489, -4.199953; -0.000011, 0.000006, 0.999844]; 
proj_mat{294}=[0.992945, -0.012865, 20.510714; -0.007268, 1.001346, -3.895786; -0.000004, 0.000003, 1.000059]; 
proj_mat{295}=[1.008577, -0.015147, -9.858637; -0.000034, 1.008635, -8.183137; 0.000004, 0.000002, 1.000150]; 
proj_mat{296}=[1.019391, 0.008523, -41.449677; 0.008392, 1.005210, -17.240648; 0.000009, 0.000001, 1.000016]; 
proj_mat{297}=[1.009469, 0.017968, -23.867355; 0.004965, 1.004860, -22.797987; 0.000004, 0.000003, 1.000123]; 
proj_mat{298}=[0.997201, 0.017121, 1.688911; -0.000495, 1.007713, -22.507193; -0.000003, 0.000005, 1.000150]; 
proj_mat{299}=[0.993273, -0.006301, 18.824047; -0.003408, 1.001489, -2.911854; -0.000004, 0.000002, 1.000144]; 
proj_mat{300}=[1.000675, -0.010970, 4.582077; -0.000182, 1.002415, -3.406987; 0.000000, 0.000001, 1.000147]; 
proj_mat{301}=[1.010973, -0.000967, -20.567579; 0.005595, 1.009011, -14.042264; 0.000006, -0.000002, 1.000107]; 
proj_mat{302}=[1.003523, 0.005860, -10.398575; 0.004162, 1.019665, -6.184344; 0.000002, -0.000004, 1.000119]; 
proj_mat{303}=[0.989729, -0.013226, 19.190800; 0.001135, 0.985042, 39.998089; -0.000002, -0.000011, 1.000136]; 
proj_mat{304}=[0.990081, -0.014814, 18.801447; 0.001571, 0.981550, 37.868633; -0.000002, -0.000011, 1.000078]; 
proj_mat{305}=[0.992918, -0.010441, 14.621864; 0.001702, 0.981697, 31.995228; -0.000001, -0.000008, 1.000128]; 
proj_mat{306}=[0.994908, -0.007278, 12.008701; 0.000730, 0.982077, 21.958120; -0.000001, -0.000005, 1.000151]; 
proj_mat{307}=[0.999105, -0.006864, 6.844360; 0.000538, 0.989544, 7.696948; -0.000001, -0.000001, 1.000182]; 
proj_mat{308}=[1.005207, -0.005374, -3.045298; 0.001816, 0.997596, -5.233150; 0.000002, 0.000002, 1.000165]; 
proj_mat{309}=[1.010709, 0.000884, -14.072055; 0.003097, 1.005291, -14.347848; 0.000004, 0.000005, 1.000090]; 
proj_mat{310}=[1.006989, 0.007019, -13.296717; 0.002914, 1.015032, -24.591074; 0.000002, 0.000004, 1.000074]; 
proj_mat{311}=[1.001519, 0.005918, -4.615760; 0.001648, 1.010674, -10.967590; 0.000000, 0.000001, 1.000120]; 
proj_mat{312}=[0.995485, 0.002102, 5.729305; -0.001044, 1.002906, 4.466046; -0.000002, -0.000003, 1.000120]; 
proj_mat{313}=[0.991716, 0.000081, 12.279736; -0.003883, 0.993301, 18.711105; -0.000003, -0.000004, 1.000056]; 
proj_mat{314}=[0.995189, -0.005459, 8.510977; -0.000541, 0.993785, 6.947396; -0.000002, -0.000002, 1.000057]; 
proj_mat{315}=[0.999180, -0.005870, 3.945347; 0.002275, 0.997349, 2.530900; -0.000000, -0.000001, 1.000031]; 
proj_mat{316}=[1.002082, -0.005274, -0.548373; 0.002720, 0.998152, -0.501225; 0.000001, -0.000001, 0.999982]; 
proj_mat{317}=[1.005795, -0.001281, -9.979101; 0.000780, 1.002513, 4.702502; 0.000003, -0.000001, 0.999919]; 
proj_mat{318}=[1.006473, -0.001120, -13.014665; 0.000381, 0.995489, 4.395314; 0.000004, -0.000001, 0.999845]; 
proj_mat{319}=[1.010006, -0.003094, -17.502924; 0.001938, 1.000744, -4.679039; 0.000005, -0.000000, 0.999760]; 
proj_mat{320}=[1.015325, -0.003613, -25.440456; 0.003901, 1.006176, -11.220164; 0.000008, 0.000001, 0.999635]; 
proj_mat{321}=[1.019349, -0.001725, -34.112488; 0.005404, 1.011734, -15.010739; 0.000010, 0.000000, 0.999501]; 
proj_mat{322}=[1.019450, 0.007387, -36.596783; 0.006206, 1.015101, -12.833137; 0.000010, 0.000000, 0.999387]; 
proj_mat{323}=[0.988938, 0.027409, 12.169745; -0.002070, 0.991655, 3.506949; -0.000006, -0.000001, 0.999821]; 
proj_mat{324}=[0.970448, 0.020232, 53.411339; -0.009186, 0.983940, 8.423631; -0.000015, -0.000002, 0.999565]; 
proj_mat{325}=[0.958108, 0.004215, 81.258224; -0.015401, 0.981239, 16.960594; -0.000020, -0.000002, 0.999098]; 
proj_mat{326}=[0.963584, -0.015024, 77.792267; -0.015778, 0.982466, 22.868835; -0.000018, 0.000001, 0.999237]; 
proj_mat{327}=[0.986981, -0.032876, 40.482471; -0.008550, 0.994577, 16.888044; -0.000006, -0.000001, 1.000029]; 
proj_mat{328}=[1.015000, -0.029066, -15.406597; 0.002691, 1.007545, 10.125038; 0.000008, -0.000002, 1.000491]; 
proj_mat{329}=[1.026099, 0.007931, -63.170734; 0.010858, 1.007576, -5.979861; 0.000013, -0.000000, 1.000324]; 
proj_mat{330}=[1.015603, 0.022042, -45.479961; 0.007645, 1.008231, -11.149254; 0.000007, 0.000003, 1.000557]; 
proj_mat{331}=[1.001542, 0.018229, -12.582957; 0.002145, 1.003009, -8.775373; -0.000000, 0.000002, 1.000724]; 
proj_mat{332}=[0.995220, -0.007220, 10.762033; -0.001927, 1.001979, 2.546829; -0.000002, 0.000001, 1.000628]; 
proj_mat{333}=[1.003498, -0.009281, -3.943448; 0.000375, 0.998046, 4.429738; 0.000002, 0.000000, 1.000559]; 
proj_mat{334}=[1.009219, -0.004555, -18.217258; 0.002758, 0.997528, -4.981482; 0.000005, 0.000000, 1.000441]; 
proj_mat{335}=[1.012960, 0.007071, -26.483250; 0.003353, 1.008338, -16.141378; 0.000005, 0.000004, 1.000319]; 
proj_mat{336}=[1.008708, 0.008557, -14.213625; 0.001736, 1.004334, -22.935228; 0.000002, 0.000008, 1.000248]; 
proj_mat{337}=[1.008645, 0.006884, -12.360423; 0.001662, 1.016515, -32.210217; 0.000002, 0.000008, 1.000169]; 
proj_mat{338}=[1.007602, 0.007806, -11.728810; 0.001456, 1.014791, -25.124495; 0.000002, 0.000007, 1.000130]; 
proj_mat{339}=[1.004600, 0.007824, -8.119992; 0.000666, 1.010888, -19.425663; 0.000001, 0.000005, 1.000154]; 
proj_mat{340}=[1.001504, 0.005875, -2.296357; -0.000033, 1.010946, -10.955922; -0.000000, 0.000003, 1.000146]; 
proj_mat{341}=[0.999033, -0.002019, 2.502120; 0.000334, 1.004133, 0.112639; -0.000000, -0.000000, 1.000154]; 
proj_mat{342}=[1.000483, -0.003498, 0.953610; 0.001221, 0.996023, 6.406784; 0.000001, -0.000000, 1.000124]; 
proj_mat{343}=[1.002084, -0.001707, -2.781796; 0.001352, 0.996307, 0.519023; 0.000001, 0.000000, 1.000099]; 
proj_mat{344}=[1.003657, 0.001215, -5.238506; 0.002033, 1.001627, -6.063984; 0.000001, 0.000002, 1.000074]; 
proj_mat{345}=[1.000959, 0.001618, -1.742998; 0.000904, 1.008180, -5.041398; 0.000000, 0.000000, 1.000077]; 
proj_mat{346}=[0.996885, 0.003413, 3.076540; -0.000003, 1.002298, 6.135906; -0.000001, -0.000002, 1.000079]; 
proj_mat{347}=[0.992009, 0.000726, 11.962200; -0.001827, 0.993643, 14.813370; -0.000003, -0.000004, 1.000046]; 
proj_mat{348}=[0.989466, -0.001487, 17.207169; -0.003711, 0.988842, 18.212158; -0.000004, -0.000004, 1.000005]; 
proj_mat{349}=[0.989746, -0.006627, 17.549385; -0.003926, 0.990996, 16.462971; -0.000004, -0.000005, 0.999974]; 
proj_mat{350}=[0.995976, -0.002705, 6.422816; -0.001386, 0.988735, 11.586225; -0.000001, -0.000003, 1.000022]; 
proj_mat{351}=[0.998459, 0.001127, 3.489572; -0.001198, 0.992672, 3.488373; -0.000001, 0.000001, 1.000028]; 
proj_mat{352}=[1.000297, 0.001151, 1.391884; -0.001038, 0.995340, -5.926535; -0.000001, 0.000002, 0.999997]; 
proj_mat{353}=[1.002339, -0.000344, -1.495073; -0.000503, 1.009499, -13.793639; 0.000000, 0.000002, 0.999964]; 
proj_mat{354}=[1.003008, -0.003423, -4.144979; 0.000753, 1.016028, -5.494691; 0.000002, -0.000001, 0.999976]; 
proj_mat{355}=[1.000832, -0.004088, -4.088850; 0.000949, 1.007281, 13.911854; 0.000002, -0.000006, 0.999966]; 
proj_mat{356}=[0.996096, -0.002765, 0.023378; -0.000034, 0.996944, 27.707085; 0.000001, -0.000009, 0.999887]; 
proj_mat{357}=[0.989450, -0.011004, 15.781325; 0.000359, 0.980221, 32.524014; -0.000002, -0.000009, 0.999830]; 
proj_mat{358}=[0.993456, -0.013612, 12.053084; 0.000873, 0.987219, 22.458899; -0.000001, -0.000007, 0.999869]; 
proj_mat{359}=[0.998454, -0.011341, 3.477074; 0.001809, 0.994842, 17.508884; 0.000001, -0.000005, 0.999898]; 
proj_mat{360}=[1.001068, 0.003188, -5.656606; 0.002928, 0.992087, 8.779254; 0.000001, -0.000001, 0.999921]; 
proj_mat{361}=[0.997523, 0.010966, 3.051439; 0.000756, 0.987531, -0.844597; -0.000002, 0.000004, 0.999927]; 
proj_mat{362}=[0.995670, 0.009025, 12.148757; -0.002789, 0.989034, -16.065113; -0.000004, 0.000008, 0.999865]; 
proj_mat{363}=[1.001752, 0.005804, 6.948477; -0.004812, 1.003275, -36.211842; -0.000002, 0.000012, 0.999771]; 
proj_mat{364}=[1.010226, 0.005006, -9.895696; -0.003592, 1.032270, -46.283852; 0.000001, 0.000012, 0.999743]; 
proj_mat{365}=[1.010675, 0.004427, -18.666512; -0.000394, 1.027104, -26.648533; 0.000003, 0.000006, 0.999931]; 
proj_mat{366}=[1.000196, 0.002136, -8.788717; 0.001626, 1.004481, 9.022925; 0.000002, -0.000007, 1.000198]; 
proj_mat{367}=[0.989380, 0.001669, 9.564259; -0.000451, 0.991420, 23.742662; -0.000003, -0.000010, 1.000112]; 
proj_mat{368}=[0.979781, -0.005385, 29.173153; -0.002640, 0.981572, 32.632473; -0.000007, -0.000012, 0.999926]; 
proj_mat{369}=[0.977294, -0.015973, 39.673321; -0.002892, 0.975581, 34.542713; -0.000008, -0.000011, 0.999804]; 
proj_mat{370}=[0.993470, -0.010092, 15.106996; 0.001596, 0.983763, 20.341673; -0.000002, -0.000005, 1.000220]; 
proj_mat{371}=[0.995600, 0.001175, 9.862293; 0.001154, 0.983502, 8.100865; -0.000002, -0.000000, 1.000226]; 
proj_mat{372}=[0.995386, 0.010027, 12.062415; -0.001433, 0.987363, -7.893905; -0.000004, 0.000006, 1.000153]; 
proj_mat{373}=[0.994428, 0.015718, 15.798877; -0.004678, 0.994318, -25.212765; -0.000006, 0.000010, 0.999982]; 
proj_mat{374}=[0.982431, 0.026365, 36.729992; -0.013552, 1.008864, -28.300594; -0.000013, 0.000014, 0.999631]; 
proj_mat{375}=[0.994892, -0.012633, 23.635561; -0.009238, 1.011366, -18.655077; -0.000005, 0.000010, 0.999957]; 
proj_mat{376}=[1.017005, -0.019103, -18.886402; 0.000991, 1.020344, -23.437611; 0.000006, 0.000009, 1.000170]; 
proj_mat{377}=[1.035847, -0.013478, -59.483044; 0.011225, 1.026919, -30.491440; 0.000017, 0.000006, 0.999950]; 
proj_mat{378}=[1.042812, 0.001048, -81.075020; 0.015787, 1.025654, -32.445152; 0.000020, 0.000008, 0.999610]; 
proj_mat{379}=[1.041394, 0.008648, -81.380630; 0.015882, 1.025378, -38.460629; 0.000019, 0.000007, 0.999565]; 
proj_mat{380}=[1.023005, 0.012264, -51.430202; 0.010642, 1.026197, -18.286797; 0.000011, 0.000001, 1.000341]; 
proj_mat{381}=[1.009523, 0.008583, -27.663630; 0.006485, 1.013768, 2.598356; 0.000006, -0.000003, 1.000608]; 
proj_mat{382}=[0.998574, 0.005946, -6.979397; 0.002086, 0.994275, 21.184805; 0.000001, -0.000005, 1.000639]; 
proj_mat{383}=[0.991394, 0.000782, 8.278584; -0.001666, 0.980929, 23.529818; -0.000002, -0.000006, 1.000552]; 
proj_mat{384}=[0.998028, -0.010636, 5.897472; -0.001101, 0.997100, 10.851474; 0.000000, -0.000004, 1.000480]; 
proj_mat{385}=[1.005933, -0.011384, -8.510234; 0.001959, 0.999835, 11.251828; 0.000004, -0.000004, 1.000386]; 
proj_mat{386}=[1.011412, -0.005961, -20.668270; 0.004782, 0.996620, 10.436783; 0.000007, -0.000004, 1.000252]; 
proj_mat{387}=[1.003587, 0.010127, -6.651826; 0.004109, 0.985118, 2.770562; 0.000003, -0.000005, 1.000258]; 
proj_mat{388}=[0.993042, 0.010977, 18.723379; -0.000681, 0.986732, -1.314625; -0.000003, -0.000004, 1.000236]; 
proj_mat{389}=[0.987767, -0.008114, 40.802677; -0.005046, 0.982223, 3.954970; -0.000005, -0.000006, 1.000108]; 
proj_mat{390}=[0.995415, -0.028653, 34.213692; -0.003669, 0.980192, 4.336449; -0.000000, -0.000009, 1.000150]; 
proj_mat{391}=[1.012425, -0.026579, 0.272952; 0.002537, 0.988784, -1.015097; 0.000008, -0.000010, 1.000260]; 
proj_mat{392}=[1.010035, -0.000515, -10.292350; 0.003556, 0.981069, 5.410393; 0.000007, -0.000009, 1.000150]; 
proj_mat{393}=[1.003844, -0.015865, 9.203429; 0.001555, 0.980443, 4.825207; 0.000006, -0.000014, 1.000073]; 
proj_mat{394}=[1.007176, -0.044766, 10.260460; 0.001778, 0.996284, 13.568083; 0.000009, -0.000016, 0.999951]; 
proj_mat{395}=[1.009522, -0.034230, -24.716253; 0.004679, 1.027567, 17.558193; 0.000004, 0.000002, 1.000011]; 
proj_mat{396}=[1.025718, 0.002902, -74.470589; 0.014011, 1.027278, 14.768142; 0.000013, 0.000002, 0.999735]; 
proj_mat{397}=[1.018500, 0.026144, -65.809883; 0.012403, 1.014646, 16.178616; 0.000009, -0.000000, 1.000020]; 
proj_mat{398}=[1.001943, 0.027335, -28.349466; 0.004348, 1.003043, 17.741795; 0.000001, 0.000000, 1.000716]; 
proj_mat{399}=[0.985479, 0.004464, 18.841883; -0.003854, 1.004653, 9.858214; -0.000008, 0.000003, 1.001084]; 
proj_mat{400}=[0.991209, 0.001598, 12.045822; -0.002565, 1.005061, 12.370851; -0.000006, 0.000002, 1.001014]; 
proj_mat{401}=[0.995539, 0.005772, 5.827584; -0.002808, 0.995604, 6.454794; -0.000004, 0.000006, 1.000959]; 
proj_mat{402}=[1.000369, 0.008896, -3.232276; -0.000534, 1.003286, -10.002491; -0.000002, 0.000007, 1.000843]; 
proj_mat{403}=[0.992871, 0.024544, 8.193545; -0.004777, 1.002314, -18.281818; -0.000007, 0.000010, 1.000727]; 
proj_mat{404}=[0.985303, 0.020640, 24.262245; -0.007686, 0.999297, -20.881636; -0.000010, 0.000008, 1.000609]; 
proj_mat{405}=[0.982853, 0.011587, 33.724182; -0.009265, 1.003922, -21.064074; -0.000011, 0.000010, 1.000405]; 
proj_mat{406}=[0.989594, 0.003005, 26.663572; -0.007241, 1.004750, -18.278788; -0.000008, 0.000009, 1.000344]; 
proj_mat{407}=[0.996317, 0.000781, 11.944340; -0.004929, 1.005775, -17.969913; -0.000003, 0.000006, 1.000330]; 
proj_mat{408}=[0.995254, 0.015018, 4.268447; -0.006101, 0.999732, -12.877666; -0.000004, 0.000005, 1.000190]; 
proj_mat{409}=[0.990201, 0.019197, 12.228623; -0.007243, 1.004249, -14.659595; -0.000006, 0.000004, 1.000084]; 
proj_mat{410}=[0.982117, 0.017405, 28.478209; -0.009780, 1.000474, -3.982720; -0.000010, 0.000002, 0.999975]; 
proj_mat{411}=[0.975940, -0.011596, 47.106251; -0.012340, 0.987296, 19.985464; -0.000011, -0.000001, 0.999859]; 
proj_mat{412}=[0.993749, -0.013620, 17.505579; -0.004077, 0.994928, 9.547141; -0.000004, 0.000002, 1.000125]; 
proj_mat{413}=[1.008548, -0.010447, -9.926210; 0.004215, 0.999504, -3.830290; 0.000003, 0.000006, 1.000131]; 
proj_mat{414}=[1.021973, -0.002916, -34.421291; 0.011482, 1.004853, -27.891050; 0.000009, 0.000009, 0.999929]; 
proj_mat{415}=[1.013107, 0.013673, -26.991941; 0.008461, 1.036000, -34.838303; 0.000005, 0.000004, 1.000120]; 
proj_mat{416}=[1.003053, 0.000918, -6.382268; 0.004230, 1.018557, 1.723677; 0.000002, -0.000003, 1.000414]; 
proj_mat{417}=[0.998922, -0.017501, 0.770878; 0.003047, 0.998601, 26.209204; 0.000002, -0.000009, 1.000353]; 
proj_mat{418}=[1.005919, -0.023878, -12.413680; 0.007151, 0.989585, 29.222197; 0.000006, -0.000010, 1.000257]; 
proj_mat{419}=[1.015390, -0.006938, -33.337727; 0.011925, 0.998319, 11.507547; 0.000010, -0.000006, 1.000221]; 
proj_mat{420}=[1.012993, 0.002253, -28.144773; 0.010354, 0.998008, 7.033705; 0.000008, -0.000005, 1.000245]; 
proj_mat{421}=[0.997081, -0.000972, 4.861530; 0.000324, 0.996953, 7.918875; -0.000000, -0.000004, 1.000463]; 
proj_mat{422}=[0.997754, -0.005986, 5.747324; -0.000811, 0.996586, 13.232296; -0.000000, -0.000005, 1.000403]; 
proj_mat{423}=[0.999738, -0.002669, 0.292289; -0.001736, 0.993906, 16.181206; 0.000001, -0.000006, 1.000331]; 
proj_mat{424}=[0.992171, 0.008294, 9.813425; -0.010293, 0.992111, 22.392532; -0.000003, -0.000005, 1.000315]; 
proj_mat{425}=[0.989592, 0.005217, 14.130900; -0.012689, 0.989791, 25.395178; -0.000004, -0.000005, 1.000264]; 
proj_mat{426}=[0.990023, 0.004538, 13.810648; -0.011034, 0.990067, 20.478378; -0.000004, -0.000004, 1.000273]; 
proj_mat{427}=[0.990509, 0.004172, 13.066250; -0.010153, 0.990211, 17.785549; -0.000004, -0.000004, 1.000249]; 
proj_mat{428}=[0.991181, -0.002167, 13.361687; -0.008971, 0.997194, 14.715224; -0.000003, -0.000005, 1.000190]; 
proj_mat{429}=[1.000307, -0.006999, -0.782788; -0.001009, 0.984712, 21.716883; 0.000001, -0.000004, 1.000194]; 
proj_mat{430}=[1.002914, -0.000081, -7.602525; 0.001161, 0.986952, 3.832444; 0.000002, -0.000001, 1.000221]; 
proj_mat{431}=[1.003776, 0.007453, -7.913340; 0.001285, 1.002439, -12.106716; 0.000001, 0.000002, 1.000197]; 
proj_mat{432}=[0.990804, 0.007237, 16.160942; -0.006462, 1.001472, -2.666896; -0.000005, 0.000001, 1.000220]; 
proj_mat{433}=[0.989004, -0.002450, 19.225464; -0.006853, 1.002108, 7.198032; -0.000005, -0.000002, 1.000159]; 
proj_mat{434}=[0.994330, -0.001154, 10.198615; -0.004010, 0.992651, 15.499736; -0.000003, -0.000001, 1.000150]; 
proj_mat{435}=[0.997037, 0.007009, 7.323096; -0.000842, 0.992031, -12.521518; -0.000003, 0.000006, 1.000244]; 
proj_mat{436}=[0.996806, 0.008286, 9.069414; -0.000570, 1.003380, -28.002035; -0.000004, 0.000008, 1.000179]; 
proj_mat{437}=[0.997054, 0.001670, 11.423635; 0.000276, 1.007084, -16.476393; -0.000003, 0.000006, 1.000204]; 
proj_mat{438}=[0.998090, 0.001167, 8.344283; 0.000765, 1.001375, -12.638236; -0.000002, 0.000005, 1.000174]; 
proj_mat{439}=[0.998547, 0.000676, 6.796538; 0.000980, 1.002425, -14.639510; -0.000002, 0.000004, 1.000137]; 
proj_mat{440}=[1.000250, -0.002504, 3.982923; 0.001284, 1.006410, -14.264598; -0.000001, 0.000003, 1.000100]; 
proj_mat{441}=[1.005133, -0.004631, -4.525776; 0.005889, 1.010445, -16.170439; 0.000002, 0.000002, 1.000075]; 
proj_mat{442}=[1.006048, 0.001968, -10.487811; 0.007163, 0.999269, -8.299079; 0.000002, 0.000003, 1.000023]; 
proj_mat{443}=[1.002163, 0.002446, -3.232974; 0.006814, 0.998504, -15.197722; 0.000000, 0.000004, 1.000001]; 
proj_mat{444}=[1.002340, -0.002957, 2.433357; 0.005795, 1.009756, -19.187212; 0.000000, 0.000004, 0.999960]; 
proj_mat{445}=[1.003207, -0.004224, -1.598042; 0.004045, 1.009326, -10.445995; 0.000001, 0.000002, 0.999985]; 
proj_mat{446}=[1.003428, -0.003033, -6.171922; 0.002921, 1.007076, -0.483916; 0.000002, -0.000001, 0.999994]; 
proj_mat{447}=[1.000875, 0.004672, -6.144903; 0.001865, 0.997200, 7.210087; 0.000000, -0.000000, 0.999984]; 
proj_mat{448}=[0.990122, 0.009779, 15.809281; -0.001407, 0.989761, -1.217211; -0.000006, 0.000004, 1.000028]; 
proj_mat{449}=[0.987271, 0.006285, 25.160038; -0.002644, 0.996595, -10.683739; -0.000008, 0.000005, 0.999974]; 
proj_mat{450}=[0.988218, 0.002788, 26.396469; -0.003312, 1.002418, -11.175084; -0.000007, 0.000005, 0.999972]; 
proj_mat{451}=[0.990800, -0.002957, 22.241676; -0.003599, 1.004395, -5.638126; -0.000005, 0.000004, 1.000029]; 
proj_mat{452}=[0.998520, -0.007058, 8.872362; -0.001622, 1.005841, -0.979927; -0.000002, 0.000003, 1.000103]; 
proj_mat{453}=[1.007884, -0.007111, -9.496453; 0.001519, 1.005785, -0.075107; 0.000003, 0.000003, 1.000122]; 
proj_mat{454}=[1.017018, 0.007138, -31.427139; 0.004543, 1.005897, -9.827863; 0.000007, 0.000002, 1.000052]; 
proj_mat{455}=[1.010217, 0.012028, -21.101160; 0.002013, 1.006797, -13.121870; 0.000004, 0.000003, 1.000115]; 
proj_mat{456}=[1.003444, 0.008120, -7.354232; -0.000995, 1.006982, -11.517766; 0.000001, 0.000003, 1.000159]; 
proj_mat{457}=[1.001814, 0.001835, -2.118167; -0.002201, 1.007884, -5.756600; 0.000001, 0.000002, 1.000154]; 
proj_mat{458}=[1.003008, -0.001608, -4.820235; -0.001837, 1.003708, 0.814088; 0.000002, -0.000000, 1.000135]; 
proj_mat{459}=[1.001397, 0.009079, -6.905985; -0.002476, 0.999007, 9.358855; 0.000001, -0.000003, 1.000106]; 
proj_mat{460}=[0.991511, 0.009054, 8.872253; -0.005765, 0.995846, 12.952101; -0.000003, -0.000005, 1.000076]; 
proj_mat{461}=[0.983480, 0.007158, 23.859552; -0.008419, 0.993742, 20.678314; -0.000007, -0.000006, 0.999987]; 
proj_mat{462}=[0.977597, -0.013030, 37.780033; -0.009852, 0.983372, 38.354156; -0.000008, -0.000010, 0.999833]; 
proj_mat{463}=[0.987256, -0.018878, 23.242298; -0.005243, 0.984420, 36.747368; -0.000004, -0.000010, 0.999973]; 
proj_mat{464}=[0.996982, -0.014954, 4.914044; -0.000736, 0.985921, 30.326361; 0.000001, -0.000008, 1.000105]; 
proj_mat{465}=[1.003052, -0.007461, -7.125736; 0.002085, 0.989200, 19.058880; 0.000003, -0.000007, 1.000135]; 
proj_mat{466}=[1.001219, -0.001695, -6.463469; 0.002015, 0.993598, 10.686880; 0.000002, -0.000005, 1.000123]; 
proj_mat{467}=[0.993560, 0.001821, 8.622871; -0.001399, 0.991723, 10.374244; -0.000002, -0.000004, 1.000118]; 
proj_mat{468}=[0.991052, 0.000789, 14.809561; -0.002546, 0.986748, 8.539360; -0.000004, -0.000002, 1.000084]; 
proj_mat{469}=[0.992544, -0.002659, 15.894063; -0.001651, 0.992475, -1.954864; -0.000004, 0.000000, 1.000073]; 
proj_mat{470}=[0.996483, -0.003812, 10.761535; -0.000485, 1.002154, -6.972028; -0.000002, 0.000001, 1.000071]; 
proj_mat{471}=[1.003424, -0.000133, -3.505768; 0.002963, 0.997227, -7.077317; 0.000001, 0.000002, 1.000067]; 
