homo_mat{1}=[0.992190, -0.007501, 18.711697; -0.003642, 1.000650, 1.270688; -0.000004, -0.000000, 1.000000]; 
homo_mat{2}=[0.999060, -0.008366, 4.468497; -0.000994, 0.998507, 4.721803; -0.000000, -0.000001, 1.000000]; 
homo_mat{3}=[1.002027, -0.000512, -4.382455; 0.000751, 0.999042, 2.637488; 0.000001, -0.000001, 1.000000]; 
homo_mat{4}=[1.000467, 0.005211, -2.135462; 0.000317, 0.998038, -0.923333; 0.000000, 0.000000, 1.000000]; 
homo_mat{5}=[0.997985, 0.002181, 4.064219; -0.000469, 0.999388, -1.336027; -0.000001, 0.000000, 1.000000]; 
homo_mat{6}=[0.998219, -0.000819, 5.272736; -0.000139, 1.000936, -0.812544; -0.000001, 0.000001, 1.000000]; 
homo_mat{7}=[0.998681, -0.000261, 3.391235; -0.000007, 0.999314, 0.698588; -0.000001, -0.000000, 1.000000]; 
homo_mat{8}=[0.998233, 0.000551, 3.858665; -0.000563, 1.001083, 2.103687; -0.000001, 0.000000, 1.000000]; 
homo_mat{9}=[0.998749, -0.004908, 3.278332; -0.000421, 0.996452, 4.351770; -0.000000, -0.000002, 1.000000]; 
homo_mat{10}=[1.001384, 0.001143, -2.511795; -0.000280, 1.002783, 3.134472; 0.000001, 0.000000, 1.000000]; 
homo_mat{11}=[0.999365, 0.001522, -0.400791; -0.000483, 0.998492, 6.080025; 0.000000, -0.000001, 1.000000]; 
homo_mat{12}=[0.997986, -0.000827, 2.828420; -0.000795, 0.993803, 5.418495; -0.000001, -0.000002, 1.000000]; 
homo_mat{13}=[0.999420, 0.001855, 1.095118; -0.000688, 0.999408, 0.976382; -0.000000, 0.000001, 1.000000]; 
homo_mat{14}=[0.998582, 0.001811, 2.333232; -0.000946, 0.999453, 1.193774; -0.000001, 0.000000, 1.000000]; 
homo_mat{15}=[0.998591, -0.000280, 3.068281; -0.000893, 0.996537, 1.323721; -0.000001, 0.000000, 1.000000]; 
homo_mat{16}=[1.000108, -0.001002, 0.351109; 0.000114, 0.999307, -4.585342; -0.000000, 0.000000, 1.000000]; 
homo_mat{17}=[1.001144, 0.002614, -1.263116; 0.000053, 1.003230, -4.183995; 0.000000, 0.000002, 1.000000]; 
homo_mat{18}=[1.000656, -0.000620, -0.367258; -0.000317, 1.000257, -3.441979; 0.000000, 0.000001, 1.000000]; 
homo_mat{19}=[1.002241, 0.000531, -3.275375; 0.000789, 1.004116, -3.766651; 0.000001, 0.000001, 1.000000]; 
homo_mat{20}=[1.001476, 0.000677, -2.420156; 0.001593, 0.998631, -2.443625; 0.000001, 0.000001, 1.000000]; 
homo_mat{21}=[1.001670, -0.000770, -1.520204; 0.001965, 1.002512, -6.071660; 0.000001, 0.000001, 1.000000]; 
homo_mat{22}=[1.002954, -0.001279, -3.185334; 0.002083, 1.003545, -4.599393; 0.000001, 0.000001, 1.000000]; 
homo_mat{23}=[1.002869, -0.000217, -4.174708; 0.001934, 1.002362, -3.244773; 0.000001, 0.000001, 1.000000]; 
homo_mat{24}=[1.002069, 0.000001, -3.603577; 0.001985, 0.998172, -2.570959; 0.000001, 0.000000, 1.000000]; 
homo_mat{25}=[1.001753, 0.003714, -2.429024; 0.001253, 1.002700, -5.147489; 0.000001, 0.000001, 1.000000]; 
homo_mat{26}=[0.999320, -0.000225, 2.261813; -0.000003, 1.001801, -2.843256; -0.000001, 0.000001, 1.000000]; 
homo_mat{27}=[1.000786, -0.001389, -0.360596; -0.000026, 1.002022, -0.208208; 0.000000, 0.000001, 1.000000]; 
homo_mat{28}=[1.001114, 0.002105, -2.615427; -0.000501, 0.998834, 0.752730; 0.000001, 0.000000, 1.000000]; 
homo_mat{29}=[1.000947, -0.000410, -1.795489; -0.000042, 0.999881, -2.178833; 0.000000, 0.000000, 1.000000]; 
homo_mat{30}=[1.002481, -0.001272, -3.686440; 0.000866, 1.003906, -4.210001; 0.000001, 0.000000, 1.000000]; 
homo_mat{31}=[1.001887, -0.000339, -4.031996; 0.000867, 1.004695, 0.668757; 0.000001, -0.000001, 1.000000]; 
homo_mat{32}=[0.999874, 0.002048, -1.532092; 0.000614, 0.995387, 3.470556; 0.000000, -0.000001, 1.000000]; 
homo_mat{33}=[0.999139, -0.000270, 1.931373; 0.000301, 1.001358, 0.778310; -0.000000, 0.000000, 1.000000]; 
homo_mat{34}=[0.999529, -0.000692, 1.157473; -0.000087, 0.997127, 2.507247; -0.000000, -0.000000, 1.000000]; 
homo_mat{35}=[0.999531, 0.001054, 0.641509; -0.000949, 1.001392, 1.586223; -0.000000, 0.000000, 1.000000]; 
homo_mat{36}=[0.999146, -0.000809, 0.745937; -0.001287, 0.995013, 3.837139; -0.000000, -0.000000, 1.000000]; 
homo_mat{37}=[1.001157, -0.000879, -2.553698; -0.000616, 1.003029, -1.658515; 0.000000, -0.000001, 1.000000]; 
homo_mat{38}=[1.001364, 0.004121, -3.569693; -0.000519, 0.999058, 1.457513; 0.000000, 0.000000, 1.000000]; 
homo_mat{39}=[0.998382, 0.002928, 1.673157; -0.001459, 1.001205, -0.347596; -0.000001, -0.000000, 1.000000]; 
homo_mat{40}=[0.998328, 0.000254, 2.984869; -0.001751, 1.000038, 3.205189; -0.000001, 0.000000, 1.000000]; 
homo_mat{41}=[0.998414, -0.002029, 2.234020; -0.001125, 0.998792, 3.233949; -0.000001, -0.000001, 1.000000]; 
homo_mat{42}=[1.001043, -0.003804, -1.743558; 0.000374, 1.000002, 1.991514; 0.000001, 0.000000, 1.000000]; 
homo_mat{43}=[1.003954, -0.003063, -7.330816; 0.001812, 1.001489, -0.470138; 0.000002, -0.000000, 1.000000]; 
homo_mat{44}=[1.004759, -0.001582, -9.615648; 0.002414, 1.001729, -0.253589; 0.000003, -0.000001, 1.000000]; 
homo_mat{45}=[1.004122, 0.003007, -8.888353; 0.002039, 1.000517, -0.454621; 0.000002, 0.000000, 1.000000]; 
homo_mat{46}=[1.001503, 0.001176, -3.889909; 0.001043, 1.000097, -1.925173; 0.000001, -0.000000, 1.000000]; 
homo_mat{47}=[1.001574, 0.000605, -2.739403; 0.000183, 1.001233, -0.987256; 0.000001, 0.000000, 1.000000]; 
homo_mat{48}=[1.000481, 0.003125, -1.802789; -0.000978, 0.999234, -0.768389; 0.000000, 0.000001, 1.000000]; 
homo_mat{49}=[0.999992, 0.001612, -0.513293; -0.001527, 1.003080, -1.124290; -0.000000, 0.000000, 1.000000]; 
homo_mat{50}=[0.999075, 0.004122, 0.382710; -0.001546, 0.998520, 1.864622; -0.000001, 0.000001, 1.000000]; 
homo_mat{51}=[0.997622, 0.002529, 3.666436; -0.000330, 0.997248, -1.956668; -0.000002, 0.000001, 1.000000]; 
homo_mat{52}=[0.997553, -0.002404, 6.982084; 0.001971, 1.000694, -5.604498; -0.000002, 0.000002, 1.000000]; 
homo_mat{53}=[1.000603, -0.012153, 4.606574; 0.002071, 1.012801, -6.131699; 0.000001, -0.000005, 1.000000]; 
homo_mat{54}=[1.003173, 0.007644, -9.416586; -0.006579, 0.996707, 28.635866; 0.000002, -0.000000, 1.000000]; 
homo_mat{55}=[0.997268, -0.003754, -3.152233; -0.001804, 0.984058, 10.324180; -0.000000, -0.000003, 1.000000]; 
homo_mat{56}=[1.006076, -0.006925, -9.786870; 0.003883, 0.996576, -9.147792; 0.000003, -0.000000, 1.000000]; 
homo_mat{57}=[1.008148, 0.006602, -14.895642; 0.003606, 1.012904, -15.077061; 0.000003, 0.000004, 1.000000]; 
homo_mat{58}=[1.002940, 0.001861, -5.749629; 0.003260, 1.005910, -7.791458; 0.000001, 0.000001, 1.000000]; 
homo_mat{59}=[1.000864, 0.001650, -1.784446; 0.001437, 1.002683, -0.554351; 0.000000, 0.000000, 1.000000]; 
homo_mat{60}=[0.998822, -0.002275, 2.724029; -0.000256, 1.003193, 2.175865; -0.000000, -0.000003, 1.000000]; 
homo_mat{61}=[0.999616, -0.001095, -1.892800; -0.004222, 0.995993, 15.882385; 0.000001, -0.000002, 1.000000]; 
homo_mat{62}=[0.990971, 0.001468, 6.196832; -0.001181, 0.984890, 3.062099; -0.000003, -0.000005, 1.000000]; 
homo_mat{63}=[0.999285, -0.001361, 5.830954; -0.000302, 1.009509, -2.185654; -0.000001, 0.000001, 1.000000]; 
homo_mat{64}=[0.995632, 0.000829, 6.769486; -0.002055, 0.993697, 5.985901; -0.000002, -0.000002, 1.000000]; 
homo_mat{65}=[0.997123, -0.000847, 6.108033; -0.000969, 1.000322, 6.038313; -0.000001, -0.000000, 1.000000]; 
homo_mat{66}=[0.994947, 0.001039, 8.557629; -0.002625, 0.991675, 6.341344; -0.000002, -0.000001, 1.000000]; 
homo_mat{67}=[0.997717, -0.000217, 5.561554; -0.001742, 0.998935, 2.230972; -0.000002, 0.000001, 1.000000]; 
homo_mat{68}=[0.996837, -0.000971, 6.083674; -0.001180, 1.001493, 0.298576; -0.000001, -0.000001, 1.000000]; 
homo_mat{69}=[0.998111, -0.002943, 3.631503; -0.001804, 1.001512, 7.458707; -0.000001, -0.000001, 1.000000]; 
homo_mat{70}=[0.998934, -0.002800, 0.350949; -0.000576, 0.992216, 7.330627; 0.000000, -0.000003, 1.000000]; 
homo_mat{71}=[0.998804, 0.006053, 0.263154; -0.000465, 0.998627, 1.099188; -0.000001, 0.000001, 1.000000]; 
homo_mat{72}=[0.996093, -0.002411, 7.234210; -0.001095, 0.996380, 0.912282; -0.000002, -0.000001, 1.000000]; 
homo_mat{73}=[0.999814, -0.004338, 2.100233; -0.000457, 1.000288, -0.813721; -0.000000, 0.000001, 1.000000]; 
homo_mat{74}=[1.003939, -0.002231, -6.063927; 0.001379, 1.004315, -3.637041; 0.000002, 0.000001, 1.000000]; 
homo_mat{75}=[1.003312, 0.003068, -7.346434; 0.000421, 1.004381, 0.683796; 0.000002, 0.000000, 1.000000]; 
homo_mat{76}=[1.000705, -0.002057, -3.252500; -0.000189, 0.997775, 4.093267; 0.000001, -0.000002, 1.000000]; 
homo_mat{77}=[1.002581, 0.002411, -5.782415; -0.000069, 1.000459, 2.518803; 0.000001, -0.000000, 1.000000]; 
homo_mat{78}=[0.999532, 0.003932, -1.443192; -0.001492, 0.995626, 2.404217; -0.000000, -0.000000, 1.000000]; 
homo_mat{79}=[0.998947, -0.001283, 1.297131; -0.000492, 1.000960, -3.112776; -0.000001, 0.000000, 1.000000]; 
homo_mat{80}=[1.001063, -0.000642, -1.246468; 0.000784, 1.001776, -1.972127; 0.000000, 0.000000, 1.000000]; 
homo_mat{81}=[1.000939, 0.002509, -1.288134; -0.001789, 0.998182, 0.593263; 0.000000, 0.000001, 1.000000]; 
homo_mat{82}=[1.002579, 0.000709, -4.774757; -0.002325, 1.002446, -3.432869; 0.000001, 0.000001, 1.000000]; 
homo_mat{83}=[1.002708, 0.000494, -6.592129; -0.000295, 1.002017, -4.031865; 0.000001, 0.000001, 1.000000]; 
homo_mat{84}=[1.003244, 0.004287, -6.476886; 0.002538, 1.005266, -7.586817; 0.000001, 0.000001, 1.000000]; 
homo_mat{85}=[0.998137, 0.005769, 3.166478; 0.001476, 0.999701, -3.357890; -0.000001, 0.000001, 1.000000]; 
homo_mat{86}=[0.995529, -0.000333, 10.619194; -0.001517, 0.999995, -0.028337; -0.000002, 0.000000, 1.000000]; 
homo_mat{87}=[0.997218, -0.002533, 6.875379; -0.002347, 0.999200, 2.769947; -0.000002, 0.000001, 1.000000]; 
homo_mat{88}=[1.000133, -0.005241, 0.585976; -0.000295, 0.997507, 1.259755; 0.000000, -0.000000, 1.000000]; 
homo_mat{89}=[1.003136, 0.001013, -5.979753; 0.001879, 1.001578, -4.611803; 0.000001, 0.000000, 1.000000]; 
homo_mat{90}=[1.000586, 0.005039, -1.761775; 0.000571, 1.003465, -2.329348; 0.000000, 0.000001, 1.000000]; 
homo_mat{91}=[0.998236, 0.001075, 4.204344; -0.000191, 0.996113, 1.042444; -0.000001, 0.000001, 1.000000]; 
homo_mat{92}=[0.999090, -0.003066, 3.178794; -0.000785, 0.998417, -3.818172; -0.000001, -0.000000, 1.000000]; 
homo_mat{93}=[1.001566, 0.001452, -2.158242; -0.000151, 1.005174, -3.878821; 0.000000, 0.000002, 1.000000]; 
homo_mat{94}=[1.000483, 0.003728, -1.347605; 0.000632, 0.997802, -2.671377; 0.000000, 0.000001, 1.000000]; 
homo_mat{95}=[0.998981, 0.003432, 2.812756; -0.001957, 1.001640, -2.873227; -0.000001, 0.000001, 1.000000]; 
homo_mat{96}=[0.998793, -0.000446, 2.695570; -0.002766, 1.000671, -0.929248; -0.000001, 0.000001, 1.000000]; 
homo_mat{97}=[1.002231, -0.000674, -3.911389; -0.000095, 1.001591, -2.782791; 0.000001, 0.000000, 1.000000]; 
homo_mat{98}=[1.000973, 0.007989, -3.313066; -0.000507, 1.000884, -2.128556; 0.000000, 0.000002, 1.000000]; 
homo_mat{99}=[0.996986, 0.000331, 4.660397; -0.001549, 0.999586, -2.518186; -0.000002, -0.000000, 1.000000]; 
homo_mat{100}=[1.000046, -0.003234, 2.016840; -0.000662, 1.006786, 0.597090; -0.000000, 0.000001, 1.000000]; 
homo_mat{101}=[1.001595, -0.003466, -3.474237; 0.000249, 0.995174, 6.071785; 0.000001, -0.000000, 1.000000]; 
homo_mat{102}=[1.003049, -0.004293, -6.668898; 0.002762, 1.001578, -3.324018; 0.000002, -0.000001, 1.000000]; 
homo_mat{103}=[1.003902, 0.001225, -7.184352; 0.003421, 1.003899, -2.078763; 0.000002, 0.000001, 1.000000]; 
homo_mat{104}=[1.002038, 0.001545, -3.598223; -0.000087, 1.001811, 3.932953; 0.000002, -0.000001, 1.000000]; 
homo_mat{105}=[1.001580, -0.000854, -4.164238; -0.002940, 0.995300, 7.676098; 0.000001, -0.000001, 1.000000]; 
homo_mat{106}=[1.003854, -0.003457, -9.701988; 0.000266, 1.000551, -3.355457; 0.000002, -0.000000, 1.000000]; 
homo_mat{107}=[1.005037, 0.003005, -12.238574; 0.004253, 1.007326, -7.187506; 0.000002, 0.000001, 1.000000]; 
homo_mat{108}=[0.999849, 0.006049, -1.683673; 0.002800, 1.003844, 0.016268; 0.000000, -0.000001, 1.000000]; 
homo_mat{109}=[0.994363, 0.001583, 10.245508; -0.002678, 0.995222, 11.606737; -0.000002, -0.000002, 1.000000]; 
homo_mat{110}=[0.995381, -0.006138, 8.861083; -0.004999, 0.988819, 12.040228; -0.000002, -0.000002, 1.000000]; 
homo_mat{111}=[1.001958, -0.005193, -4.328916; -0.000808, 0.996293, -1.551450; 0.000000, 0.000000, 1.000000]; 
homo_mat{112}=[1.004519, 0.002911, -9.477059; 0.004626, 1.005662, -12.115196; 0.000002, 0.000002, 1.000000]; 
homo_mat{113}=[0.999326, 0.008204, 0.496683; 0.003334, 1.003988, -7.999216; -0.000001, 0.000001, 1.000000]; 
homo_mat{114}=[0.994049, 0.002707, 13.657220; -0.003194, 1.002108, 4.808161; -0.000003, 0.000000, 1.000000]; 
homo_mat{115}=[0.995475, -0.005968, 9.160898; -0.006634, 0.992516, 14.423040; -0.000002, -0.000001, 1.000000]; 
homo_mat{116}=[1.002240, -0.004251, -6.149596; -0.001553, 0.996428, 1.391013; 0.000001, -0.000000, 1.000000]; 
homo_mat{117}=[1.004586, 0.004775, -10.287511; 0.004021, 1.005606, -9.362855; 0.000002, 0.000001, 1.000000]; 
homo_mat{118}=[0.998997, 0.008665, 2.008966; 0.003502, 1.003527, -6.298665; -0.000001, 0.000002, 1.000000]; 
homo_mat{119}=[0.993644, 0.002640, 14.740363; -0.003371, 0.998981, 4.694435; -0.000003, 0.000000, 1.000000]; 
homo_mat{120}=[0.994797, -0.007860, 10.768581; -0.007719, 0.989815, 11.652745; -0.000002, -0.000002, 1.000000]; 
homo_mat{121}=[1.003939, -0.004611, -9.011370; -0.002509, 1.000673, -3.512401; 0.000001, 0.000001, 1.000000]; 
homo_mat{122}=[1.005616, 0.009028, -13.866692; 0.004082, 1.009330, -11.410383; 0.000002, 0.000004, 1.000000]; 
homo_mat{123}=[0.998470, 0.007964, 1.829605; 0.003110, 1.004549, -4.227242; -0.000001, 0.000000, 1.000000]; 
homo_mat{124}=[0.992969, 0.001065, 15.269382; -0.003345, 0.996507, 8.532092; -0.000003, -0.000001, 1.000000]; 
homo_mat{125}=[0.995521, -0.008539, 10.358160; -0.005623, 0.990522, 10.913306; -0.000002, -0.000001, 1.000000]; 
homo_mat{126}=[1.004662, -0.004918, -7.222304; 0.000664, 1.003696, -4.585222; 0.000002, 0.000001, 1.000000]; 
homo_mat{127}=[1.003790, 0.004499, -9.336039; 0.004406, 1.006439, -6.678524; 0.000002, 0.000001, 1.000000]; 
homo_mat{128}=[0.999087, 0.005715, 1.324570; 0.002491, 1.000451, -0.495187; -0.000000, 0.000000, 1.000000]; 
homo_mat{129}=[0.995995, 0.000433, 9.025570; -0.003389, 0.993649, 6.566576; -0.000002, 0.000000, 1.000000]; 
homo_mat{130}=[1.000243, -0.005898, 1.089591; -0.003520, 0.996750, -0.099365; -0.000000, 0.000001, 1.000000]; 
homo_mat{131}=[1.004612, -0.000290, -10.089654; 0.002463, 1.005537, -10.710087; 0.000002, 0.000002, 1.000000]; 
homo_mat{132}=[1.003170, 0.004763, -6.393205; 0.004959, 1.007849, -9.723213; 0.000001, 0.000002, 1.000000]; 
homo_mat{133}=[0.997551, 0.006027, 4.776750; 0.000039, 1.000108, 1.615530; -0.000001, 0.000001, 1.000000]; 
homo_mat{134}=[0.996882, -0.005515, 8.277978; -0.004294, 0.993173, 6.810353; -0.000001, -0.000000, 1.000000]; 
homo_mat{135}=[1.003698, -0.006922, -5.842976; -0.000481, 1.003716, -3.421639; 0.000001, 0.000000, 1.000000]; 
homo_mat{136}=[1.006371, 0.001235, -13.603996; 0.004865, 1.006302, -6.570601; 0.000003, 0.000001, 1.000000]; 
homo_mat{137}=[1.002117, 0.006342, -4.906356; 0.004283, 1.001549, -2.887771; 0.000001, -0.000001, 1.000000]; 
homo_mat{138}=[0.995092, 0.002614, 9.436585; -0.002238, 0.997001, 6.471771; -0.000002, -0.000001, 1.000000]; 
homo_mat{139}=[0.996970, -0.007135, 6.794520; -0.004299, 0.990738, 7.355727; -0.000001, -0.000001, 1.000000]; 
homo_mat{140}=[1.003613, -0.003379, -6.974095; 0.000879, 1.002099, -7.165608; 0.000001, 0.000002, 1.000000]; 
homo_mat{141}=[1.005244, 0.003575, -10.076345; 0.004403, 1.006643, -11.053531; 0.000002, 0.000002, 1.000000]; 
homo_mat{142}=[1.000679, 0.008793, -1.453129; 0.001223, 1.004916, -4.100977; 0.000000, 0.000001, 1.000000]; 
homo_mat{143}=[0.995950, 0.000478, 8.284734; -0.004087, 0.999597, 5.714793; -0.000002, 0.000000, 1.000000]; 
homo_mat{144}=[0.999111, -0.007462, 1.641389; -0.003299, 0.994150, 6.800986; -0.000000, -0.000001, 1.000000]; 
homo_mat{145}=[1.005368, -0.002547, -11.193572; 0.002760, 1.000741, -6.595619; 0.000002, 0.000001, 1.000000]; 
homo_mat{146}=[1.003772, 0.007348, -8.931742; 0.004709, 1.007325, -8.398274; 0.000001, 0.000002, 1.000000]; 
homo_mat{147}=[0.997300, 0.004462, 5.489820; 0.000490, 0.999643, 0.424670; -0.000001, 0.000000, 1.000000]; 
homo_mat{148}=[0.997561, -0.003556, 8.032694; -0.003438, 0.998235, 6.369692; -0.000001, 0.000000, 1.000000]; 
homo_mat{149}=[1.000597, -0.005611, -2.013805; -0.002704, 0.994062, 3.877660; 0.000000, -0.000001, 1.000000]; 
homo_mat{150}=[1.004826, 0.001124, -11.047719; 0.002844, 1.006563, -7.586617; 0.000002, 0.000000, 1.000000]; 
homo_mat{151}=[1.000225, 0.008447, -2.338864; 0.003685, 1.002426, -3.167070; 0.000000, 0.000001, 1.000000]; 
homo_mat{152}=[0.994631, 0.001812, 11.391509; -0.000615, 0.997467, 3.323387; -0.000002, -0.000000, 1.000000]; 
homo_mat{153}=[0.995640, -0.006031, 10.777400; -0.004336, 0.994597, 7.769392; -0.000002, -0.000001, 1.000000]; 
homo_mat{154}=[1.002739, -0.007266, -4.149820; -0.002229, 0.998388, 1.684967; 0.000001, 0.000000, 1.000000]; 
homo_mat{155}=[1.007656, 0.001854, -15.975183; 0.003615, 1.006969, -9.021601; 0.000003, 0.000002, 1.000000]; 
homo_mat{156}=[1.004030, 0.008458, -8.730062; 0.004301, 1.007771, -5.681720; 0.000002, 0.000002, 1.000000]; 
homo_mat{157}=[0.995430, 0.006887, 6.924991; -0.000837, 0.997120, 4.323972; -0.000002, -0.000000, 1.000000]; 
homo_mat{158}=[0.993614, -0.004135, 12.866122; -0.005029, 0.995921, 8.708511; -0.000003, -0.000001, 1.000000]; 
homo_mat{159}=[0.998972, -0.005884, 1.500373; -0.003149, 0.995565, 6.561281; -0.000000, 0.000000, 1.000000]; 
homo_mat{160}=[1.003776, -0.002797, -8.643224; 0.003138, 1.002830, -6.362504; 0.000002, -0.000000, 1.000000]; 
homo_mat{161}=[1.002687, 0.006242, -5.542432; 0.005014, 1.004762, -5.439662; 0.000001, 0.000002, 1.000000]; 
homo_mat{162}=[0.996369, 0.004698, 7.434987; -0.000076, 0.997534, 2.026583; -0.000002, -0.000000, 1.000000]; 
homo_mat{163}=[0.995344, -0.002407, 10.373787; -0.004358, 0.994944, 5.402867; -0.000002, -0.000000, 1.000000]; 
homo_mat{164}=[0.999646, -0.004783, 1.277722; -0.002444, 0.997089, 0.771700; -0.000000, 0.000000, 1.000000]; 
homo_mat{165}=[1.002913, 0.001253, -6.160223; 0.002305, 1.000505, -7.813818; 0.000001, 0.000002, 1.000000]; 
homo_mat{166}=[1.001263, 0.005697, -2.129952; 0.002860, 1.004874, -9.570615; 0.000000, 0.000002, 1.000000]; 
homo_mat{167}=[0.996908, 0.004686, 7.220629; -0.000771, 1.000907, -1.789943; -0.000002, 0.000002, 1.000000]; 
homo_mat{168}=[0.995925, -0.003255, 9.422463; -0.003105, 0.998317, 1.633207; -0.000002, 0.000000, 1.000000]; 
homo_mat{169}=[1.000970, -0.005094, -0.551115; -0.001817, 1.001534, 1.909815; 0.000000, 0.000000, 1.000000]; 
homo_mat{170}=[1.003528, -0.001813, -7.899950; 0.001260, 0.998809, -1.208893; 0.000002, -0.000001, 1.000000]; 
homo_mat{171}=[1.002900, 0.003819, -6.338036; 0.002965, 1.005424, -5.070991; 0.000001, 0.000001, 1.000000]; 
homo_mat{172}=[0.998999, 0.004119, 1.922614; 0.001013, 0.999511, 1.216779; -0.000000, 0.000001, 1.000000]; 
homo_mat{173}=[0.997531, -0.004786, 5.911981; -0.001694, 0.997511, 2.956641; -0.000001, -0.000001, 1.000000]; 
homo_mat{174}=[1.004333, -0.003259, -5.442005; -0.000942, 1.000703, 2.102335; 0.000002, 0.000001, 1.000000]; 
homo_mat{175}=[1.005061, -0.002271, -11.817716; 0.001684, 0.999779, -4.728500; 0.000002, 0.000000, 1.000000]; 
homo_mat{176}=[1.006372, 0.002658, -12.927436; 0.005665, 1.008654, -12.083637; 0.000003, 0.000001, 1.000000]; 
homo_mat{177}=[0.999771, 0.012224, -1.728757; 0.002283, 1.000550, -1.848675; -0.000000, 0.000002, 1.000000]; 
homo_mat{178}=[0.992549, 0.002147, 14.098301; -0.004136, 0.994387, 3.387072; -0.000003, -0.000001, 1.000000]; 
homo_mat{179}=[0.996126, -0.004206, 9.388341; -0.005006, 0.999834, 3.565390; -0.000002, 0.000001, 1.000000]; 
homo_mat{180}=[1.001613, -0.006447, -2.525828; -0.001037, 0.999078, 0.089729; 0.000001, -0.000000, 1.000000]; 
homo_mat{181}=[1.005024, 0.002050, -10.287891; 0.003199, 1.004477, -6.135410; 0.000002, 0.000001, 1.000000]; 
homo_mat{182}=[1.001281, 0.003919, -3.118227; 0.002587, 1.003086, -3.687558; 0.000001, 0.000000, 1.000000]; 
homo_mat{183}=[0.998824, 0.000950, 3.239189; -0.000886, 0.998122, 2.256134; -0.000000, 0.000000, 1.000000]; 
homo_mat{184}=[1.000886, -0.003034, -0.817542; -0.003132, 0.998674, 3.308846; 0.000001, 0.000000, 1.000000]; 
homo_mat{185}=[1.003568, -0.001087, -9.326164; 0.000027, 1.000032, -3.342737; 0.000002, -0.000000, 1.000000]; 
homo_mat{186}=[1.004281, 0.006158, -9.457503; 0.003132, 1.009000, -7.729778; 0.000002, 0.000002, 1.000000]; 
homo_mat{187}=[0.998194, 0.005310, 2.170875; 0.001819, 0.999014, 0.119658; -0.000001, 0.000000, 1.000000]; 
homo_mat{188}=[0.994876, -0.000177, 10.785687; -0.002213, 0.998234, 3.197610; -0.000002, -0.000001, 1.000000]; 
homo_mat{189}=[0.998610, -0.005992, 5.263699; -0.003721, 0.997606, 7.718091; -0.000001, -0.000000, 1.000000]; 
homo_mat{190}=[1.002666, -0.002588, -6.480807; -0.001432, 0.996889, 2.632212; 0.000001, -0.000000, 1.000000]; 
homo_mat{191}=[1.003897, 0.000779, -9.549189; 0.002310, 1.003428, -6.523738; 0.000002, -0.000000, 1.000000]; 
homo_mat{192}=[1.001722, 0.006781, -4.266672; 0.002705, 1.005553, -4.104064; 0.000001, 0.000001, 1.000000]; 
homo_mat{193}=[0.995581, 0.003337, 7.290400; -0.001652, 0.994649, 4.104676; -0.000002, -0.000001, 1.000000]; 
homo_mat{194}=[0.996234, -0.004872, 7.817605; -0.003972, 0.998890, 3.779835; -0.000002, -0.000000, 1.000000]; 
homo_mat{195}=[1.001929, -0.004771, -3.721950; -0.000392, 0.999562, 0.456084; 0.000001, -0.000000, 1.000000]; 
homo_mat{196}=[1.003135, 0.002010, -7.566276; 0.002791, 1.003760, -4.001886; 0.000002, 0.000000, 1.000000]; 
homo_mat{197}=[1.000022, 0.003972, -0.681492; 0.001606, 1.000430, -0.054249; 0.000000, 0.000000, 1.000000]; 
homo_mat{198}=[0.997615, -0.002075, 5.650032; -0.000545, 0.997079, 1.891637; -0.000001, -0.000001, 1.000000]; 
homo_mat{199}=[0.999956, -0.003823, 1.496962; -0.000758, 0.999741, 0.568091; -0.000000, 0.000000, 1.000000]; 
homo_mat{200}=[1.002677, -0.002916, -5.042034; 0.000963, 1.001069, -1.359187; 0.000001, -0.000000, 1.000000]; 
homo_mat{201}=[1.003032, 0.002950, -6.601038; 0.002271, 1.001576, -3.226153; 0.000001, 0.000000, 1.000000]; 
homo_mat{202}=[0.999468, 0.004177, 0.350590; 0.001207, 1.000055, -2.434886; -0.000000, 0.000000, 1.000000]; 
homo_mat{203}=[0.997268, 0.000333, 6.419057; -0.000383, 0.999470, -0.681225; -0.000001, 0.000000, 1.000000]; 
homo_mat{204}=[0.997917, -0.001550, 5.219607; -0.001024, 0.997762, 0.243753; -0.000001, 0.000000, 1.000000]; 
homo_mat{205}=[0.999620, -0.002554, 1.889361; -0.000098, 1.002019, -2.800781; -0.000000, 0.000001, 1.000000]; 
homo_mat{206}=[1.002660, -0.004609, -3.594408; 0.001137, 1.001604, -1.601601; 0.000001, 0.000000, 1.000000]; 
homo_mat{207}=[1.005101, -0.001140, -9.475743; 0.002617, 1.003271, -4.041558; 0.000002, 0.000001, 1.000000]; 
homo_mat{208}=[1.002910, 0.007677, -6.507700; 0.003071, 1.007352, -1.649711; 0.000001, 0.000002, 1.000000]; 
homo_mat{209}=[0.994240, 0.001213, 8.072106; 0.000400, 0.993255, 5.804011; -0.000002, -0.000002, 1.000000]; 
homo_mat{210}=[0.994380, -0.004005, 11.190638; -0.000972, 0.997177, 4.980889; -0.000002, -0.000002, 1.000000]; 
homo_mat{211}=[0.997200, -0.005306, 6.051404; -0.001561, 0.999465, 8.289139; -0.000001, -0.000000, 1.000000]; 
homo_mat{212}=[1.011503, -0.014481, -20.402128; 0.004212, 0.989485, 22.784773; 0.000008, -0.000006, 1.000000]; 
homo_mat{213}=[1.002551, 0.004110, -4.381676; 0.000003, 1.003963, -5.469895; 0.000001, 0.000002, 1.000000]; 
homo_mat{214}=[1.006314, 0.001884, -13.427889; 0.003308, 1.005835, -8.617445; 0.000003, 0.000002, 1.000000]; 
homo_mat{215}=[1.002517, 0.008499, -6.607478; 0.003564, 1.003562, -5.822507; 0.000001, 0.000001, 1.000000]; 
homo_mat{216}=[0.996025, 0.005761, 7.658581; -0.001062, 0.999984, -0.258690; -0.000002, 0.000001, 1.000000]; 
homo_mat{217}=[0.995226, -0.003707, 10.279324; -0.004623, 0.998305, 5.620357; -0.000002, -0.000000, 1.000000]; 
homo_mat{218}=[1.001216, -0.005873, -1.907423; -0.003535, 0.994932, 4.157474; 0.000001, 0.000000, 1.000000]; 
homo_mat{219}=[1.006325, 0.000331, -13.821751; 0.001972, 1.006032, -9.798487; 0.000003, 0.000001, 1.000000]; 
homo_mat{220}=[1.003541, 0.010356, -8.560063; 0.003816, 1.008614, -7.642804; 0.000001, 0.000003, 1.000000]; 
homo_mat{221}=[0.994443, 0.005204, 9.263839; 0.000080, 0.999346, 1.585805; -0.000003, -0.000000, 1.000000]; 
homo_mat{222}=[0.993986, -0.005349, 13.847802; -0.004265, 0.994957, 9.454873; -0.000003, -0.000001, 1.000000]; 
homo_mat{223}=[0.999530, -0.010315, 1.110999; -0.002616, 0.995943, 4.532052; -0.000000, -0.000002, 1.000000]; 
homo_mat{224}=[1.004996, -0.004417, -11.170360; 0.004158, 1.003675, -4.340977; 0.000002, 0.000000, 1.000000]; 
homo_mat{225}=[1.004125, 0.003585, -9.108220; 0.007004, 1.004979, -5.703610; 0.000002, -0.000001, 1.000000]; 
homo_mat{226}=[0.996559, 0.007508, 6.208786; 0.001046, 0.999195, 4.858253; -0.000001, -0.000000, 1.000000]; 
homo_mat{227}=[0.993302, -0.008230, 13.763761; -0.005157, 0.989072, 12.241196; -0.000003, -0.000003, 1.000000]; 
homo_mat{228}=[1.003226, -0.010728, -4.803655; -0.001935, 0.996879, 0.049749; 0.000001, -0.000000, 1.000000]; 
homo_mat{229}=[1.009480, 0.000122, -19.240273; 0.005221, 1.010614, -12.388141; 0.000004, 0.000002, 1.000000]; 
homo_mat{230}=[1.005101, 0.005437, -12.127748; 0.006997, 1.006362, -8.051039; 0.000003, -0.000000, 1.000000]; 
homo_mat{231}=[0.997767, 0.008900, 3.307050; 0.001150, 0.999841, 2.709279; -0.000001, -0.000000, 1.000000]; 
homo_mat{232}=[0.992417, -0.003672, 14.298923; -0.005046, 0.991398, 9.941993; -0.000003, -0.000003, 1.000000]; 
homo_mat{233}=[0.998194, -0.008883, 2.856243; -0.003116, 0.994882, 3.462575; -0.000001, -0.000001, 1.000000]; 
homo_mat{234}=[1.004975, -0.000562, -10.517298; 0.002876, 1.003840, -6.913126; 0.000002, 0.000001, 1.000000]; 
homo_mat{235}=[1.002611, 0.004034, -5.844333; 0.004762, 1.005079, -7.014507; 0.000001, 0.000001, 1.000000]; 
homo_mat{236}=[0.997835, 0.005350, 4.888045; 0.001173, 1.002474, 1.085732; -0.000001, 0.000000, 1.000000]; 
homo_mat{237}=[0.995314, -0.002263, 10.101686; -0.004824, 0.992761, 11.508153; -0.000002, -0.000001, 1.000000]; 
homo_mat{238}=[0.999365, -0.004167, 0.139538; -0.004254, 0.991841, 3.819995; -0.000001, -0.000000, 1.000000]; 
homo_mat{239}=[1.004681, -0.002348, -9.316416; 0.003278, 1.005203, -12.640965; 0.000002, 0.000002, 1.000000]; 
homo_mat{240}=[1.003902, 0.004160, -7.166468; 0.006229, 1.008051, -12.626287; 0.000002, 0.000002, 1.000000]; 
homo_mat{241}=[0.999081, 0.003530, 3.917751; 0.002828, 1.003304, -3.703673; -0.000001, 0.000001, 1.000000]; 
homo_mat{242}=[0.996447, -0.003925, 9.296509; -0.002629, 1.000652, 5.729147; -0.000001, -0.000002, 1.000000]; 
homo_mat{243}=[0.999442, -0.007723, -0.124480; -0.004256, 0.996678, 12.456393; 0.000001, -0.000003, 1.000000]; 
homo_mat{244}=[1.004048, -0.002031, -11.956400; -0.000002, 0.994519, 2.136779; 0.000002, -0.000001, 1.000000]; 
homo_mat{245}=[1.004984, 0.004350, -11.565345; 0.005379, 1.008268, -10.391663; 0.000002, 0.000001, 1.000000]; 
homo_mat{246}=[0.998496, 0.006730, 1.891234; 0.004617, 1.000009, -3.572607; -0.000001, 0.000001, 1.000000]; 
homo_mat{247}=[0.993907, -0.000098, 14.634068; -0.000880, 0.999177, 2.270454; -0.000003, 0.000001, 1.000000]; 
homo_mat{248}=[0.996889, -0.008184, 9.355360; -0.003878, 0.998048, 8.418359; -0.000001, -0.000001, 1.000000]; 
homo_mat{249}=[1.003673, -0.006326, -7.167908; -0.002628, 0.993974, 6.269213; 0.000002, -0.000000, 1.000000]; 
homo_mat{250}=[1.008887, -0.000178, -18.772738; 0.003562, 1.004877, -10.723567; 0.000004, 0.000001, 1.000000]; 
homo_mat{251}=[1.006759, 0.008455, -13.719682; 0.006577, 1.010996, -13.381955; 0.000003, 0.000003, 1.000000]; 
homo_mat{252}=[0.993323, 0.006433, 15.017853; 0.001647, 0.998087, 0.635889; -0.000003, 0.000000, 1.000000]; 
homo_mat{253}=[0.997285, -0.012238, 7.414957; -0.002549, 0.995584, 15.887560; 0.000000, -0.000004, 1.000000]; 
homo_mat{254}=[1.001480, -0.005002, -5.830496; 0.000734, 0.998587, 7.437426; 0.000002, -0.000003, 1.000000]; 
homo_mat{255}=[1.007777, -0.006246, -17.820473; 0.002623, 0.998344, -2.673583; 0.000004, -0.000000, 1.000000]; 
homo_mat{256}=[1.014888, 0.007906, -32.621914; 0.006490, 1.014840, -5.059000; 0.000008, 0.000001, 1.000000]; 
homo_mat{257}=[0.999062, -0.003793, -0.439808; -0.002875, 0.993331, 7.019158; -0.000000, -0.000001, 1.000000]; 
homo_mat{258}=[0.996593, -0.000623, 2.427161; 0.001331, 0.996722, 5.012650; -0.000001, -0.000002, 1.000000]; 
homo_mat{259}=[1.001283, 0.001338, -2.520304; 0.001215, 1.000898, -4.020687; 0.000000, 0.000001, 1.000000]; 
homo_mat{260}=[0.967039, -0.041499, 42.413105; -0.004470, 0.922772, -0.170535; -0.000005, -0.000059, 1.000000]; 
homo_mat{261}=[1.000893, 0.013434, 5.086067; 0.003741, 0.994422, -31.625423; -0.000002, 0.000011, 1.000000]; 
homo_mat{262}=[0.989644, 0.000818, 14.524755; -0.001521, 1.015688, -33.269379; -0.000008, 0.000008, 1.000000]; 
homo_mat{263}=[0.996328, 0.000354, 13.680928; 0.001251, 0.993634, -3.673946; -0.000002, 0.000002, 1.000000]; 
