proj_mat{1}=[1.008955, 0.010441, -22.928041; 0.004083, 1.003258, -8.376661; 0.000004, 0.000001, 0.999913]; 
proj_mat{2}=[1.001531, 0.002964, -4.904573; 0.000582, 1.004251, -7.732365; 0.000001, 0.000001, 1.000002]; 
proj_mat{3}=[1.000997, -0.005367, -1.308377; -0.000238, 1.003129, -3.706678; 0.000000, 0.000001, 1.000008]; 
proj_mat{4}=[1.003448, -0.005835, -6.662956; 0.000704, 1.002566, -1.795989; 0.000002, -0.000000, 1.000006]; 
proj_mat{5}=[1.004339, -0.000573, -9.790029; 0.001213, 1.000992, -3.456738; 0.000002, 0.000000, 1.000000]; 
proj_mat{6}=[1.002749, 0.001629, -6.695630; 0.000931, 1.000807, -5.535370; 0.000001, 0.000001, 1.000008]; 
proj_mat{7}=[1.001384, 0.000812, -2.386151; 0.000979, 1.002176, -7.074088; 0.000000, 0.000001, 1.000008]; 
proj_mat{8}=[1.000456, 0.000542, 0.055263; 0.001148, 1.001914, -7.051790; -0.000000, 0.000001, 1.000008]; 
proj_mat{9}=[0.999046, 0.001067, 3.004023; 0.000746, 1.003413, -5.579313; -0.000001, 0.000001, 1.000005]; 
proj_mat{10}=[0.998103, -0.003908, 5.470003; 0.000455, 1.000272, -1.747635; -0.000001, -0.000000, 1.000013]; 
proj_mat{11}=[0.999745, -0.002868, 2.209513; 0.000282, 1.003433, 0.972266; -0.000000, -0.000000, 1.000015]; 
proj_mat{12}=[0.999312, -0.001461, 1.132809; -0.000126, 1.002248, 6.797521; 0.000000, -0.000002, 1.000012]; 
proj_mat{13}=[0.997423, -0.002428, 3.390403; -0.000883, 0.996289, 12.095230; -0.000000, -0.000003, 0.999999]; 
proj_mat{14}=[0.996873, -0.000752, 4.088506; -0.001580, 0.995891, 13.178288; -0.000001, -0.000003, 1.000002]; 
proj_mat{15}=[0.995381, 0.000857, 6.183517; -0.002587, 0.995454, 14.709170; -0.000001, -0.000003, 0.999999]; 
proj_mat{16}=[0.993780, 0.000369, 9.169868; -0.003600, 0.991993, 16.584898; -0.000002, -0.000003, 0.999995]; 
proj_mat{17}=[0.993625, -0.000792, 9.486512; -0.003653, 0.991210, 12.782929; -0.000002, -0.000003, 0.999995]; 
proj_mat{18}=[0.994314, 0.001568, 8.581602; -0.003880, 0.994209, 9.690399; -0.000002, -0.000002, 1.000014]; 
proj_mat{19}=[0.994406, 0.000674, 8.739308; -0.004543, 0.994112, 7.555089; -0.000003, -0.000002, 1.000017]; 
proj_mat{20}=[0.995975, 0.000940, 6.171799; -0.004186, 0.997742, 5.338610; -0.000002, -0.000001, 1.000031]; 
proj_mat{21}=[0.996686, 0.001375, 4.609532; -0.003060, 0.995788, 4.552192; -0.000002, -0.000000, 1.000037]; 
proj_mat{22}=[0.997505, 0.000385, 4.104174; -0.001615, 0.997639, 0.243128; -0.000001, 0.000000, 1.000044]; 
proj_mat{23}=[0.999530, -0.001112, 2.099681; -0.000085, 1.000439, -2.532660; -0.000001, 0.000001, 1.000048]; 
proj_mat{24}=[1.001417, -0.001575, -0.770474; 0.001284, 1.002012, -3.954881; 0.000000, 0.000001, 1.000049]; 
proj_mat{25}=[1.002484, -0.001833, -3.003491; 0.002707, 0.999362, -4.729140; 0.000001, 0.000001, 1.000047]; 
proj_mat{26}=[1.003250, 0.001589, -4.047169; 0.003428, 1.001217, -8.188704; 0.000001, 0.000002, 1.000040]; 
proj_mat{27}=[1.001614, 0.001098, -0.402147; 0.002932, 1.002215, -9.488810; 0.000000, 0.000002, 1.000032]; 
proj_mat{28}=[1.001478, -0.000533, 0.609095; 0.002460, 1.003466, -8.326561; 0.000000, 0.000002, 1.000024]; 
proj_mat{29}=[1.001704, 0.001349, -0.648857; 0.001551, 1.001539, -6.372211; 0.000000, 0.000002, 1.000019]; 
proj_mat{30}=[1.001792, 0.000741, -1.057428; 0.001154, 1.000714, -7.593758; 0.000000, 0.000002, 1.000013]; 
proj_mat{31}=[1.003448, -0.000729, -3.332289; 0.001722, 1.003980, -11.111499; 0.000001, 0.000003, 1.000008]; 
proj_mat{32}=[1.004554, -0.001272, -5.958405; 0.002353, 1.008119, -9.997109; 0.000002, 0.000002, 1.000013]; 
proj_mat{33}=[1.003691, 0.000602, -6.109628; 0.002778, 1.002969, -6.228096; 0.000002, 0.000001, 1.000017]; 
proj_mat{34}=[1.002135, 0.000152, -2.776114; 0.002959, 1.003919, -5.418647; 0.000001, 0.000001, 1.000017]; 
proj_mat{35}=[1.000999, -0.000728, -0.206765; 0.002796, 1.000668, -3.034052; 0.000000, 0.000000, 1.000018]; 
proj_mat{36}=[0.999900, 0.000124, 1.850251; 0.001834, 1.001768, -1.757671; -0.000000, 0.000000, 1.000016]; 
proj_mat{37}=[0.998435, -0.000903, 4.030290; 0.000562, 0.996524, 1.673234; -0.000001, 0.000000, 1.000014]; 
proj_mat{38}=[0.998995, -0.001996, 2.926144; -0.000007, 0.999329, -0.462275; -0.000000, -0.000001, 1.000013]; 
proj_mat{39}=[0.999762, 0.001965, 0.818151; -0.000480, 0.998130, 0.507313; -0.000000, -0.000000, 1.000013]; 
proj_mat{40}=[0.997519, 0.004692, 4.035918; -0.001852, 0.999082, -0.498536; -0.000002, -0.000000, 1.000009]; 
proj_mat{41}=[0.995216, 0.004767, 8.623106; -0.003503, 0.998927, 1.961363; -0.000003, 0.000000, 1.000000]; 
proj_mat{42}=[0.992952, 0.002624, 12.560760; -0.004550, 0.997565, 4.466256; -0.000004, -0.000000, 0.999987]; 
proj_mat{43}=[0.993240, -0.001306, 12.708040; -0.004144, 0.997351, 5.838921; -0.000003, -0.000000, 0.999988]; 
proj_mat{44}=[0.996378, -0.004518, 7.424585; -0.002348, 0.998575, 4.874676; -0.000002, -0.000001, 1.000008]; 
proj_mat{45}=[1.000271, -0.006265, -0.063341; 0.000018, 0.999982, 4.198555; 0.000000, -0.000001, 1.000024]; 
proj_mat{46}=[1.003492, -0.003418, -6.786518; 0.001995, 1.000128, 3.346460; 0.000002, -0.000001, 1.000028]; 
proj_mat{47}=[1.004077, -0.002382, -8.476108; 0.002980, 0.999871, 0.967695; 0.000002, -0.000001, 1.000024]; 
proj_mat{48}=[1.004770, -0.001914, -9.025096; 0.003101, 1.000836, -0.443508; 0.000003, -0.000001, 1.000019]; 
proj_mat{49}=[1.004371, 0.001111, -8.640738; 0.002042, 0.999722, -1.578314; 0.000002, 0.000000, 1.000016]; 
proj_mat{50}=[1.003504, 0.002632, -6.988076; 0.000445, 1.002486, -3.098135; 0.000002, 0.000001, 1.000013]; 
proj_mat{51}=[1.001754, 0.006696, -4.500882; -0.001171, 1.000683, -1.663168; 0.000000, 0.000002, 1.000007]; 
proj_mat{52}=[0.998615, 0.009179, 1.174306; -0.001553, 0.997686, -4.127923; -0.000002, 0.000003, 0.999999]; 
proj_mat{53}=[0.995480, 0.006765, 10.041187; 0.000386, 0.998167, -10.304659; -0.000004, 0.000005, 0.999972]; 
proj_mat{54}=[0.995480, -0.005320, 16.490171; 0.002463, 1.010779, -17.220530; -0.000003, 0.000000, 1.000018]; 
proj_mat{55}=[0.998231, 0.002467, 8.501876; -0.004161, 1.007403, 10.545205; -0.000001, 0.000001, 1.000045]; 
proj_mat{56}=[0.995193, -0.001189, 6.596313; -0.005857, 0.991383, 19.711227; -0.000002, -0.000002, 1.000003]; 
proj_mat{57}=[1.001114, -0.007923, -2.195863; -0.001862, 0.988139, 9.415595; 0.000001, -0.000002, 1.000010]; 
proj_mat{58}=[1.009247, -0.001304, -16.274675; 0.001869, 1.001144, -6.822019; 0.000004, 0.000003, 1.000035]; 
proj_mat{59}=[1.012395, 0.000694, -21.667353; 0.005375, 1.007407, -16.155237; 0.000005, 0.000004, 0.999995]; 
proj_mat{60}=[1.013662, 0.002531, -23.440443; 0.007151, 1.010594, -18.404184; 0.000006, 0.000005, 0.999961]; 
proj_mat{61}=[1.013049, 0.000434, -20.944212; 0.007316, 1.014425, -18.090067; 0.000006, 0.000004, 0.999994]; 
proj_mat{62}=[1.013410, -0.000443, -23.460281; 0.003565, 1.011139, -4.040157; 0.000006, 0.000002, 1.000006]; 
proj_mat{63}=[1.005212, 0.001318, -17.994562; 0.002860, 0.996684, -3.029482; 0.000004, -0.000002, 1.000084]; 
proj_mat{64}=[1.005557, 0.000210, -13.348834; 0.003174, 1.007111, -7.553533; 0.000003, -0.000000, 1.000082]; 
proj_mat{65}=[1.002344, 0.001339, -7.959652; 0.001752, 1.001773, -3.886909; 0.000002, -0.000002, 1.000113]; 
proj_mat{66}=[1.000687, 0.000795, -3.410471; 0.001470, 1.003165, -0.304552; 0.000001, -0.000001, 1.000116]; 
proj_mat{67}=[0.996878, 0.002154, 3.494376; -0.000458, 0.995915, 3.581423; -0.000001, -0.000002, 1.000116]; 
proj_mat{68}=[0.995808, 0.002253, 7.396760; -0.001456, 0.995941, 3.352465; -0.000002, -0.000000, 1.000104]; 
proj_mat{69}=[0.993785, 0.001578, 11.926228; -0.001868, 0.998501, 1.241727; -0.000003, -0.000001, 1.000081]; 
proj_mat{70}=[0.992940, -0.001168, 14.191407; -0.002926, 1.001068, 6.391673; -0.000003, -0.000001, 1.000064]; 
proj_mat{71}=[0.992829, -0.003796, 13.300057; -0.002802, 0.994226, 11.700956; -0.000003, -0.000004, 1.000044]; 
proj_mat{72}=[0.992434, 0.002333, 12.570198; -0.002588, 0.993643, 11.026748; -0.000003, -0.000002, 1.000037]; 
proj_mat{73}=[0.989239, -0.000058, 18.873217; -0.002995, 0.990717, 10.269561; -0.000005, -0.000003, 0.999997]; 
proj_mat{74}=[0.989627, -0.004334, 20.288427; -0.002789, 0.991647, 7.981721; -0.000005, -0.000002, 0.999993]; 
proj_mat{75}=[0.993952, -0.006594, 13.955505; -0.000800, 0.996460, 3.185009; -0.000003, -0.000001, 1.000022]; 
proj_mat{76}=[0.997488, -0.003695, 6.622686; 0.000188, 1.001212, 2.961038; -0.000001, -0.000000, 1.000034]; 
proj_mat{77}=[0.998271, -0.006004, 3.576442; 0.000517, 0.999267, 6.414989; -0.000000, -0.000002, 1.000026]; 
proj_mat{78}=[1.000804, -0.003920, -1.797193; 0.000908, 0.999865, 8.678971; 0.000001, -0.000002, 1.000020]; 
proj_mat{79}=[1.000144, -0.000381, -2.628055; -0.000172, 0.995424, 11.080570; 0.000001, -0.000003, 1.000012]; 
proj_mat{80}=[0.998827, -0.002159, -0.637413; -0.000291, 0.996293, 8.256107; 0.000000, -0.000003, 1.000010]; 
proj_mat{81}=[0.999566, -0.003380, -1.132364; 0.000838, 0.997848, 6.852178; 0.000001, -0.000003, 1.000008]; 
proj_mat{82}=[1.000165, -0.001524, -1.653307; -0.000617, 0.995756, 8.226421; 0.000001, -0.000002, 1.000012]; 
proj_mat{83}=[1.002369, -0.001505, -5.680940; -0.002639, 0.997820, 5.835230; 0.000002, -0.000001, 1.000013]; 
proj_mat{84}=[1.004709, -0.001787, -11.593753; -0.002652, 0.999416, 3.014650; 0.000003, -0.000001, 1.000011]; 
proj_mat{85}=[1.007616, 0.001666, -17.517193; 0.000156, 1.004244, -3.227398; 0.000004, -0.000000, 0.999999]; 
proj_mat{86}=[1.005469, 0.006594, -13.890315; 0.001920, 1.003459, -5.101351; 0.000003, 0.000001, 1.000015]; 
proj_mat{87}=[1.000757, 0.005362, -2.890418; 0.000687, 1.002926, -3.517718; 0.000000, 0.000000, 1.000044]; 
proj_mat{88}=[0.997756, 0.001982, 4.221016; -0.001377, 1.001577, 0.923543; -0.000001, 0.000000, 1.000043]; 
proj_mat{89}=[0.997675, -0.004105, 4.981607; -0.001404, 0.998504, 3.887480; -0.000001, -0.000001, 1.000039]; 
proj_mat{90}=[1.000603, -0.003955, -0.846424; 0.000739, 0.999486, 0.992802; 0.000000, -0.000001, 1.000041]; 
proj_mat{91}=[1.001009, 0.000245, -2.510071; 0.001604, 1.002396, 0.305260; 0.000001, -0.000001, 1.000039]; 
proj_mat{92}=[0.999052, 0.000548, 1.824317; 0.001702, 0.997949, 2.968374; -0.000000, -0.000000, 1.000040]; 
proj_mat{93}=[0.997882, -0.003268, 5.236490; 0.001182, 0.995751, 0.773270; -0.000001, -0.000001, 1.000034]; 
proj_mat{94}=[0.999153, -0.002561, 3.443475; 0.001279, 1.000237, -1.516064; -0.000001, 0.000000, 1.000035]; 
proj_mat{95}=[0.999309, 0.000477, 2.551574; 0.002132, 0.997339, -2.741919; -0.000000, 0.000001, 1.000032]; 
proj_mat{96}=[0.997924, 0.003278, 5.942339; 0.000410, 0.998325, -4.392205; -0.000001, 0.000001, 1.000025]; 
proj_mat{97}=[0.996273, 0.002294, 9.415339; -0.002131, 0.998365, -4.265031; -0.000002, 0.000002, 1.000013]; 
proj_mat{98}=[0.997973, 0.001146, 6.554048; -0.002064, 0.999296, -6.072217; -0.000002, 0.000002, 1.000016]; 
proj_mat{99}=[0.998340, 0.008669, 4.418054; -0.002474, 0.999520, -7.354516; -0.000002, 0.000004, 1.000002]; 
proj_mat{100}=[0.994704, 0.008575, 10.371070; -0.003944, 0.998439, -9.220276; -0.000004, 0.000003, 0.999993]; 
proj_mat{101}=[0.994124, 0.005040, 13.809874; -0.004549, 1.004645, -8.309424; -0.000004, 0.000003, 0.999977]; 
proj_mat{102}=[0.995051, 0.001341, 11.959632; -0.004237, 0.999307, -2.006128; -0.000003, 0.000003, 0.999987]; 
proj_mat{103}=[0.997373, -0.003163, 7.114388; -0.001473, 1.000388, -5.219213; -0.000002, 0.000001, 1.000003]; 
proj_mat{104}=[1.000519, -0.002194, 1.806133; 0.001894, 1.003816, -7.301896; -0.000000, 0.000002, 1.000007]; 
proj_mat{105}=[1.001868, -0.000922, -0.033214; 0.001765, 1.005238, -3.539426; 0.000001, 0.000001, 1.000009]; 
proj_mat{106}=[1.002853, -0.002002, -2.592124; -0.001175, 1.000266, 3.785394; 0.000002, 0.000000, 1.000005]; 
proj_mat{107}=[1.006173, -0.005640, -10.794322; -0.000873, 1.000662, -0.036495; 0.000003, 0.000000, 0.999994]; 
proj_mat{108}=[1.010718, -0.002896, -21.618311; 0.003427, 1.007826, -7.746322; 0.000005, 0.000001, 0.999963]; 
proj_mat{109}=[1.010196, 0.002875, -22.056295; 0.006333, 1.011592, -8.331779; 0.000005, 0.000000, 0.999957]; 
proj_mat{110}=[1.004339, 0.004089, -10.729774; 0.003779, 1.006761, 2.781845; 0.000003, -0.000002, 1.000008]; 
proj_mat{111}=[0.999626, -0.002484, -1.180199; -0.001041, 0.995576, 14.180365; 0.000001, -0.000004, 1.000009]; 
proj_mat{112}=[1.001600, -0.008016, -5.140163; -0.001587, 0.992049, 11.930367; 0.000002, -0.000003, 1.000003]; 
proj_mat{113}=[1.006216, -0.005583, -14.356938; 0.003311, 0.997829, -0.732549; 0.000003, -0.000001, 1.000003]; 
proj_mat{114}=[1.005798, 0.002071, -13.876988; 0.006996, 1.001982, -9.343198; 0.000003, -0.000001, 0.999997]; 
proj_mat{115}=[1.000223, 0.004213, -0.466708; 0.004230, 1.004312, -5.068043; 0.000000, -0.000000, 1.000017]; 
proj_mat{116}=[0.996092, -0.002371, 8.243071; -0.001952, 0.997011, 8.882505; -0.000001, -0.000001, 1.000010]; 
proj_mat{117}=[0.998799, -0.007225, 1.481537; -0.002978, 0.993696, 9.834078; -0.000000, -0.000002, 1.000001]; 
proj_mat{118}=[1.003860, -0.003175, -9.457939; 0.001553, 0.999405, 0.286051; 0.000002, -0.000001, 1.000003]; 
proj_mat{119}=[1.003415, 0.004739, -8.280693; 0.005623, 1.003042, -6.241375; 0.000002, 0.000001, 0.999994]; 
proj_mat{120}=[0.997663, 0.006656, 5.531970; 0.002846, 1.002141, -1.673833; -0.000001, 0.000001, 1.000007]; 
proj_mat{121}=[0.992994, -0.001909, 15.327549; -0.004307, 0.991970, 9.914858; -0.000003, -0.000002, 0.999987]; 
proj_mat{122}=[0.997438, -0.007118, 5.454150; -0.006264, 0.992621, 6.485697; -0.000001, -0.000002, 1.000000]; 
proj_mat{123}=[1.003434, 0.001164, -9.140499; -0.001764, 1.001784, -4.642831; 0.000001, 0.000001, 1.000019]; 
proj_mat{124}=[1.002295, 0.008512, -8.139247; 0.001798, 1.006239, -8.694646; 0.000001, 0.000001, 1.000008]; 
proj_mat{125}=[0.995606, 0.009014, 6.466141; -0.001126, 1.002614, 0.176805; -0.000002, -0.000000, 1.000030]; 
proj_mat{126}=[0.991347, -0.000058, 16.304184; -0.006392, 0.992879, 11.513330; -0.000004, -0.000002, 1.000003]; 
proj_mat{127}=[0.996100, -0.005393, 8.843954; -0.005513, 0.996248, 7.641174; -0.000002, -0.000002, 1.000028]; 
proj_mat{128}=[0.999857, -0.001402, -0.539134; -0.001000, 1.002262, 1.813233; 0.000000, -0.000001, 1.000041]; 
proj_mat{129}=[0.998878, 0.003893, 0.758413; 0.001611, 1.002312, 2.084077; -0.000000, -0.000001, 1.000028]; 
proj_mat{130}=[0.994729, 0.003982, 9.897790; -0.001700, 0.995540, 9.414662; -0.000002, -0.000001, 1.000015]; 
proj_mat{131}=[0.994689, -0.002148, 11.322612; -0.005203, 0.991878, 10.169317; -0.000002, -0.000001, 1.000005]; 
proj_mat{132}=[0.998892, -0.002731, 1.908041; -0.002876, 0.996854, 0.657436; -0.000001, 0.000001, 1.000033]; 
proj_mat{133}=[1.001594, 0.001691, -3.766521; 0.001885, 1.004098, -7.866101; 0.000000, 0.000002, 1.000028]; 
proj_mat{134}=[0.998668, 0.007488, 1.719920; 0.001744, 1.003667, -5.102651; -0.000001, 0.000002, 1.000019]; 
proj_mat{135}=[0.994988, 0.001768, 10.892783; -0.002741, 0.996288, 2.854239; -0.000003, 0.000001, 1.000008]; 
proj_mat{136}=[0.998054, -0.005290, 6.162996; -0.003454, 0.999428, 0.646627; -0.000001, 0.000001, 1.000015]; 
proj_mat{137}=[1.003719, -0.004350, -6.163262; 0.001082, 1.005066, -4.587230; 0.000001, 0.000001, 1.000028]; 
proj_mat{138}=[1.005167, 0.001716, -9.922478; 0.005057, 1.005995, -6.248343; 0.000002, 0.000000, 1.000017]; 
proj_mat{139}=[0.999639, 0.004109, 0.636216; 0.002537, 1.002457, 1.397194; 0.000000, -0.000001, 1.000029]; 
proj_mat{140}=[0.995948, -0.003229, 8.539715; -0.002011, 0.992674, 9.793376; -0.000001, -0.000003, 1.000013]; 
proj_mat{141}=[0.998852, -0.006758, 2.838197; -0.001384, 0.994262, 3.761739; -0.000000, -0.000001, 1.000030]; 
proj_mat{142}=[1.003353, -0.003509, -5.847367; 0.002720, 1.000263, -6.106753; 0.000002, 0.000000, 1.000035]; 
proj_mat{143}=[1.003387, 0.004924, -6.088184; 0.003690, 1.004640, -9.201988; 0.000001, 0.000001, 1.000020]; 
proj_mat{144}=[0.998747, 0.005061, 3.327009; -0.000602, 1.003754, -2.572037; -0.000001, 0.000001, 1.000019]; 
proj_mat{145}=[0.997313, -0.002716, 6.030597; -0.004044, 0.997451, 4.989295; -0.000001, -0.000000, 1.000009]; 
proj_mat{146}=[1.002145, -0.005540, -4.071613; -0.001444, 0.997747, -0.858564; 0.000001, -0.000000, 1.000017]; 
proj_mat{147}=[1.005390, 0.001433, -11.982086; 0.003076, 1.004578, -8.616493; 0.000002, 0.000001, 1.000002]; 
proj_mat{148}=[1.002269, 0.005547, -5.614923; 0.003416, 1.003837, -7.683673; 0.000001, 0.000001, 1.000007]; 
proj_mat{149}=[0.999472, 0.001630, 3.178012; -0.000120, 1.001756, -0.933860; -0.000001, 0.000001, 1.000002]; 
proj_mat{150}=[0.999765, -0.004282, 1.819019; -0.002884, 0.995552, 3.204026; -0.000000, -0.000001, 0.999994]; 
proj_mat{151}=[1.004310, -0.003504, -8.591431; -0.000133, 1.001824, -4.102076; 0.000002, -0.000001, 0.999989]; 
proj_mat{152}=[1.004317, 0.004570, -10.457108; 0.003487, 1.004020, -7.093841; 0.000002, 0.000001, 0.999972]; 
proj_mat{153}=[0.998835, 0.005963, 1.289916; 0.002833, 1.001309, -3.599890; -0.000001, -0.000000, 0.999989]; 
proj_mat{154}=[0.994422, -0.000473, 12.228335; -0.001506, 0.995746, 4.278738; -0.000002, -0.000001, 0.999980]; 
proj_mat{155}=[0.997158, -0.008045, 8.166380; -0.003703, 0.994019, 6.030508; -0.000001, -0.000001, 0.999986]; 
proj_mat{156}=[1.004819, -0.006606, -7.695752; -0.000104, 1.000808, -2.786958; 0.000002, 0.000000, 1.000015]; 
proj_mat{157}=[1.008920, 0.001436, -16.554214; 0.004220, 1.008454, -8.390261; 0.000004, 0.000002, 0.999984]; 
proj_mat{158}=[1.004510, 0.007989, -9.835919; 0.003422, 1.005514, -3.913604; 0.000002, 0.000001, 1.000010]; 
proj_mat{159}=[0.998303, 0.003457, 2.763683; -0.001566, 1.001389, 5.006506; -0.000000, -0.000001, 1.000034]; 
proj_mat{160}=[0.997466, -0.002762, 3.871616; -0.004657, 0.996939, 11.772944; -0.000001, -0.000001, 1.000024]; 
proj_mat{161}=[1.001419, -0.005888, -5.150529; -0.001502, 0.999742, 5.820654; 0.000001, -0.000001, 1.000020]; 
proj_mat{162}=[1.004251, 0.000011, -11.040156; 0.003525, 1.004421, 0.867373; 0.000003, -0.000000, 1.000014]; 
proj_mat{163}=[1.000786, 0.004380, -3.930199; 0.003460, 1.001895, 3.459841; 0.000001, -0.000001, 1.000023]; 
proj_mat{164}=[0.996262, 0.001598, 6.089937; -0.000896, 0.996748, 9.532941; -0.000001, -0.000001, 1.000022]; 
proj_mat{165}=[0.996017, -0.003516, 6.989450; -0.003319, 0.993742, 11.050110; -0.000001, -0.000002, 1.000011]; 
proj_mat{166}=[0.998977, -0.002594, 0.591126; -0.001023, 0.994094, 4.150137; -0.000000, -0.000001, 1.000028]; 
proj_mat{167}=[1.000226, 0.002759, -1.688531; 0.001807, 0.998754, -4.426733; -0.000000, 0.000001, 1.000027]; 
proj_mat{168}=[0.997055, 0.007152, 5.486722; 0.000995, 0.999416, -5.156478; -0.000002, 0.000002, 1.000017]; 
proj_mat{169}=[0.992788, 0.003600, 15.050126; -0.002175, 0.997414, -2.392312; -0.000004, 0.000002, 0.999997]; 
proj_mat{170}=[0.993489, -0.001782, 14.851149; -0.004084, 0.998572, 0.694380; -0.000004, 0.000001, 0.999996]; 
proj_mat{171}=[0.996680, -0.003930, 7.485929; -0.002937, 0.996966, 0.759604; -0.000002, -0.000000, 1.000014]; 
proj_mat{172}=[0.999158, -0.000471, 1.793133; -0.000114, 1.001894, -2.998871; -0.000001, 0.000000, 1.000016]; 
proj_mat{173}=[0.997690, 0.003312, 4.451029; 0.000765, 1.000922, -0.489772; -0.000001, 0.000000, 1.000005]; 
proj_mat{174}=[0.994689, -0.001830, 11.229491; -0.001071, 0.997887, 3.768939; -0.000002, -0.000001, 0.999990]; 
proj_mat{175}=[0.998418, -0.005453, 6.841945; -0.002162, 0.998004, 7.163944; -0.000001, -0.000000, 1.000006]; 
proj_mat{176}=[1.002845, -0.008145, -3.823711; -0.000620, 0.997173, 3.724123; 0.000002, -0.000001, 1.000017]; 
proj_mat{177}=[1.008551, -0.005970, -15.546036; 0.004913, 1.005146, -7.100316; 0.000004, -0.000000, 1.000006]; 
proj_mat{178}=[1.007696, 0.005859, -16.056686; 0.007110, 1.005051, -7.781773; 0.000004, 0.000001, 0.999997]; 
proj_mat{179}=[0.999575, 0.007497, -0.512922; 0.002834, 0.998763, -3.148103; -0.000000, -0.000000, 1.000049]; 
proj_mat{180}=[0.995022, 0.002758, 10.239234; -0.002227, 0.997924, 1.489835; -0.000003, 0.000000, 1.000034]; 
proj_mat{181}=[0.995995, -0.004185, 9.064941; -0.003289, 0.996373, 2.551659; -0.000002, -0.000000, 1.000027]; 
proj_mat{182}=[1.000388, -0.002681, 0.165386; -0.000107, 1.000199, -2.652944; -0.000000, 0.000001, 1.000041]; 
proj_mat{183}=[1.001077, 0.000719, -1.648568; 0.002509, 1.002696, -5.574120; 0.000000, 0.000001, 1.000031]; 
proj_mat{184}=[0.999340, 0.001186, 2.869699; 0.001666, 1.000277, -2.627813; -0.000000, 0.000001, 1.000020]; 
proj_mat{185}=[0.999683, -0.002326, 3.318878; -0.001406, 0.998437, 1.270960; -0.000000, 0.000001, 1.000011]; 
proj_mat{186}=[1.002752, -0.003887, -4.788205; -0.001308, 0.997992, -1.548334; 0.000001, 0.000000, 1.000009]; 
proj_mat{187}=[1.006567, 0.001791, -13.126568; 0.001894, 1.006502, -8.851150; 0.000003, 0.000002, 0.999993]; 
proj_mat{188}=[1.004357, 0.006723, -9.911405; 0.003820, 1.005119, -8.375671; 0.000002, 0.000002, 0.999996]; 
proj_mat{189}=[0.998864, 0.006171, 1.913166; 0.001695, 1.002974, -4.825227; -0.000001, 0.000001, 1.000017]; 
proj_mat{190}=[0.997131, -0.000180, 8.119611; -0.001943, 1.000237, 3.167477; -0.000001, 0.000001, 1.000008]; 
proj_mat{191}=[0.999536, -0.003065, 2.454121; -0.003296, 0.996840, 6.027021; -0.000000, 0.000000, 1.000011]; 
proj_mat{192}=[1.003201, -0.002522, -6.385567; -0.000939, 0.999987, -0.259837; 0.000001, -0.000000, 1.000009]; 
proj_mat{193}=[1.004705, 0.004118, -10.026646; 0.001808, 1.005319, -4.202887; 0.000002, 0.000001, 1.000000]; 
proj_mat{194}=[1.000057, 0.007396, -2.064984; 0.000142, 0.999692, 0.153246; 0.000000, 0.000000, 1.000016]; 
proj_mat{195}=[0.996055, 0.002470, 6.395639; -0.003908, 0.998315, 4.178884; -0.000002, -0.000000, 1.000013]; 
proj_mat{196}=[0.997794, -0.002284, 3.227843; -0.004442, 0.997659, 4.896156; -0.000001, -0.000000, 1.000011]; 
proj_mat{197}=[1.000760, -0.000237, -3.879697; -0.001852, 1.001189, 1.174536; 0.000000, -0.000000, 1.000012]; 
proj_mat{198}=[1.000589, 0.003936, -4.121048; -0.000481, 1.001488, 1.222208; 0.000000, -0.000000, 1.000007]; 
proj_mat{199}=[0.998005, 0.002113, 1.953523; -0.001301, 0.998432, 3.212380; -0.000001, -0.000001, 1.000005]; 
proj_mat{200}=[0.997706, -0.001379, 3.938989; -0.002415, 0.998004, 3.909834; -0.000001, -0.000001, 1.000000]; 
proj_mat{201}=[1.000092, -0.003962, -0.548815; -0.001907, 0.998876, 2.701920; 0.000000, -0.000001, 0.999998]; 
proj_mat{202}=[1.002820, -0.000679, -6.630707; -0.000144, 1.000247, -0.443075; 0.000001, -0.000001, 0.999993]; 
proj_mat{203}=[1.001993, 0.003928, -5.813429; 0.000545, 1.000156, -2.942914; 0.000001, -0.000000, 0.999988]; 
proj_mat{204}=[0.998913, 0.004769, 1.165616; -0.000372, 0.999495, -3.787508; -0.000001, 0.000000, 0.999987]; 
proj_mat{205}=[0.996379, 0.003759, 7.129925; -0.001981, 0.997089, -3.743090; -0.000002, 0.000001, 0.999973]; 
proj_mat{206}=[0.995479, 0.001698, 9.925483; -0.002728, 0.998878, -6.790585; -0.000003, 0.000001, 0.999954]; 
proj_mat{207}=[0.997623, -0.002452, 7.309622; -0.002273, 1.000242, -8.737616; -0.000002, 0.000001, 0.999952]; 
proj_mat{208}=[1.002215, -0.003138, -1.213807; -0.000310, 1.003308, -13.327338; -0.000000, 0.000002, 0.999949]; 
proj_mat{209}=[1.004577, 0.005097, -6.857493; 0.002145, 1.010523, -15.766186; 0.000001, 0.000004, 0.999905]; 
proj_mat{210}=[0.998162, 0.006893, 2.381224; 0.001903, 1.003534, -10.583463; -0.000002, 0.000002, 0.999928]; 
proj_mat{211}=[0.991820, 0.003351, 14.910476; 0.000250, 1.000466, -6.311350; -0.000005, 0.000000, 0.999914]; 
proj_mat{212}=[0.988317, -0.001571, 22.278522; -0.001991, 0.999676, 1.159306; -0.000006, 0.000000, 0.999873]; 
proj_mat{213}=[0.999198, -0.015658, 3.403280; 0.001467, 0.988978, 23.133921; 0.000002, -0.000006, 1.000034]; 
proj_mat{214}=[1.001094, -0.011155, 0.446415; 0.000934, 0.992756, 16.857559; 0.000002, -0.000004, 1.000069]; 
proj_mat{215}=[1.006688, -0.008883, -11.487578; 0.003705, 0.998293, 7.535925; 0.000005, -0.000002, 1.000081]; 
proj_mat{216}=[1.008507, -0.000051, -16.529604; 0.006741, 1.001529, 0.997287; 0.000005, -0.000001, 1.000064]; 
proj_mat{217}=[1.003896, 0.005990, -7.323751; 0.005148, 1.001196, 0.105404; 0.000002, 0.000000, 1.000080]; 
proj_mat{218}=[0.998510, 0.002556, 4.332465; 0.000047, 0.999194, 5.109938; -0.000000, -0.000000, 1.000072]; 
proj_mat{219}=[0.999168, -0.002934, 3.692598; -0.003913, 0.993870, 8.614433; -0.000000, 0.000000, 1.000051]; 
proj_mat{220}=[1.004930, -0.002221, -8.764940; -0.002406, 0.999594, -1.636061; 0.000002, 0.000001, 1.000046]; 
proj_mat{221}=[1.007897, 0.008518, -16.023899; 0.000914, 1.007899, -9.723005; 0.000003, 0.000004, 1.000012]; 
proj_mat{222}=[1.001819, 0.014143, -5.443303; 0.000498, 1.006967, -8.473088; 0.000000, 0.000003, 1.000032]; 
proj_mat{223}=[0.995357, 0.009144, 9.634375; -0.004263, 1.001649, 0.694931; -0.000003, 0.000003, 1.000029]; 
proj_mat{224}=[0.994555, -0.000700, 11.795417; -0.007329, 0.997453, 4.845551; -0.000003, 0.000001, 1.000004]; 
proj_mat{225}=[0.999225, -0.004536, 1.721702; -0.003698, 1.001038, 0.319084; -0.000001, 0.000001, 1.000014]; 
proj_mat{226}=[1.002937, -0.000382, -6.247116; 0.002736, 1.005864, -5.466824; 0.000001, 0.000001, 1.000001]; 
proj_mat{227}=[0.999094, 0.007745, 1.086691; 0.003188, 1.004939, -0.601693; -0.000000, 0.000001, 0.999992]; 
proj_mat{228}=[0.991978, 0.000008, 15.925442; -0.002617, 0.993828, 11.707629; -0.000003, -0.000002, 0.999970]; 
proj_mat{229}=[0.994916, -0.010089, 11.984885; -0.005108, 0.990617, 11.831527; -0.000002, -0.000002, 0.999971]; 
proj_mat{230}=[1.004078, -0.009421, -6.171568; -0.000531, 1.001071, -0.252772; 0.000002, 0.000000, 1.000031]; 
proj_mat{231}=[1.008860, -0.003434, -17.362619; 0.005870, 1.007343, -8.183290; 0.000004, 0.000000, 1.000004]; 
proj_mat{232}=[1.006360, 0.006122, -13.144527; 0.006421, 1.007165, -5.277397; 0.000003, 0.000001, 1.000009]; 
proj_mat{233}=[0.998446, 0.002951, 2.169697; 0.000696, 0.998449, 5.038432; -0.000000, -0.000002, 1.000050]; 
proj_mat{234}=[0.996342, -0.005383, 5.826663; -0.003036, 0.993277, 8.763587; -0.000001, -0.000003, 1.000026]; 
proj_mat{235}=[1.001026, -0.005410, -3.848727; -0.000776, 0.997042, 2.215198; 0.000001, -0.000002, 1.000032]; 
proj_mat{236}=[1.003335, -0.000868, -8.879062; 0.003392, 1.002031, -4.454450; 0.000002, -0.000001, 1.000016]; 
proj_mat{237}=[1.000850, 0.005011, -3.139879; 0.003980, 1.004395, -2.954553; 0.000000, -0.000000, 1.000010]; 
proj_mat{238}=[0.995804, 0.003190, 7.818239; -0.001476, 0.996938, 9.079053; -0.000001, -0.000001, 1.000005]; 
proj_mat{239}=[0.994805, -0.000476, 8.763702; -0.006314, 0.988576, 13.262760; -0.000002, -0.000002, 0.999981]; 
proj_mat{240}=[0.999111, -0.002309, 0.324283; -0.003681, 0.993486, 1.163968; -0.000001, 0.000000, 1.000005]; 
proj_mat{241}=[1.002577, 0.002333, -5.911343; 0.001898, 1.001215, -11.038403; 0.000000, 0.000002, 0.999996]; 
proj_mat{242}=[1.001130, 0.006406, -0.889334; 0.004089, 1.004180, -14.411497; -0.000001, 0.000003, 0.999980]; 
proj_mat{243}=[0.996934, 0.003091, 9.768277; 0.000792, 1.004476, -8.365861; -0.000002, 0.000002, 0.999990]; 
proj_mat{244}=[0.995672, -0.004051, 11.199780; -0.004209, 1.000721, 4.350743; -0.000002, -0.000001, 1.000002]; 
proj_mat{245}=[0.998974, -0.005481, 0.930448; -0.004964, 0.994781, 6.658910; -0.000000, -0.000002, 1.000008]; 
proj_mat{246}=[1.003335, -0.000243, -9.107447; -0.000379, 1.003060, -3.616928; 0.000001, -0.000000, 1.000012]; 
proj_mat{247}=[1.001204, 0.007507, -5.679325; 0.003480, 1.003322, -7.095539; 0.000000, 0.000001, 1.000007]; 
proj_mat{248}=[0.994502, 0.008534, 10.585918; 0.001802, 1.002828, -4.475829; -0.000003, 0.000002, 1.000007]; 
proj_mat{249}=[0.990772, 0.001579, 21.582275; -0.002941, 1.001390, 4.368767; -0.000005, 0.000002, 0.999986]; 
