proj_mat{1}=[0.999915, -0.000073, -0.013996; -0.000005, 0.999642, 0.107535; -0.000000, -0.000000, 1.000000]; 
proj_mat{2}=[0.999895, -0.000153, 0.029829; 0.000006, 0.999725, 0.056584; -0.000000, -0.000000, 1.000000]; 
proj_mat{3}=[0.999884, -0.000140, -0.008079; -0.000029, 0.999752, 0.024768; -0.000000, -0.000000, 1.000000]; 
proj_mat{4}=[0.999741, -0.000132, 0.076368; -0.000052, 0.999602, 0.112824; -0.000000, -0.000000, 1.000000]; 
proj_mat{5}=[0.999873, -0.000046, 0.039242; -0.000044, 0.999662, 0.149972; -0.000000, -0.000000, 1.000000]; 
proj_mat{6}=[0.999831, -0.000115, 0.122191; -0.000033, 0.999769, 0.117303; -0.000000, -0.000000, 1.000000]; 
proj_mat{7}=[0.999766, -0.000207, 0.138903; -0.000075, 0.999568, 0.202366; -0.000000, -0.000000, 1.000000]; 
proj_mat{8}=[0.999816, -0.000160, 0.102577; -0.000057, 0.999718, 0.109947; -0.000000, -0.000000, 1.000000]; 
proj_mat{9}=[0.999821, -0.000126, 0.111685; -0.000047, 0.999803, 0.082163; -0.000000, -0.000000, 1.000000]; 
proj_mat{10}=[0.999876, -0.000174, 0.138377; -0.000026, 0.999850, 0.058296; -0.000000, -0.000000, 1.000000]; 
proj_mat{11}=[0.999905, -0.000117, 0.116377; -0.000018, 0.999901, 0.028877; -0.000000, -0.000000, 1.000000]; 
proj_mat{12}=[1.000065, -0.000016, 0.012817; 0.000016, 1.000187, -0.060186; 0.000000, 0.000000, 1.000000]; 
proj_mat{13}=[1.000276, 0.000093, -0.120389; 0.000052, 1.000350, -0.131501; 0.000000, 0.000000, 1.000000]; 
proj_mat{14}=[1.000382, 0.000223, -0.159189; 0.000071, 1.000482, -0.147183; 0.000000, 0.000000, 1.000000]; 
proj_mat{15}=[1.000342, 0.000222, -0.136668; 0.000073, 1.000400, -0.128957; 0.000000, 0.000000, 1.000000]; 
proj_mat{16}=[1.000456, 0.000304, -0.219185; 0.000097, 1.000562, -0.172789; 0.000000, 0.000000, 1.000000]; 
proj_mat{17}=[1.000273, 0.000191, -0.132415; 0.000071, 1.000308, -0.112630; 0.000000, 0.000000, 1.000000]; 
proj_mat{18}=[1.000163, 0.000098, -0.047834; 0.000051, 1.000252, -0.105443; 0.000000, 0.000000, 1.000000]; 
proj_mat{19}=[0.999803, -0.000147, 0.157530; -0.000018, 0.999883, 0.023581; -0.000000, -0.000000, 1.000000]; 
proj_mat{20}=[0.999807, -0.000156, 0.121315; -0.000034, 0.999804, 0.055346; -0.000000, -0.000000, 1.000000]; 
proj_mat{21}=[0.999656, -0.000275, 0.241619; -0.000044, 0.999727, 0.078335; -0.000000, -0.000000, 1.000000]; 
proj_mat{22}=[0.999860, -0.000043, 0.078448; -0.000037, 0.999906, 0.057206; -0.000000, -0.000000, 1.000000]; 
proj_mat{23}=[0.999956, -0.000021, 0.014114; -0.000001, 0.999973, 0.012199; -0.000000, -0.000000, 1.000000]; 
proj_mat{24}=[0.999810, -0.000096, 0.092926; -0.000037, 0.999871, 0.045179; -0.000000, -0.000000, 1.000000]; 
proj_mat{25}=[1.000041, 0.000157, -0.106994; -0.000007, 1.000136, -0.038694; -0.000000, 0.000000, 1.000000]; 
proj_mat{26}=[1.000101, 0.000236, -0.162789; 0.000020, 1.000185, -0.070586; -0.000000, 0.000000, 1.000000]; 
proj_mat{27}=[1.000174, 0.000172, -0.144207; 0.000019, 1.000180, -0.061734; 0.000000, 0.000000, 1.000000]; 
proj_mat{28}=[1.000079, 0.000155, -0.071895; 0.000001, 1.000143, -0.025470; 0.000000, 0.000000, 1.000000]; 
proj_mat{29}=[0.999863, -0.000004, 0.044886; -0.000026, 0.999830, 0.048330; -0.000000, -0.000000, 1.000000]; 
proj_mat{30}=[1.000078, 0.000076, -0.061920; 0.000010, 1.000051, -0.025691; 0.000000, 0.000000, 1.000000]; 
proj_mat{31}=[1.000206, 0.000194, -0.140139; 0.000027, 1.000177, -0.036434; 0.000000, 0.000000, 1.000000]; 
proj_mat{32}=[1.000060, 0.000103, -0.079749; 0.000002, 1.000005, 0.003249; 0.000000, -0.000000, 1.000000]; 
proj_mat{33}=[1.000073, 0.000068, -0.053181; 0.000005, 1.000097, -0.021318; 0.000000, 0.000000, 1.000000]; 
proj_mat{34}=[1.000209, 0.000088, -0.120557; 0.000045, 1.000240, -0.088681; 0.000000, 0.000000, 1.000000]; 
proj_mat{35}=[1.000229, 0.000099, -0.115732; 0.000052, 1.000290, -0.095840; 0.000000, 0.000000, 1.000000]; 
proj_mat{36}=[1.000276, 0.000143, -0.147191; 0.000052, 1.000314, -0.104626; 0.000000, 0.000000, 1.000000]; 
proj_mat{37}=[1.000437, 0.000180, -0.219180; 0.000094, 1.000508, -0.195934; 0.000000, 0.000000, 1.000000]; 
proj_mat{38}=[1.000476, 0.000334, -0.277559; 0.000070, 1.000579, -0.171556; 0.000000, 0.000000, 1.000000]; 
proj_mat{39}=[1.000101, 0.000114, -0.081288; 0.000023, 1.000170, -0.064905; 0.000000, 0.000000, 1.000000]; 
proj_mat{40}=[1.000032, 0.000057, -0.032302; -0.000009, 1.000021, 0.003274; 0.000000, 0.000000, 1.000000]; 
proj_mat{41}=[0.999969, 0.000012, 0.007275; 0.000009, 1.000017, -0.024465; -0.000000, 0.000000, 1.000000]; 
proj_mat{42}=[1.000105, 0.000134, -0.122041; 0.000022, 1.000057, -0.034194; 0.000000, 0.000000, 1.000000]; 
proj_mat{43}=[1.000122, 0.000158, -0.136353; 0.000035, 1.000072, -0.039648; 0.000000, 0.000000, 1.000000]; 
proj_mat{44}=[0.999988, 0.000040, -0.033047; -0.000006, 0.999942, 0.020319; -0.000000, -0.000000, 1.000000]; 
proj_mat{45}=[0.999957, -0.000061, 0.030455; -0.000022, 0.999839, 0.069129; -0.000000, -0.000000, 1.000000]; 
proj_mat{46}=[0.999747, -0.000244, 0.200818; -0.000037, 0.999647, 0.102535; -0.000000, -0.000000, 1.000000]; 
proj_mat{47}=[0.999831, -0.000076, 0.129025; -0.000046, 0.999785, 0.096016; -0.000000, -0.000000, 1.000000]; 
proj_mat{48}=[0.999729, -0.000198, 0.189792; -0.000076, 0.999650, 0.146240; -0.000000, -0.000000, 1.000000]; 
proj_mat{49}=[0.999794, -0.000140, 0.125650; -0.000071, 0.999685, 0.135956; -0.000000, -0.000000, 1.000000]; 
proj_mat{50}=[0.999699, -0.000216, 0.188988; -0.000065, 0.999549, 0.160537; -0.000000, -0.000000, 1.000000]; 
proj_mat{51}=[0.999637, -0.000334, 0.263028; -0.000054, 0.999606, 0.121314; -0.000000, -0.000000, 1.000000]; 
proj_mat{52}=[0.999745, -0.000297, 0.211289; -0.000038, 0.999726, 0.092995; -0.000000, -0.000000, 1.000000]; 
proj_mat{53}=[0.999697, -0.000310, 0.223334; -0.000042, 0.999688, 0.084255; -0.000000, -0.000000, 1.000000]; 
proj_mat{54}=[0.999741, -0.000257, 0.177878; -0.000018, 0.999774, 0.051107; -0.000000, -0.000000, 1.000000]; 
proj_mat{55}=[0.999940, -0.000024, 0.028788; 0.000013, 0.999997, -0.014591; -0.000000, -0.000000, 1.000000]; 
proj_mat{56}=[1.000162, 0.000154, -0.114513; 0.000048, 1.000234, -0.088426; 0.000000, 0.000000, 1.000000]; 
proj_mat{57}=[1.000210, 0.000246, -0.165474; 0.000046, 1.000383, -0.117932; 0.000000, 0.000000, 1.000000]; 
proj_mat{58}=[1.000268, 0.000271, -0.191126; 0.000046, 1.000399, -0.124362; 0.000000, 0.000000, 1.000000]; 
proj_mat{59}=[1.000283, 0.000230, -0.172623; 0.000067, 1.000498, -0.178500; 0.000000, 0.000000, 1.000000]; 
proj_mat{60}=[1.000059, 0.000033, -0.048225; -0.000013, 1.000024, 0.013433; 0.000000, 0.000000, 1.000000]; 
proj_mat{61}=[1.000109, 0.000110, -0.057698; -0.000016, 1.000139, 0.003073; 0.000000, 0.000000, 1.000000]; 
proj_mat{62}=[1.000123, 0.000062, -0.059310; -0.000013, 1.000044, 0.018098; 0.000000, 0.000000, 1.000000]; 
proj_mat{63}=[1.000058, -0.000013, -0.060308; -0.000009, 0.999956, 0.020820; 0.000000, -0.000000, 1.000000]; 
proj_mat{64}=[1.000094, 0.000089, -0.073081; -0.000000, 1.000060, -0.012147; 0.000000, 0.000000, 1.000000]; 
proj_mat{65}=[0.999850, -0.000043, 0.032917; -0.000042, 0.999774, 0.096660; -0.000000, -0.000000, 1.000000]; 
proj_mat{66}=[0.999859, -0.000061, 0.032357; -0.000019, 0.999804, 0.045258; -0.000000, -0.000000, 1.000000]; 
proj_mat{67}=[0.999608, -0.000426, 0.243084; -0.000049, 0.999564, 0.094868; -0.000000, -0.000000, 1.000000]; 
proj_mat{68}=[0.999705, -0.000289, 0.182653; -0.000043, 0.999671, 0.076307; -0.000000, -0.000000, 1.000000]; 
proj_mat{69}=[0.999771, -0.000188, 0.148575; -0.000031, 0.999780, 0.054364; -0.000000, -0.000000, 1.000000]; 
proj_mat{70}=[0.999669, -0.000214, 0.172816; -0.000051, 0.999679, 0.081769; -0.000000, -0.000000, 1.000000]; 
proj_mat{71}=[0.999808, -0.000066, 0.072265; -0.000018, 0.999803, 0.041347; -0.000000, -0.000000, 1.000000]; 
proj_mat{72}=[0.999840, -0.000133, 0.098485; 0.000009, 0.999822, 0.010395; -0.000000, -0.000000, 1.000000]; 
proj_mat{73}=[0.999738, -0.000230, 0.174325; -0.000012, 0.999685, 0.065853; -0.000000, -0.000000, 1.000000]; 
proj_mat{74}=[0.999936, 0.000033, 0.001269; -0.000019, 0.999921, 0.043859; -0.000000, -0.000000, 1.000000]; 
proj_mat{75}=[0.999704, -0.000142, 0.123867; -0.000075, 0.999637, 0.130217; -0.000000, -0.000000, 1.000000]; 
proj_mat{76}=[0.999857, -0.000034, 0.048849; -0.000048, 0.999793, 0.089816; -0.000000, -0.000000, 1.000000]; 
proj_mat{77}=[0.999846, -0.000031, 0.059114; -0.000027, 0.999870, 0.033318; -0.000000, -0.000000, 1.000000]; 
proj_mat{78}=[0.999973, 0.000122, -0.033128; 0.000009, 1.000020, -0.028424; -0.000000, -0.000000, 1.000000]; 
proj_mat{79}=[0.999958, 0.000056, 0.006318; 0.000019, 0.999986, -0.035924; -0.000000, -0.000000, 1.000000]; 
proj_mat{80}=[0.999894, -0.000056, 0.063682; 0.000007, 0.999912, -0.011969; -0.000000, -0.000000, 1.000000]; 
proj_mat{81}=[0.999892, -0.000259, 0.122163; 0.000023, 0.999852, -0.014323; 0.000000, -0.000000, 1.000000]; 
proj_mat{82}=[1.000239, 0.000066, -0.094822; 0.000065, 1.000236, -0.101376; 0.000000, 0.000000, 1.000000]; 
proj_mat{83}=[1.000329, 0.000152, -0.182510; 0.000057, 1.000293, -0.106602; 0.000000, 0.000000, 1.000000]; 
proj_mat{84}=[1.000400, 0.000261, -0.196176; 0.000047, 1.000406, -0.090734; 0.000000, 0.000000, 1.000000]; 
proj_mat{85}=[1.000072, 0.000026, -0.025476; 0.000003, 1.000068, -0.007383; 0.000000, 0.000000, 1.000000]; 
proj_mat{86}=[0.999977, -0.000035, 0.032172; -0.000005, 1.000008, 0.009896; -0.000000, 0.000000, 1.000000]; 
proj_mat{87}=[1.000181, 0.000182, -0.103435; 0.000035, 1.000287, -0.066888; 0.000000, 0.000000, 1.000000]; 
proj_mat{88}=[1.000278, 0.000291, -0.194753; 0.000009, 1.000304, -0.037608; 0.000000, 0.000000, 1.000000]; 
proj_mat{89}=[1.000258, 0.000303, -0.195133; 0.000017, 1.000298, -0.060367; 0.000000, 0.000000, 1.000000]; 
proj_mat{90}=[1.000196, 0.000145, -0.094994; 0.000020, 1.000270, -0.051152; 0.000000, 0.000000, 1.000000]; 
proj_mat{91}=[0.999796, -0.000274, 0.197054; -0.000012, 0.999928, -0.004276; -0.000000, -0.000000, 1.000000]; 
proj_mat{92}=[0.999892, -0.000133, 0.093297; -0.000012, 0.999872, 0.036648; -0.000000, -0.000000, 1.000000]; 
proj_mat{93}=[1.000070, 0.000089, -0.076065; -0.000025, 0.999957, 0.070628; 0.000000, 0.000000, 1.000000]; 
proj_mat{94}=[1.000104, 0.000077, -0.082645; -0.000015, 1.000015, 0.014406; 0.000000, 0.000000, 1.000000]; 
proj_mat{95}=[1.000286, 0.000209, -0.206633; 0.000009, 1.000161, -0.038913; 0.000000, 0.000000, 1.000000]; 
proj_mat{96}=[1.000316, 0.000273, -0.243210; 0.000032, 1.000167, -0.050768; 0.000000, 0.000000, 1.000000]; 
proj_mat{97}=[1.000409, 0.000292, -0.257819; 0.000076, 1.000305, -0.120526; 0.000000, 0.000000, 1.000000]; 
proj_mat{98}=[1.000167, 0.000100, -0.062401; 0.000025, 1.000200, -0.051912; 0.000000, 0.000000, 1.000000]; 
proj_mat{99}=[1.000192, 0.000104, -0.088915; 0.000033, 1.000261, -0.076270; 0.000000, 0.000000, 1.000000]; 
proj_mat{100}=[0.999953, -0.000007, 0.038532; 0.000016, 1.000035, -0.026405; -0.000000, 0.000000, 1.000000]; 
proj_mat{101}=[1.000004, -0.000018, 0.011021; 0.000011, 1.000021, -0.022427; -0.000000, -0.000000, 1.000000]; 
proj_mat{102}=[0.999865, -0.000160, 0.092257; -0.000011, 0.999814, 0.039729; -0.000000, -0.000000, 1.000000]; 
proj_mat{103}=[0.999812, -0.000164, 0.105422; -0.000035, 0.999739, 0.085923; -0.000000, -0.000000, 1.000000]; 
proj_mat{104}=[0.999808, -0.000231, 0.121736; -0.000021, 0.999671, 0.078076; -0.000000, -0.000000, 1.000000]; 
proj_mat{105}=[0.999977, -0.000157, 0.037866; 0.000015, 0.999877, 0.011825; 0.000000, -0.000000, 1.000000]; 
proj_mat{106}=[1.000111, 0.000008, -0.054738; 0.000032, 1.000134, -0.060157; 0.000000, 0.000000, 1.000000]; 
proj_mat{107}=[0.999966, -0.000097, 0.110000; 0.000035, 1.000155, -0.080237; 0.000000, 0.000000, 1.000000]; 
proj_mat{108}=[0.999919, -0.000124, 0.101695; 0.000005, 0.999959, 0.007683; -0.000000, -0.000000, 1.000000]; 
proj_mat{109}=[0.999723, -0.000276, 0.209478; -0.000002, 0.999842, -0.000428; -0.000000, -0.000000, 1.000000]; 
proj_mat{110}=[0.999713, -0.000209, 0.202627; -0.000020, 0.999794, 0.049769; -0.000000, -0.000000, 1.000000]; 
proj_mat{111}=[0.999659, -0.000261, 0.216511; -0.000023, 0.999723, 0.055215; -0.000000, -0.000000, 1.000000]; 
proj_mat{112}=[0.999712, -0.000247, 0.220158; -0.000012, 0.999800, 0.032944; -0.000000, -0.000000, 1.000000]; 
proj_mat{113}=[0.999587, -0.000297, 0.254332; -0.000046, 0.999733, 0.068382; -0.000000, -0.000000, 1.000000]; 
proj_mat{114}=[0.999648, -0.000294, 0.217277; -0.000017, 0.999767, 0.016750; -0.000000, -0.000000, 1.000000]; 
proj_mat{115}=[1.000219, 0.000172, -0.185758; 0.000006, 1.000075, -0.000961; 0.000000, 0.000000, 1.000000]; 
proj_mat{116}=[1.000065, 0.000019, -0.038438; -0.000010, 0.999982, 0.012542; 0.000000, 0.000000, 1.000000]; 
proj_mat{117}=[1.000133, 0.000098, -0.087360; 0.000013, 1.000064, -0.027187; 0.000000, 0.000000, 1.000000]; 
proj_mat{118}=[1.000394, 0.000424, -0.284464; 0.000069, 1.000435, -0.134268; 0.000000, 0.000000, 1.000000]; 
proj_mat{119}=[1.000282, 0.000409, -0.242993; 0.000024, 1.000334, -0.069639; 0.000000, 0.000000, 1.000000]; 
proj_mat{120}=[1.000362, 0.000471, -0.314711; 0.000010, 1.000364, -0.056623; 0.000000, 0.000000, 1.000000]; 
proj_mat{121}=[1.000565, 0.000514, -0.417195; 0.000042, 1.000507, -0.110654; 0.000000, 0.000000, 1.000000]; 
proj_mat{122}=[1.000628, 0.000594, -0.471832; 0.000077, 1.000624, -0.178770; 0.000000, 0.000000, 1.000000]; 
proj_mat{123}=[1.000379, 0.000446, -0.304116; 0.000049, 1.000515, -0.138840; 0.000000, 0.000000, 1.000000]; 
proj_mat{124}=[1.000106, 0.000007, -0.005512; 0.000003, 1.000093, 0.000157; 0.000000, 0.000000, 1.000000]; 
proj_mat{125}=[0.999759, -0.000241, 0.199543; -0.000029, 0.999703, 0.087182; -0.000000, -0.000000, 1.000000]; 
proj_mat{126}=[0.999732, -0.000284, 0.224472; -0.000049, 0.999678, 0.099564; -0.000000, -0.000000, 1.000000]; 
proj_mat{127}=[0.999546, -0.000325, 0.273848; -0.000065, 0.999537, 0.126103; -0.000000, -0.000000, 1.000000]; 
proj_mat{128}=[0.999838, -0.000225, 0.163641; -0.000003, 0.999828, 0.039679; -0.000000, -0.000000, 1.000000]; 
proj_mat{129}=[0.999710, -0.000480, 0.272964; -0.000021, 0.999572, 0.109333; -0.000000, -0.000000, 1.000000]; 
proj_mat{130}=[0.999902, -0.000116, 0.100842; -0.000020, 0.999951, 0.033152; -0.000000, 0.000000, 1.000000]; 
proj_mat{131}=[1.000087, 0.000135, -0.081875; -0.000002, 1.000045, 0.020433; 0.000000, 0.000000, 1.000000]; 
proj_mat{132}=[0.999973, -0.000021, 0.020366; 0.000003, 0.999946, 0.014926; -0.000000, -0.000000, 1.000000]; 
proj_mat{133}=[1.000026, 0.000041, -0.048213; -0.000020, 0.999947, 0.049234; 0.000000, 0.000000, 1.000000]; 
proj_mat{134}=[1.000003, 0.000047, -0.034379; -0.000025, 0.999960, 0.042624; -0.000000, 0.000000, 1.000000]; 
proj_mat{135}=[0.999926, -0.000040, 0.044492; -0.000023, 0.999903, 0.068003; -0.000000, -0.000000, 1.000000]; 
proj_mat{136}=[0.999743, -0.000172, 0.127427; -0.000033, 0.999723, 0.075713; -0.000000, -0.000000, 1.000000]; 
proj_mat{137}=[1.000011, 0.000036, -0.033164; 0.000012, 1.000014, -0.029470; 0.000000, -0.000000, 1.000000]; 
proj_mat{138}=[1.000070, 0.000049, -0.049792; 0.000025, 1.000102, -0.060376; 0.000000, 0.000000, 1.000000]; 
proj_mat{139}=[1.000020, -0.000006, -0.005443; 0.000025, 1.000019, -0.050738; 0.000000, -0.000000, 1.000000]; 
proj_mat{140}=[0.999818, -0.000147, 0.107071; -0.000018, 0.999849, 0.009261; -0.000000, -0.000000, 1.000000]; 
proj_mat{141}=[0.999517, -0.000341, 0.291338; -0.000079, 0.999545, 0.136123; -0.000000, -0.000000, 1.000000]; 
proj_mat{142}=[0.999499, -0.000340, 0.280474; -0.000083, 0.999516, 0.140204; -0.000000, -0.000000, 1.000000]; 
proj_mat{143}=[0.999614, -0.000307, 0.225909; -0.000077, 0.999558, 0.152543; -0.000000, -0.000000, 1.000000]; 
proj_mat{144}=[0.999839, -0.000190, 0.132719; -0.000025, 0.999743, 0.083178; -0.000000, -0.000000, 1.000000]; 
proj_mat{145}=[0.999964, -0.000125, 0.083260; -0.000012, 0.999917, 0.030964; 0.000000, -0.000000, 1.000000]; 
proj_mat{146}=[1.000131, 0.000052, -0.031447; 0.000014, 1.000126, -0.027553; 0.000000, 0.000000, 1.000000]; 
proj_mat{147}=[1.000071, 0.000028, 0.007195; 0.000001, 1.000098, -0.023998; 0.000000, 0.000000, 1.000000]; 
proj_mat{148}=[1.000176, 0.000146, -0.072298; 0.000030, 1.000316, -0.085505; 0.000000, 0.000000, 1.000000]; 
proj_mat{149}=[1.000012, -0.000067, 0.050850; 0.000010, 1.000053, -0.022112; 0.000000, 0.000000, 1.000000]; 
proj_mat{150}=[0.999788, -0.000228, 0.166093; -0.000025, 0.999836, 0.029671; -0.000000, -0.000000, 1.000000]; 
proj_mat{151}=[0.999758, -0.000214, 0.154853; -0.000026, 0.999837, 0.019303; -0.000000, -0.000000, 1.000000]; 
proj_mat{152}=[0.999884, 0.000022, 0.042765; -0.000030, 0.999952, 0.031549; -0.000000, -0.000000, 1.000000]; 
proj_mat{153}=[1.000171, 0.000223, -0.090765; 0.000027, 1.000260, -0.070004; 0.000000, 0.000000, 1.000000]; 
proj_mat{154}=[1.000170, 0.000234, -0.158515; -0.000003, 1.000167, -0.012749; 0.000000, 0.000000, 1.000000]; 
proj_mat{155}=[1.000171, 0.000139, -0.138584; 0.000011, 1.000067, -0.005151; 0.000000, 0.000000, 1.000000]; 
proj_mat{156}=[1.000171, 0.000131, -0.106837; 0.000034, 1.000125, -0.025681; 0.000000, 0.000000, 1.000000]; 
proj_mat{157}=[1.000265, 0.000233, -0.167921; 0.000061, 1.000295, -0.086705; 0.000000, 0.000000, 1.000000]; 
proj_mat{158}=[1.000183, 0.000143, -0.094512; 0.000043, 1.000219, -0.063456; 0.000000, 0.000000, 1.000000]; 
proj_mat{159}=[1.000100, 0.000168, -0.105467; 0.000012, 1.000088, -0.013002; 0.000000, 0.000000, 1.000000]; 
proj_mat{160}=[1.000061, 0.000137, -0.091402; -0.000029, 0.999986, 0.055038; -0.000000, 0.000000, 1.000000]; 
proj_mat{161}=[1.000164, 0.000154, -0.153957; -0.000001, 1.000026, 0.022113; 0.000000, 0.000000, 1.000000]; 
proj_mat{162}=[1.000248, 0.000257, -0.215777; 0.000002, 1.000173, -0.025173; 0.000000, 0.000000, 1.000000]; 
proj_mat{163}=[1.000021, 0.000008, -0.062798; -0.000005, 1.000023, -0.027120; -0.000000, -0.000000, 1.000000]; 
proj_mat{164}=[1.000096, 0.000098, -0.063651; 0.000029, 1.000187, -0.078082; 0.000000, 0.000000, 1.000000]; 
proj_mat{165}=[1.000110, 0.000088, -0.006579; 0.000031, 1.000182, -0.050227; 0.000000, 0.000000, 1.000000]; 
proj_mat{166}=[0.999939, 0.000008, 0.060553; -0.000029, 1.000019, 0.037957; -0.000000, 0.000000, 1.000000]; 
proj_mat{167}=[1.000278, 0.000163, -0.115337; 0.000029, 1.000279, -0.052826; 0.000000, 0.000000, 1.000000]; 
proj_mat{168}=[1.000176, 0.000119, -0.053879; 0.000027, 1.000226, -0.047075; 0.000000, 0.000000, 1.000000]; 
proj_mat{169}=[1.000058, 0.000059, -0.003621; 0.000014, 1.000177, -0.055535; 0.000000, 0.000000, 1.000000]; 
proj_mat{170}=[0.999952, -0.000001, 0.051649; -0.000002, 1.000013, -0.002424; -0.000000, 0.000000, 1.000000]; 
proj_mat{171}=[0.999991, -0.000115, 0.056969; -0.000009, 0.999979, 0.023096; 0.000000, -0.000000, 1.000000]; 
proj_mat{172}=[0.999905, -0.000134, 0.086930; -0.000022, 0.999920, 0.035842; -0.000000, -0.000000, 1.000000]; 
proj_mat{173}=[1.000090, 0.000019, -0.028488; -0.000002, 1.000196, -0.036539; 0.000000, 0.000000, 1.000000]; 
proj_mat{174}=[0.999946, -0.000085, 0.039373; -0.000009, 1.000015, -0.008844; -0.000000, -0.000000, 1.000000]; 
proj_mat{175}=[0.999859, -0.000170, 0.084873; -0.000009, 0.999816, 0.023217; -0.000000, -0.000000, 1.000000]; 
proj_mat{176}=[0.999808, -0.000198, 0.116426; -0.000023, 0.999720, 0.066576; -0.000000, -0.000000, 1.000000]; 
proj_mat{177}=[0.999674, -0.000359, 0.197821; -0.000041, 0.999529, 0.119440; -0.000000, -0.000000, 1.000000]; 
proj_mat{178}=[0.999685, -0.000258, 0.157979; -0.000057, 0.999538, 0.136531; -0.000000, -0.000000, 1.000000]; 
proj_mat{179}=[0.999768, -0.000260, 0.129494; -0.000053, 0.999592, 0.134536; -0.000000, -0.000000, 1.000000]; 
proj_mat{180}=[0.999965, -0.000077, 0.013137; -0.000022, 0.999805, 0.073330; -0.000000, -0.000000, 1.000000]; 
proj_mat{181}=[0.999849, -0.000042, 0.045952; -0.000066, 0.999724, 0.144385; -0.000000, -0.000000, 1.000000]; 
proj_mat{182}=[0.999948, -0.000064, 0.015949; -0.000041, 0.999777, 0.090857; -0.000000, -0.000000, 1.000000]; 
proj_mat{183}=[1.000042, -0.000012, 0.000267; -0.000010, 0.999937, 0.014695; 0.000000, 0.000000, 1.000000]; 
proj_mat{184}=[0.999988, -0.000071, 0.027294; -0.000013, 0.999928, 0.043681; 0.000000, -0.000000, 1.000000]; 
proj_mat{185}=[0.999897, -0.000197, 0.116219; -0.000001, 0.999964, 0.007042; -0.000000, -0.000000, 1.000000]; 
proj_mat{186}=[1.000105, 0.000140, -0.069617; 0.000056, 1.000337, -0.148722; 0.000000, 0.000000, 1.000000]; 
proj_mat{187}=[1.000041, -0.000078, 0.055445; 0.000050, 1.000221, -0.112119; 0.000000, 0.000000, 1.000000]; 
proj_mat{188}=[0.999995, 0.000039, 0.012237; 0.000029, 1.000040, -0.041335; 0.000000, -0.000000, 1.000000]; 
proj_mat{189}=[0.999990, 0.000067, -0.030516; 0.000014, 1.000004, -0.011524; 0.000000, -0.000000, 1.000000]; 
proj_mat{190}=[1.000170, 0.000232, -0.133855; 0.000025, 1.000234, -0.049162; 0.000000, 0.000000, 1.000000]; 
proj_mat{191}=[1.000059, 0.000154, -0.084984; 0.000017, 1.000076, -0.028643; 0.000000, 0.000000, 1.000000]; 
proj_mat{192}=[1.000068, 0.000092, -0.088066; 0.000050, 1.000074, -0.069450; 0.000000, -0.000000, 1.000000]; 
proj_mat{193}=[1.000089, 0.000014, -0.096546; 0.000052, 1.000006, -0.058255; 0.000000, -0.000000, 1.000000]; 
proj_mat{194}=[0.999820, -0.000103, 0.053198; -0.000005, 0.999807, 0.019264; -0.000000, -0.000000, 1.000000]; 
proj_mat{195}=[0.999989, 0.000013, -0.009459; 0.000029, 1.000033, -0.040287; -0.000000, -0.000000, 1.000000]; 
proj_mat{196}=[0.999932, -0.000013, 0.025634; 0.000010, 0.999985, -0.024276; -0.000000, -0.000000, 1.000000]; 
proj_mat{197}=[0.999896, 0.000031, 0.024657; -0.000019, 0.999946, 0.014687; -0.000000, -0.000000, 1.000000]; 
proj_mat{198}=[0.999998, 0.000139, -0.051283; -0.000017, 1.000041, 0.019838; -0.000000, 0.000000, 1.000000]; 
proj_mat{199}=[1.000089, 0.000113, -0.063938; 0.000018, 1.000120, -0.018517; 0.000000, 0.000000, 1.000000]; 
proj_mat{200}=[0.999822, -0.000085, 0.078818; -0.000005, 0.999886, 0.003270; -0.000000, -0.000000, 1.000000]; 
proj_mat{201}=[0.999857, -0.000108, 0.078294; 0.000002, 0.999977, -0.026128; -0.000000, -0.000000, 1.000000]; 
proj_mat{202}=[0.999747, -0.000188, 0.165395; -0.000024, 0.999909, 0.015534; -0.000000, -0.000000, 1.000000]; 
proj_mat{203}=[0.999895, -0.000060, 0.048199; -0.000001, 1.000021, -0.012193; -0.000000, -0.000000, 1.000000]; 
proj_mat{204}=[1.000181, 0.000091, -0.089967; 0.000061, 1.000300, -0.144544; 0.000000, 0.000000, 1.000000]; 
proj_mat{205}=[1.000167, -0.000036, -0.019884; 0.000043, 1.000152, -0.245378; 0.000000, 0.000000, 1.000000]; 
proj_mat{206}=[1.000148, -0.000037, -0.011256; 0.000055, 1.000123, -0.110899; 0.000000, 0.000000, 1.000000]; 
proj_mat{207}=[1.000408, 0.000234, -0.170029; 0.000089, 1.000181, 0.018201; 0.000000, 0.000000, 1.000000]; 
proj_mat{208}=[1.000275, 0.000142, -0.140009; 0.000056, 1.000416, -0.143864; 0.000000, 0.000000, 1.000000]; 
proj_mat{209}=[0.999997, -0.000132, 0.038729; -0.000026, 0.999759, 0.117830; 0.000000, -0.000000, 1.000000]; 
proj_mat{210}=[1.000091, 0.000097, -0.029619; -0.000011, 1.000075, 0.070063; 0.000000, 0.000000, 1.000000]; 
proj_mat{211}=[1.000054, 0.000048, 0.002744; 0.000017, 0.999932, 0.104955; 0.000000, 0.000000, 1.000000]; 
proj_mat{212}=[0.999944, 0.000128, -0.049761; -0.000029, 1.000031, 0.001756; -0.000000, -0.000000, 1.000000]; 
proj_mat{213}=[0.999869, 0.000009, 0.028738; -0.000095, 0.999673, 0.186511; -0.000000, -0.000000, 1.000000]; 
proj_mat{214}=[0.999745, 0.000015, 0.096447; -0.000069, 0.999880, 0.080081; -0.000000, -0.000000, 1.000000]; 
proj_mat{215}=[0.999711, -0.000193, 0.160780; -0.000068, 0.999636, 0.097014; -0.000000, -0.000000, 1.000000]; 
proj_mat{216}=[1.000039, 0.000137, -0.072832; 0.000023, 1.000124, -0.047689; -0.000000, 0.000000, 1.000000]; 
proj_mat{217}=[0.999924, -0.000045, 0.030494; -0.000007, 0.999835, 0.061027; -0.000000, -0.000000, 1.000000]; 
proj_mat{218}=[1.000252, 0.000238, -0.166691; 0.000056, 1.000335, -0.113503; 0.000000, 0.000000, 1.000000]; 
proj_mat{219}=[1.000234, 0.000222, -0.162354; 0.000029, 1.000262, -0.069530; 0.000000, 0.000000, 1.000000]; 
proj_mat{220}=[1.000050, 0.000075, -0.035377; -0.000005, 1.000047, 0.019948; 0.000000, 0.000000, 1.000000]; 
proj_mat{221}=[1.000078, 0.000077, -0.060648; 0.000006, 1.000134, -0.048296; 0.000000, 0.000000, 1.000000]; 
proj_mat{222}=[0.999875, -0.000151, 0.068279; -0.000034, 0.999889, -0.029685; -0.000000, -0.000000, 1.000000]; 
proj_mat{223}=[0.999793, -0.000236, 0.115962; -0.000068, 0.999731, -0.027544; -0.000000, -0.000000, 1.000000]; 
proj_mat{224}=[0.999736, -0.000132, 0.052632; -0.000099, 0.999589, 0.118118; -0.000000, -0.000000, 1.000000]; 
proj_mat{225}=[0.999781, -0.000173, 0.063349; -0.000049, 0.999621, 0.128117; -0.000000, -0.000000, 1.000000]; 
proj_mat{226}=[0.999865, -0.000238, 0.124801; -0.000006, 0.999822, 0.058548; -0.000000, -0.000000, 1.000000]; 
proj_mat{227}=[1.000280, 0.000076, -0.103195; 0.000068, 1.000296, -0.096553; 0.000000, 0.000000, 1.000000]; 
proj_mat{228}=[1.000229, 0.000116, -0.108926; 0.000050, 1.000219, -0.044207; 0.000000, 0.000000, 1.000000]; 
proj_mat{229}=[1.000259, 0.000099, -0.140417; 0.000033, 1.000288, -0.061506; 0.000000, 0.000000, 1.000000]; 
proj_mat{230}=[1.000228, 0.000076, -0.111224; 0.000061, 1.000220, -0.070675; 0.000000, 0.000000, 1.000000]; 
proj_mat{231}=[1.000199, 0.000091, -0.091153; 0.000072, 1.000249, -0.098999; 0.000000, 0.000000, 1.000000]; 
proj_mat{232}=[1.000001, -0.000068, 0.053545; 0.000038, 1.000136, -0.068242; -0.000000, 0.000000, 1.000000]; 
proj_mat{233}=[0.999960, -0.000106, 0.114224; 0.000023, 1.000127, -0.053917; -0.000000, 0.000000, 1.000000]; 
proj_mat{234}=[0.999836, -0.000122, 0.143176; -0.000021, 0.999942, 0.040762; -0.000000, -0.000000, 1.000000]; 
proj_mat{235}=[0.999957, -0.000083, 0.099346; 0.000011, 1.000099, -0.010728; -0.000000, 0.000000, 1.000000]; 
